Synthesizing design: aes_decryption.sv
dc_shell-t -x "source -echo do_mapping.tcl"
                                        
                           Design Compiler Graphical 
                                 DC Ultra (TM)
                                  DFTMAX (TM)
                              Power Compiler (TM)
                                 DesignWare (R)
                                 DC Expert (TM)
                               Design Vision (TM)
                               HDL Compiler (TM)
                               VHDL Compiler (TM)
                                  DFT Compiler
                               Design Compiler(R)
                                        
               Version K-2015.06-SP1 for linux64 - Jul 21, 2015 
                                        
                    Copyright (c) 1988 - 2015 Synopsys, Inc.
   This software and the associated documentation are proprietary to Synopsys,
 Inc. This software may only be used in accordance with the terms and conditions
 of a written license agreement with Synopsys, Inc. All other use, reproduction,
            or distribution of this software is strictly prohibited.
Initializing...
Initializing gui preferences from file  /home/ecegrid/a/mg85/.synopsys_dv_prefs.tcl
# Step 1:  Read in the source file
analyze -format sverilog -lib WORK { aes_decryption.sv}
Running PRESTO HDLC
Compiling source file ./source/aes_decryption.sv
Presto compilation completed successfully.
Loading db file '/package/eda/cells/OSU/v2.7/synopsys/lib/ami05/osu05_stdcells.db'
Loading db file '/package/eda/synopsys/syn-K-2015.06-SP1/libraries/syn/dw_foundation.sldb'
elaborate aes_decryption -lib WORK
Loading db file '/package/eda/synopsys/syn-K-2015.06-SP1/libraries/syn/gtech.db'
Loading db file '/package/eda/synopsys/syn-K-2015.06-SP1/libraries/syn/standard.sldb'
  Loading link library 'osu05_stdcells'
  Loading link library 'gtech'
Running PRESTO HDLC

Inferred memory devices in process
	in routine aes_decryption line 51 in file
		'./source/aes_decryption.sv'.
=================================================================================
|     Register Name     |   Type    | Width | Bus | MB | AR | AS | SR | SS | ST |
=================================================================================
| round_block_0_1_Z_reg | Flip-flop |  128  |  Y  | N  | Y  | N  | N  | N  | N  |
|  round_state_0_Z_reg  | Flip-flop |   5   |  Y  | N  | Y  | N  | N  | N  | N  |
=================================================================================

Inferred memory devices in process
	in routine aes_decryption line 116 in file
		'./source/aes_decryption.sv'.
===============================================================================
|    Register Name    |   Type    | Width | Bus | MB | AR | AS | SR | SS | ST |
===============================================================================
|     block_C_reg     | Flip-flop |  128  |  Y  | N  | Y  | N  | N  | N  | N  |
|     block_A_reg     | Flip-flop |  128  |  Y  | N  | Y  | N  | N  | N  | N  |
|     block_B_reg     | Flip-flop |  128  |  Y  | N  | Y  | N  | N  | N  | N  |
===============================================================================

Inferred memory devices in process
	in routine aes_decryption line 138 in file
		'./source/aes_decryption.sv'.
===============================================================================
|    Register Name    |   Type    | Width | Bus | MB | AR | AS | SR | SS | ST |
===============================================================================
|     state_C_reg     | Flip-flop |   5   |  Y  | N  | Y  | N  | N  | N  | N  |
|     state_A_reg     | Flip-flop |   5   |  Y  | N  | Y  | N  | N  | N  | N  |
|     state_B_reg     | Flip-flop |   5   |  Y  | N  | Y  | N  | N  | N  | N  |
===============================================================================
Presto compilation completed successfully.
Elaborated 1 design.
Current design is now 'aes_decryption'.
Information: Building the design 'data_block_select'. (HDL-193)
Presto compilation completed successfully.
Information: Building the design 'xor_init'. (HDL-193)
Presto compilation completed successfully.
Information: Building the design 'inv_shift_rows'. (HDL-193)
Presto compilation completed successfully.
Information: Building the design 'inv_sub_bytes'. (HDL-193)
Presto compilation completed successfully.
Information: Building the design 'round_key_adder'. (HDL-193)
Presto compilation completed successfully.
Information: Building the design 'inv_mix_columns'. (HDL-193)
Presto compilation completed successfully.
Information: Building the design 'incriment_state'. (HDL-193)
Presto compilation completed successfully.
Information: Building the design 'inv_s_box_lookup'. (HDL-193)

Statistics for case statements in always block at line 14 in file
	'./source/inv_s_box_lookup.sv'
===============================================
|           Line           |  full/ parallel  |
===============================================
|            15            |    auto/auto     |
===============================================
Presto compilation completed successfully.
Information: Building the design 'mix_columns_byte'. (HDL-193)
Presto compilation completed successfully.
uniquify
Information: Uniquified 16 instances of design 'inv_s_box_lookup'. (OPT-1056)
Information: Uniquified 16 instances of design 'mix_columns_byte'. (OPT-1056)
# Step 2: Set design constraints
# Uncomment below to set timing, area, power, etc. constraints
# set_max_delay <delay> -from "<input>" -to "<output>"
# set_max_area <area>
# set_max_total_power <power> mW
create_clock "clk" -name "clk" -period 5.0
# Step 3: Compile the design
#compile -map_effort high -incremental_mapping
compile -map_effort medium
Information: Checking out the license 'DesignWare'. (SEC-104)
Information: Evaluating DesignWare library utilization. (UISN-27)

============================================================================
| DesignWare Building Block Library  |         Version         | Available |
============================================================================
| Basic DW Building Blocks           | K-2015.06-DWBB_201506.1 |     *     |
| Licensed DW Building Blocks        | K-2015.06-DWBB_201506.1 |     *     |
============================================================================


Information: There are 419 potential problems in your design. Please run 'check_design' for more information. (LINT-99)



  Beginning Pass 1 Mapping
  ------------------------
  Processing 'incriment_state'
Information: Added key list 'DesignWare' to design 'incriment_state'. (DDB-72)
  Processing 'mix_columns_byte_0'
  Processing 'inv_mix_columns'
  Processing 'round_key_adder'
  Processing 'inv_s_box_lookup_0'
  Processing 'inv_sub_bytes'
  Processing 'inv_shift_rows'
  Processing 'xor_init'
  Processing 'data_block_select'
  Processing 'aes_decryption'

  Updating timing information
Information: Updating design information... (UID-85)

  Beginning Mapping Optimizations  (Medium effort)
  -------------------------------

                                  TOTAL                                      
   ELAPSED            WORST NEG   SETUP    DESIGN                            
    TIME      AREA      SLACK     COST    RULE COST         ENDPOINT         
  --------- --------- --------- --------- --------- -------------------------
    0:00:09 5755194.0      0.00       0.0       1.1                          
    0:00:09 5755194.0      0.00       0.0       1.1                          
    0:00:09 5755194.0      0.00       0.0       1.1                          
    0:00:09 5755194.0      0.00       0.0       1.1                          
    0:00:10 5755194.0      0.00       0.0       1.1                          
    0:00:10 5537898.0      0.00       0.0       1.1                          
    0:00:11 5537682.0      0.00       0.0       1.1                          
    0:00:11 5537682.0      0.00       0.0       1.1                          
    0:00:11 5537682.0      0.00       0.0       1.1                          
    0:00:11 5537682.0      0.00       0.0       1.1                          
    0:00:11 5537682.0      0.00       0.0       1.1                          
    0:00:12 5541138.0      0.00       0.0       0.0                          
    0:00:12 5541138.0      0.00       0.0       0.0                          
    0:00:12 5541138.0      0.00       0.0       0.0                          
    0:00:12 5541138.0      0.00       0.0       0.0                          



  Beginning Delay Optimization Phase
  ----------------------------------

                                  TOTAL                                      
   ELAPSED            WORST NEG   SETUP    DESIGN                            
    TIME      AREA      SLACK     COST    RULE COST         ENDPOINT         
  --------- --------- --------- --------- --------- -------------------------
    0:00:12 5541138.0      0.00       0.0       0.0                          
    0:00:12 5541138.0      0.00       0.0       0.0                          
    0:00:12 5541138.0      0.00       0.0       0.0                          


  Beginning Area-Recovery Phase  (cleanup)
  -----------------------------

                                  TOTAL                                      
   ELAPSED            WORST NEG   SETUP    DESIGN                            
    TIME      AREA      SLACK     COST    RULE COST         ENDPOINT         
  --------- --------- --------- --------- --------- -------------------------
    0:00:12 5541138.0      0.00       0.0       0.0                          
    0:00:12 5541138.0      0.00       0.0       0.0                          
    0:00:13 5508738.0      0.00       0.0       0.0                          
    0:00:13 5486418.0      0.00       0.0       0.0                          
    0:00:13 5476770.0      0.00       0.0       0.0                          
    0:00:14 5469282.0      0.00       0.0       0.0                          
    0:00:14 5468850.0      0.00       0.0       0.0                          
    0:00:14 5468850.0      0.00       0.0       0.0                          
    0:00:14 5468850.0      0.00       0.0       0.0                          
    0:00:14 5468850.0      0.00       0.0       0.0                          
    0:00:14 5468850.0      0.00       0.0       0.0                          
    0:00:14 5468850.0      0.00       0.0       0.0                          
    0:00:14 5468850.0      0.00       0.0       0.0                          
    0:00:14 5468850.0      0.00       0.0       0.0                          
    0:00:14 5468850.0      0.00       0.0       0.0                          
Loading db file '/package/eda/cells/OSU/v2.7/synopsys/lib/ami05/osu05_stdcells.db'


Note: Symbol # after min delay cost means estimated hold TNS across all active scenarios 


  Optimization Complete
  ---------------------
Warning: Design 'aes_decryption' contains 1 high-fanout nets. A fanout number of 1000 will be used for delay calculations involving these nets. (TIM-134)
     Net 'INV_MIX_COLUMNS/MC_B1/i_coeff[0]': 1336 load(s), 1 driver(s)
# Step 4: Output reports
report_timing -path full -delay max -max_paths 1 -nworst 1 > reports/aes_decryption.rep
report_area >> reports/aes_decryption.rep
report_power -hier >> reports/aes_decryption.rep
# Step 5: Output final VHDL and Verilog files
write_file -format verilog -hierarchy -output "mapped/aes_decryption.v"
Writing verilog file '/home/ecegrid/a/mg85/ece337/337Project/mapped/aes_decryption.v'.
Warning: Verilog 'assign' or 'tran' statements are written out. (VO-4)
echo "\nScript Done\n"

Script Done

echo "\nChecking Design\n"

Checking Design

check_design
 
****************************************
check_design summary:
Version:     K-2015.06-SP1
Date:        Tue Apr 25 20:32:09 2017
****************************************

                   Name                                            Total
--------------------------------------------------------------------------------
Inputs/Outputs                                                    131
    Unconnected ports (LINT-28)                                     2
    Feedthrough (LINT-29)                                         128
    Shorted outputs (LINT-31)                                       1

Cells                                                             288
    Connected to power or ground (LINT-32)                        256
    Nets connected to multiple pins on same cell (LINT-33)         32
--------------------------------------------------------------------------------

Warning: In design 'xor_init', port 'i_round_state[4]' is not connected to any nets. (LINT-28)
Warning: In design 'inv_mix_columns', port 'i_state[4]' is not connected to any nets. (LINT-28)
Warning: In design 'inv_shift_rows', input port 'i_data[127]' is connected directly to output port 'o_data[127]'. (LINT-29)
Warning: In design 'inv_shift_rows', input port 'i_data[126]' is connected directly to output port 'o_data[126]'. (LINT-29)
Warning: In design 'inv_shift_rows', input port 'i_data[125]' is connected directly to output port 'o_data[125]'. (LINT-29)
Warning: In design 'inv_shift_rows', input port 'i_data[124]' is connected directly to output port 'o_data[124]'. (LINT-29)
Warning: In design 'inv_shift_rows', input port 'i_data[123]' is connected directly to output port 'o_data[123]'. (LINT-29)
Warning: In design 'inv_shift_rows', input port 'i_data[122]' is connected directly to output port 'o_data[122]'. (LINT-29)
Warning: In design 'inv_shift_rows', input port 'i_data[121]' is connected directly to output port 'o_data[121]'. (LINT-29)
Warning: In design 'inv_shift_rows', input port 'i_data[120]' is connected directly to output port 'o_data[120]'. (LINT-29)
Warning: In design 'inv_shift_rows', input port 'i_data[119]' is connected directly to output port 'o_data[87]'. (LINT-29)
Warning: In design 'inv_shift_rows', input port 'i_data[118]' is connected directly to output port 'o_data[86]'. (LINT-29)
Warning: In design 'inv_shift_rows', input port 'i_data[117]' is connected directly to output port 'o_data[85]'. (LINT-29)
Warning: In design 'inv_shift_rows', input port 'i_data[116]' is connected directly to output port 'o_data[84]'. (LINT-29)
Warning: In design 'inv_shift_rows', input port 'i_data[115]' is connected directly to output port 'o_data[83]'. (LINT-29)
Warning: In design 'inv_shift_rows', input port 'i_data[114]' is connected directly to output port 'o_data[82]'. (LINT-29)
Warning: In design 'inv_shift_rows', input port 'i_data[113]' is connected directly to output port 'o_data[81]'. (LINT-29)
Warning: In design 'inv_shift_rows', input port 'i_data[112]' is connected directly to output port 'o_data[80]'. (LINT-29)
Warning: In design 'inv_shift_rows', input port 'i_data[111]' is connected directly to output port 'o_data[47]'. (LINT-29)
Warning: In design 'inv_shift_rows', input port 'i_data[110]' is connected directly to output port 'o_data[46]'. (LINT-29)
Warning: In design 'inv_shift_rows', input port 'i_data[109]' is connected directly to output port 'o_data[45]'. (LINT-29)
Warning: In design 'inv_shift_rows', input port 'i_data[108]' is connected directly to output port 'o_data[44]'. (LINT-29)
Warning: In design 'inv_shift_rows', input port 'i_data[107]' is connected directly to output port 'o_data[43]'. (LINT-29)
Warning: In design 'inv_shift_rows', input port 'i_data[106]' is connected directly to output port 'o_data[42]'. (LINT-29)
Warning: In design 'inv_shift_rows', input port 'i_data[105]' is connected directly to output port 'o_data[41]'. (LINT-29)
Warning: In design 'inv_shift_rows', input port 'i_data[104]' is connected directly to output port 'o_data[40]'. (LINT-29)
Warning: In design 'inv_shift_rows', input port 'i_data[103]' is connected directly to output port 'o_data[7]'. (LINT-29)
Warning: In design 'inv_shift_rows', input port 'i_data[102]' is connected directly to output port 'o_data[6]'. (LINT-29)
Warning: In design 'inv_shift_rows', input port 'i_data[101]' is connected directly to output port 'o_data[5]'. (LINT-29)
Warning: In design 'inv_shift_rows', input port 'i_data[100]' is connected directly to output port 'o_data[4]'. (LINT-29)
Warning: In design 'inv_shift_rows', input port 'i_data[99]' is connected directly to output port 'o_data[3]'. (LINT-29)
Warning: In design 'inv_shift_rows', input port 'i_data[98]' is connected directly to output port 'o_data[2]'. (LINT-29)
Warning: In design 'inv_shift_rows', input port 'i_data[97]' is connected directly to output port 'o_data[1]'. (LINT-29)
Warning: In design 'inv_shift_rows', input port 'i_data[96]' is connected directly to output port 'o_data[0]'. (LINT-29)
Warning: In design 'inv_shift_rows', input port 'i_data[95]' is connected directly to output port 'o_data[95]'. (LINT-29)
Warning: In design 'inv_shift_rows', input port 'i_data[94]' is connected directly to output port 'o_data[94]'. (LINT-29)
Warning: In design 'inv_shift_rows', input port 'i_data[93]' is connected directly to output port 'o_data[93]'. (LINT-29)
Warning: In design 'inv_shift_rows', input port 'i_data[92]' is connected directly to output port 'o_data[92]'. (LINT-29)
Warning: In design 'inv_shift_rows', input port 'i_data[91]' is connected directly to output port 'o_data[91]'. (LINT-29)
Warning: In design 'inv_shift_rows', input port 'i_data[90]' is connected directly to output port 'o_data[90]'. (LINT-29)
Warning: In design 'inv_shift_rows', input port 'i_data[89]' is connected directly to output port 'o_data[89]'. (LINT-29)
Warning: In design 'inv_shift_rows', input port 'i_data[88]' is connected directly to output port 'o_data[88]'. (LINT-29)
Warning: In design 'inv_shift_rows', input port 'i_data[87]' is connected directly to output port 'o_data[55]'. (LINT-29)
Warning: In design 'inv_shift_rows', input port 'i_data[86]' is connected directly to output port 'o_data[54]'. (LINT-29)
Warning: In design 'inv_shift_rows', input port 'i_data[85]' is connected directly to output port 'o_data[53]'. (LINT-29)
Warning: In design 'inv_shift_rows', input port 'i_data[84]' is connected directly to output port 'o_data[52]'. (LINT-29)
Warning: In design 'inv_shift_rows', input port 'i_data[83]' is connected directly to output port 'o_data[51]'. (LINT-29)
Warning: In design 'inv_shift_rows', input port 'i_data[82]' is connected directly to output port 'o_data[50]'. (LINT-29)
Warning: In design 'inv_shift_rows', input port 'i_data[81]' is connected directly to output port 'o_data[49]'. (LINT-29)
Warning: In design 'inv_shift_rows', input port 'i_data[80]' is connected directly to output port 'o_data[48]'. (LINT-29)
Warning: In design 'inv_shift_rows', input port 'i_data[79]' is connected directly to output port 'o_data[15]'. (LINT-29)
Warning: In design 'inv_shift_rows', input port 'i_data[78]' is connected directly to output port 'o_data[14]'. (LINT-29)
Warning: In design 'inv_shift_rows', input port 'i_data[77]' is connected directly to output port 'o_data[13]'. (LINT-29)
Warning: In design 'inv_shift_rows', input port 'i_data[76]' is connected directly to output port 'o_data[12]'. (LINT-29)
Warning: In design 'inv_shift_rows', input port 'i_data[75]' is connected directly to output port 'o_data[11]'. (LINT-29)
Warning: In design 'inv_shift_rows', input port 'i_data[74]' is connected directly to output port 'o_data[10]'. (LINT-29)
Warning: In design 'inv_shift_rows', input port 'i_data[73]' is connected directly to output port 'o_data[9]'. (LINT-29)
Warning: In design 'inv_shift_rows', input port 'i_data[72]' is connected directly to output port 'o_data[8]'. (LINT-29)
Warning: In design 'inv_shift_rows', input port 'i_data[71]' is connected directly to output port 'o_data[103]'. (LINT-29)
Warning: In design 'inv_shift_rows', input port 'i_data[70]' is connected directly to output port 'o_data[102]'. (LINT-29)
Warning: In design 'inv_shift_rows', input port 'i_data[69]' is connected directly to output port 'o_data[101]'. (LINT-29)
Warning: In design 'inv_shift_rows', input port 'i_data[68]' is connected directly to output port 'o_data[100]'. (LINT-29)
Warning: In design 'inv_shift_rows', input port 'i_data[67]' is connected directly to output port 'o_data[99]'. (LINT-29)
Warning: In design 'inv_shift_rows', input port 'i_data[66]' is connected directly to output port 'o_data[98]'. (LINT-29)
Warning: In design 'inv_shift_rows', input port 'i_data[65]' is connected directly to output port 'o_data[97]'. (LINT-29)
Warning: In design 'inv_shift_rows', input port 'i_data[64]' is connected directly to output port 'o_data[96]'. (LINT-29)
Warning: In design 'inv_shift_rows', input port 'i_data[63]' is connected directly to output port 'o_data[63]'. (LINT-29)
Warning: In design 'inv_shift_rows', input port 'i_data[62]' is connected directly to output port 'o_data[62]'. (LINT-29)
Warning: In design 'inv_shift_rows', input port 'i_data[61]' is connected directly to output port 'o_data[61]'. (LINT-29)
Warning: In design 'inv_shift_rows', input port 'i_data[60]' is connected directly to output port 'o_data[60]'. (LINT-29)
Warning: In design 'inv_shift_rows', input port 'i_data[59]' is connected directly to output port 'o_data[59]'. (LINT-29)
Warning: In design 'inv_shift_rows', input port 'i_data[58]' is connected directly to output port 'o_data[58]'. (LINT-29)
Warning: In design 'inv_shift_rows', input port 'i_data[57]' is connected directly to output port 'o_data[57]'. (LINT-29)
Warning: In design 'inv_shift_rows', input port 'i_data[56]' is connected directly to output port 'o_data[56]'. (LINT-29)
Warning: In design 'inv_shift_rows', input port 'i_data[55]' is connected directly to output port 'o_data[23]'. (LINT-29)
Warning: In design 'inv_shift_rows', input port 'i_data[54]' is connected directly to output port 'o_data[22]'. (LINT-29)
Warning: In design 'inv_shift_rows', input port 'i_data[53]' is connected directly to output port 'o_data[21]'. (LINT-29)
Warning: In design 'inv_shift_rows', input port 'i_data[52]' is connected directly to output port 'o_data[20]'. (LINT-29)
Warning: In design 'inv_shift_rows', input port 'i_data[51]' is connected directly to output port 'o_data[19]'. (LINT-29)
Warning: In design 'inv_shift_rows', input port 'i_data[50]' is connected directly to output port 'o_data[18]'. (LINT-29)
Warning: In design 'inv_shift_rows', input port 'i_data[49]' is connected directly to output port 'o_data[17]'. (LINT-29)
Warning: In design 'inv_shift_rows', input port 'i_data[48]' is connected directly to output port 'o_data[16]'. (LINT-29)
Warning: In design 'inv_shift_rows', input port 'i_data[47]' is connected directly to output port 'o_data[111]'. (LINT-29)
Warning: In design 'inv_shift_rows', input port 'i_data[46]' is connected directly to output port 'o_data[110]'. (LINT-29)
Warning: In design 'inv_shift_rows', input port 'i_data[45]' is connected directly to output port 'o_data[109]'. (LINT-29)
Warning: In design 'inv_shift_rows', input port 'i_data[44]' is connected directly to output port 'o_data[108]'. (LINT-29)
Warning: In design 'inv_shift_rows', input port 'i_data[43]' is connected directly to output port 'o_data[107]'. (LINT-29)
Warning: In design 'inv_shift_rows', input port 'i_data[42]' is connected directly to output port 'o_data[106]'. (LINT-29)
Warning: In design 'inv_shift_rows', input port 'i_data[41]' is connected directly to output port 'o_data[105]'. (LINT-29)
Warning: In design 'inv_shift_rows', input port 'i_data[40]' is connected directly to output port 'o_data[104]'. (LINT-29)
Warning: In design 'inv_shift_rows', input port 'i_data[39]' is connected directly to output port 'o_data[71]'. (LINT-29)
Warning: In design 'inv_shift_rows', input port 'i_data[38]' is connected directly to output port 'o_data[70]'. (LINT-29)
Warning: In design 'inv_shift_rows', input port 'i_data[37]' is connected directly to output port 'o_data[69]'. (LINT-29)
Warning: In design 'inv_shift_rows', input port 'i_data[36]' is connected directly to output port 'o_data[68]'. (LINT-29)
Warning: In design 'inv_shift_rows', input port 'i_data[35]' is connected directly to output port 'o_data[67]'. (LINT-29)
Warning: In design 'inv_shift_rows', input port 'i_data[34]' is connected directly to output port 'o_data[66]'. (LINT-29)
Warning: In design 'inv_shift_rows', input port 'i_data[33]' is connected directly to output port 'o_data[65]'. (LINT-29)
Warning: In design 'inv_shift_rows', input port 'i_data[32]' is connected directly to output port 'o_data[64]'. (LINT-29)
Warning: In design 'inv_shift_rows', input port 'i_data[31]' is connected directly to output port 'o_data[31]'. (LINT-29)
Warning: In design 'inv_shift_rows', input port 'i_data[30]' is connected directly to output port 'o_data[30]'. (LINT-29)
Warning: In design 'inv_shift_rows', input port 'i_data[29]' is connected directly to output port 'o_data[29]'. (LINT-29)
Warning: In design 'inv_shift_rows', input port 'i_data[28]' is connected directly to output port 'o_data[28]'. (LINT-29)
Warning: In design 'inv_shift_rows', input port 'i_data[27]' is connected directly to output port 'o_data[27]'. (LINT-29)
Warning: In design 'inv_shift_rows', input port 'i_data[26]' is connected directly to output port 'o_data[26]'. (LINT-29)
Warning: In design 'inv_shift_rows', input port 'i_data[25]' is connected directly to output port 'o_data[25]'. (LINT-29)
Warning: In design 'inv_shift_rows', input port 'i_data[24]' is connected directly to output port 'o_data[24]'. (LINT-29)
Warning: In design 'inv_shift_rows', input port 'i_data[23]' is connected directly to output port 'o_data[119]'. (LINT-29)
Warning: In design 'inv_shift_rows', input port 'i_data[22]' is connected directly to output port 'o_data[118]'. (LINT-29)
Warning: In design 'inv_shift_rows', input port 'i_data[21]' is connected directly to output port 'o_data[117]'. (LINT-29)
Warning: In design 'inv_shift_rows', input port 'i_data[20]' is connected directly to output port 'o_data[116]'. (LINT-29)
Warning: In design 'inv_shift_rows', input port 'i_data[19]' is connected directly to output port 'o_data[115]'. (LINT-29)
Warning: In design 'inv_shift_rows', input port 'i_data[18]' is connected directly to output port 'o_data[114]'. (LINT-29)
Warning: In design 'inv_shift_rows', input port 'i_data[17]' is connected directly to output port 'o_data[113]'. (LINT-29)
Warning: In design 'inv_shift_rows', input port 'i_data[16]' is connected directly to output port 'o_data[112]'. (LINT-29)
Warning: In design 'inv_shift_rows', input port 'i_data[15]' is connected directly to output port 'o_data[79]'. (LINT-29)
Warning: In design 'inv_shift_rows', input port 'i_data[14]' is connected directly to output port 'o_data[78]'. (LINT-29)
Warning: In design 'inv_shift_rows', input port 'i_data[13]' is connected directly to output port 'o_data[77]'. (LINT-29)
Warning: In design 'inv_shift_rows', input port 'i_data[12]' is connected directly to output port 'o_data[76]'. (LINT-29)
Warning: In design 'inv_shift_rows', input port 'i_data[11]' is connected directly to output port 'o_data[75]'. (LINT-29)
Warning: In design 'inv_shift_rows', input port 'i_data[10]' is connected directly to output port 'o_data[74]'. (LINT-29)
Warning: In design 'inv_shift_rows', input port 'i_data[9]' is connected directly to output port 'o_data[73]'. (LINT-29)
Warning: In design 'inv_shift_rows', input port 'i_data[8]' is connected directly to output port 'o_data[72]'. (LINT-29)
Warning: In design 'inv_shift_rows', input port 'i_data[7]' is connected directly to output port 'o_data[39]'. (LINT-29)
Warning: In design 'inv_shift_rows', input port 'i_data[6]' is connected directly to output port 'o_data[38]'. (LINT-29)
Warning: In design 'inv_shift_rows', input port 'i_data[5]' is connected directly to output port 'o_data[37]'. (LINT-29)
Warning: In design 'inv_shift_rows', input port 'i_data[4]' is connected directly to output port 'o_data[36]'. (LINT-29)
Warning: In design 'inv_shift_rows', input port 'i_data[3]' is connected directly to output port 'o_data[35]'. (LINT-29)
Warning: In design 'inv_shift_rows', input port 'i_data[2]' is connected directly to output port 'o_data[34]'. (LINT-29)
Warning: In design 'inv_shift_rows', input port 'i_data[1]' is connected directly to output port 'o_data[33]'. (LINT-29)
Warning: In design 'inv_shift_rows', input port 'i_data[0]' is connected directly to output port 'o_data[32]'. (LINT-29)
Warning: In design 'aes_decryption', output port 'data_output[4]' is connected directly to output port 'data_valid'. (LINT-31)
Warning: In design 'inv_mix_columns', a pin on submodule 'MC_B0' is connected to logic 1 or logic 0. (LINT-32)
   Pin 'i_coeff[15]' is connected to logic 1. 
Warning: In design 'inv_mix_columns', a pin on submodule 'MC_B0' is connected to logic 1 or logic 0. (LINT-32)
   Pin 'i_coeff[14]' is connected to logic 1. 
Warning: In design 'inv_mix_columns', a pin on submodule 'MC_B0' is connected to logic 1 or logic 0. (LINT-32)
   Pin 'i_coeff[13]' is connected to logic 1. 
Warning: In design 'inv_mix_columns', a pin on submodule 'MC_B0' is connected to logic 1 or logic 0. (LINT-32)
   Pin 'i_coeff[12]' is connected to logic 0. 
Warning: In design 'inv_mix_columns', a pin on submodule 'MC_B0' is connected to logic 1 or logic 0. (LINT-32)
   Pin 'i_coeff[11]' is connected to logic 1. 
Warning: In design 'inv_mix_columns', a pin on submodule 'MC_B0' is connected to logic 1 or logic 0. (LINT-32)
   Pin 'i_coeff[10]' is connected to logic 0. 
Warning: In design 'inv_mix_columns', a pin on submodule 'MC_B0' is connected to logic 1 or logic 0. (LINT-32)
   Pin 'i_coeff[9]' is connected to logic 1. 
Warning: In design 'inv_mix_columns', a pin on submodule 'MC_B0' is connected to logic 1 or logic 0. (LINT-32)
   Pin 'i_coeff[8]' is connected to logic 1. 
Warning: In design 'inv_mix_columns', a pin on submodule 'MC_B0' is connected to logic 1 or logic 0. (LINT-32)
   Pin 'i_coeff[7]' is connected to logic 1. 
Warning: In design 'inv_mix_columns', a pin on submodule 'MC_B0' is connected to logic 1 or logic 0. (LINT-32)
   Pin 'i_coeff[6]' is connected to logic 1. 
Warning: In design 'inv_mix_columns', a pin on submodule 'MC_B0' is connected to logic 1 or logic 0. (LINT-32)
   Pin 'i_coeff[5]' is connected to logic 0. 
Warning: In design 'inv_mix_columns', a pin on submodule 'MC_B0' is connected to logic 1 or logic 0. (LINT-32)
   Pin 'i_coeff[4]' is connected to logic 1. 
Warning: In design 'inv_mix_columns', a pin on submodule 'MC_B0' is connected to logic 1 or logic 0. (LINT-32)
   Pin 'i_coeff[3]' is connected to logic 1. 
Warning: In design 'inv_mix_columns', a pin on submodule 'MC_B0' is connected to logic 1 or logic 0. (LINT-32)
   Pin 'i_coeff[2]' is connected to logic 0. 
Warning: In design 'inv_mix_columns', a pin on submodule 'MC_B0' is connected to logic 1 or logic 0. (LINT-32)
   Pin 'i_coeff[1]' is connected to logic 0. 
Warning: In design 'inv_mix_columns', a pin on submodule 'MC_B0' is connected to logic 1 or logic 0. (LINT-32)
   Pin 'i_coeff[0]' is connected to logic 1. 
Warning: In design 'inv_mix_columns', a pin on submodule 'MC_B1' is connected to logic 1 or logic 0. (LINT-32)
   Pin 'i_coeff[15]' is connected to logic 1. 
Warning: In design 'inv_mix_columns', a pin on submodule 'MC_B1' is connected to logic 1 or logic 0. (LINT-32)
   Pin 'i_coeff[14]' is connected to logic 1. 
Warning: In design 'inv_mix_columns', a pin on submodule 'MC_B1' is connected to logic 1 or logic 0. (LINT-32)
   Pin 'i_coeff[13]' is connected to logic 1. 
Warning: In design 'inv_mix_columns', a pin on submodule 'MC_B1' is connected to logic 1 or logic 0. (LINT-32)
   Pin 'i_coeff[12]' is connected to logic 0. 
Warning: In design 'inv_mix_columns', a pin on submodule 'MC_B1' is connected to logic 1 or logic 0. (LINT-32)
   Pin 'i_coeff[11]' is connected to logic 1. 
Warning: In design 'inv_mix_columns', a pin on submodule 'MC_B1' is connected to logic 1 or logic 0. (LINT-32)
   Pin 'i_coeff[10]' is connected to logic 0. 
Warning: In design 'inv_mix_columns', a pin on submodule 'MC_B1' is connected to logic 1 or logic 0. (LINT-32)
   Pin 'i_coeff[9]' is connected to logic 1. 
Warning: In design 'inv_mix_columns', a pin on submodule 'MC_B1' is connected to logic 1 or logic 0. (LINT-32)
   Pin 'i_coeff[8]' is connected to logic 1. 
Warning: In design 'inv_mix_columns', a pin on submodule 'MC_B1' is connected to logic 1 or logic 0. (LINT-32)
   Pin 'i_coeff[7]' is connected to logic 1. 
Warning: In design 'inv_mix_columns', a pin on submodule 'MC_B1' is connected to logic 1 or logic 0. (LINT-32)
   Pin 'i_coeff[6]' is connected to logic 1. 
Warning: In design 'inv_mix_columns', a pin on submodule 'MC_B1' is connected to logic 1 or logic 0. (LINT-32)
   Pin 'i_coeff[5]' is connected to logic 0. 
Warning: In design 'inv_mix_columns', a pin on submodule 'MC_B1' is connected to logic 1 or logic 0. (LINT-32)
   Pin 'i_coeff[4]' is connected to logic 1. 
Warning: In design 'inv_mix_columns', a pin on submodule 'MC_B1' is connected to logic 1 or logic 0. (LINT-32)
   Pin 'i_coeff[3]' is connected to logic 1. 
Warning: In design 'inv_mix_columns', a pin on submodule 'MC_B1' is connected to logic 1 or logic 0. (LINT-32)
   Pin 'i_coeff[2]' is connected to logic 0. 
Warning: In design 'inv_mix_columns', a pin on submodule 'MC_B1' is connected to logic 1 or logic 0. (LINT-32)
   Pin 'i_coeff[1]' is connected to logic 0. 
Warning: In design 'inv_mix_columns', a pin on submodule 'MC_B1' is connected to logic 1 or logic 0. (LINT-32)
   Pin 'i_coeff[0]' is connected to logic 1. 
Warning: In design 'inv_mix_columns', a pin on submodule 'MC_B2' is connected to logic 1 or logic 0. (LINT-32)
   Pin 'i_coeff[15]' is connected to logic 1. 
Warning: In design 'inv_mix_columns', a pin on submodule 'MC_B2' is connected to logic 1 or logic 0. (LINT-32)
   Pin 'i_coeff[14]' is connected to logic 1. 
Warning: In design 'inv_mix_columns', a pin on submodule 'MC_B2' is connected to logic 1 or logic 0. (LINT-32)
   Pin 'i_coeff[13]' is connected to logic 1. 
Warning: In design 'inv_mix_columns', a pin on submodule 'MC_B2' is connected to logic 1 or logic 0. (LINT-32)
   Pin 'i_coeff[12]' is connected to logic 0. 
Warning: In design 'inv_mix_columns', a pin on submodule 'MC_B2' is connected to logic 1 or logic 0. (LINT-32)
   Pin 'i_coeff[11]' is connected to logic 1. 
Warning: In design 'inv_mix_columns', a pin on submodule 'MC_B2' is connected to logic 1 or logic 0. (LINT-32)
   Pin 'i_coeff[10]' is connected to logic 0. 
Warning: In design 'inv_mix_columns', a pin on submodule 'MC_B2' is connected to logic 1 or logic 0. (LINT-32)
   Pin 'i_coeff[9]' is connected to logic 1. 
Warning: In design 'inv_mix_columns', a pin on submodule 'MC_B2' is connected to logic 1 or logic 0. (LINT-32)
   Pin 'i_coeff[8]' is connected to logic 1. 
Warning: In design 'inv_mix_columns', a pin on submodule 'MC_B2' is connected to logic 1 or logic 0. (LINT-32)
   Pin 'i_coeff[7]' is connected to logic 1. 
Warning: In design 'inv_mix_columns', a pin on submodule 'MC_B2' is connected to logic 1 or logic 0. (LINT-32)
   Pin 'i_coeff[6]' is connected to logic 1. 
Warning: In design 'inv_mix_columns', a pin on submodule 'MC_B2' is connected to logic 1 or logic 0. (LINT-32)
   Pin 'i_coeff[5]' is connected to logic 0. 
Warning: In design 'inv_mix_columns', a pin on submodule 'MC_B2' is connected to logic 1 or logic 0. (LINT-32)
   Pin 'i_coeff[4]' is connected to logic 1. 
Warning: In design 'inv_mix_columns', a pin on submodule 'MC_B2' is connected to logic 1 or logic 0. (LINT-32)
   Pin 'i_coeff[3]' is connected to logic 1. 
Warning: In design 'inv_mix_columns', a pin on submodule 'MC_B2' is connected to logic 1 or logic 0. (LINT-32)
   Pin 'i_coeff[2]' is connected to logic 0. 
Warning: In design 'inv_mix_columns', a pin on submodule 'MC_B2' is connected to logic 1 or logic 0. (LINT-32)
   Pin 'i_coeff[1]' is connected to logic 0. 
Warning: In design 'inv_mix_columns', a pin on submodule 'MC_B2' is connected to logic 1 or logic 0. (LINT-32)
   Pin 'i_coeff[0]' is connected to logic 1. 
Warning: In design 'inv_mix_columns', a pin on submodule 'MC_B3' is connected to logic 1 or logic 0. (LINT-32)
   Pin 'i_coeff[15]' is connected to logic 1. 
Warning: In design 'inv_mix_columns', a pin on submodule 'MC_B3' is connected to logic 1 or logic 0. (LINT-32)
   Pin 'i_coeff[14]' is connected to logic 1. 
Warning: In design 'inv_mix_columns', a pin on submodule 'MC_B3' is connected to logic 1 or logic 0. (LINT-32)
   Pin 'i_coeff[13]' is connected to logic 1. 
Warning: In design 'inv_mix_columns', a pin on submodule 'MC_B3' is connected to logic 1 or logic 0. (LINT-32)
   Pin 'i_coeff[12]' is connected to logic 0. 
Warning: In design 'inv_mix_columns', a pin on submodule 'MC_B3' is connected to logic 1 or logic 0. (LINT-32)
   Pin 'i_coeff[11]' is connected to logic 1. 
Warning: In design 'inv_mix_columns', a pin on submodule 'MC_B3' is connected to logic 1 or logic 0. (LINT-32)
   Pin 'i_coeff[10]' is connected to logic 0. 
Warning: In design 'inv_mix_columns', a pin on submodule 'MC_B3' is connected to logic 1 or logic 0. (LINT-32)
   Pin 'i_coeff[9]' is connected to logic 1. 
Warning: In design 'inv_mix_columns', a pin on submodule 'MC_B3' is connected to logic 1 or logic 0. (LINT-32)
   Pin 'i_coeff[8]' is connected to logic 1. 
Warning: In design 'inv_mix_columns', a pin on submodule 'MC_B3' is connected to logic 1 or logic 0. (LINT-32)
   Pin 'i_coeff[7]' is connected to logic 1. 
Warning: In design 'inv_mix_columns', a pin on submodule 'MC_B3' is connected to logic 1 or logic 0. (LINT-32)
   Pin 'i_coeff[6]' is connected to logic 1. 
Warning: In design 'inv_mix_columns', a pin on submodule 'MC_B3' is connected to logic 1 or logic 0. (LINT-32)
   Pin 'i_coeff[5]' is connected to logic 0. 
Warning: In design 'inv_mix_columns', a pin on submodule 'MC_B3' is connected to logic 1 or logic 0. (LINT-32)
   Pin 'i_coeff[4]' is connected to logic 1. 
Warning: In design 'inv_mix_columns', a pin on submodule 'MC_B3' is connected to logic 1 or logic 0. (LINT-32)
   Pin 'i_coeff[3]' is connected to logic 1. 
Warning: In design 'inv_mix_columns', a pin on submodule 'MC_B3' is connected to logic 1 or logic 0. (LINT-32)
   Pin 'i_coeff[2]' is connected to logic 0. 
Warning: In design 'inv_mix_columns', a pin on submodule 'MC_B3' is connected to logic 1 or logic 0. (LINT-32)
   Pin 'i_coeff[1]' is connected to logic 0. 
Warning: In design 'inv_mix_columns', a pin on submodule 'MC_B3' is connected to logic 1 or logic 0. (LINT-32)
   Pin 'i_coeff[0]' is connected to logic 1. 
Warning: In design 'inv_mix_columns', a pin on submodule 'MC_B4' is connected to logic 1 or logic 0. (LINT-32)
   Pin 'i_coeff[15]' is connected to logic 1. 
Warning: In design 'inv_mix_columns', a pin on submodule 'MC_B4' is connected to logic 1 or logic 0. (LINT-32)
   Pin 'i_coeff[14]' is connected to logic 0. 
Warning: In design 'inv_mix_columns', a pin on submodule 'MC_B4' is connected to logic 1 or logic 0. (LINT-32)
   Pin 'i_coeff[13]' is connected to logic 0. 
Warning: In design 'inv_mix_columns', a pin on submodule 'MC_B4' is connected to logic 1 or logic 0. (LINT-32)
   Pin 'i_coeff[12]' is connected to logic 1. 
Warning: In design 'inv_mix_columns', a pin on submodule 'MC_B4' is connected to logic 1 or logic 0. (LINT-32)
   Pin 'i_coeff[11]' is connected to logic 1. 
Warning: In design 'inv_mix_columns', a pin on submodule 'MC_B4' is connected to logic 1 or logic 0. (LINT-32)
   Pin 'i_coeff[10]' is connected to logic 1. 
Warning: In design 'inv_mix_columns', a pin on submodule 'MC_B4' is connected to logic 1 or logic 0. (LINT-32)
   Pin 'i_coeff[9]' is connected to logic 1. 
Warning: In design 'inv_mix_columns', a pin on submodule 'MC_B4' is connected to logic 1 or logic 0. (LINT-32)
   Pin 'i_coeff[8]' is connected to logic 0. 
Warning: In design 'inv_mix_columns', a pin on submodule 'MC_B4' is connected to logic 1 or logic 0. (LINT-32)
   Pin 'i_coeff[7]' is connected to logic 1. 
Warning: In design 'inv_mix_columns', a pin on submodule 'MC_B4' is connected to logic 1 or logic 0. (LINT-32)
   Pin 'i_coeff[6]' is connected to logic 0. 
Warning: In design 'inv_mix_columns', a pin on submodule 'MC_B4' is connected to logic 1 or logic 0. (LINT-32)
   Pin 'i_coeff[5]' is connected to logic 1. 
Warning: In design 'inv_mix_columns', a pin on submodule 'MC_B4' is connected to logic 1 or logic 0. (LINT-32)
   Pin 'i_coeff[4]' is connected to logic 1. 
Warning: In design 'inv_mix_columns', a pin on submodule 'MC_B4' is connected to logic 1 or logic 0. (LINT-32)
   Pin 'i_coeff[3]' is connected to logic 1. 
Warning: In design 'inv_mix_columns', a pin on submodule 'MC_B4' is connected to logic 1 or logic 0. (LINT-32)
   Pin 'i_coeff[2]' is connected to logic 1. 
Warning: In design 'inv_mix_columns', a pin on submodule 'MC_B4' is connected to logic 1 or logic 0. (LINT-32)
   Pin 'i_coeff[1]' is connected to logic 0. 
Warning: In design 'inv_mix_columns', a pin on submodule 'MC_B4' is connected to logic 1 or logic 0. (LINT-32)
   Pin 'i_coeff[0]' is connected to logic 1. 
Warning: In design 'inv_mix_columns', a pin on submodule 'MC_B5' is connected to logic 1 or logic 0. (LINT-32)
   Pin 'i_coeff[15]' is connected to logic 1. 
Warning: In design 'inv_mix_columns', a pin on submodule 'MC_B5' is connected to logic 1 or logic 0. (LINT-32)
   Pin 'i_coeff[14]' is connected to logic 0. 
Warning: In design 'inv_mix_columns', a pin on submodule 'MC_B5' is connected to logic 1 or logic 0. (LINT-32)
   Pin 'i_coeff[13]' is connected to logic 0. 
Warning: In design 'inv_mix_columns', a pin on submodule 'MC_B5' is connected to logic 1 or logic 0. (LINT-32)
   Pin 'i_coeff[12]' is connected to logic 1. 
Warning: In design 'inv_mix_columns', a pin on submodule 'MC_B5' is connected to logic 1 or logic 0. (LINT-32)
   Pin 'i_coeff[11]' is connected to logic 1. 
Warning: In design 'inv_mix_columns', a pin on submodule 'MC_B5' is connected to logic 1 or logic 0. (LINT-32)
   Pin 'i_coeff[10]' is connected to logic 1. 
Warning: In design 'inv_mix_columns', a pin on submodule 'MC_B5' is connected to logic 1 or logic 0. (LINT-32)
   Pin 'i_coeff[9]' is connected to logic 1. 
Warning: In design 'inv_mix_columns', a pin on submodule 'MC_B5' is connected to logic 1 or logic 0. (LINT-32)
   Pin 'i_coeff[8]' is connected to logic 0. 
Warning: In design 'inv_mix_columns', a pin on submodule 'MC_B5' is connected to logic 1 or logic 0. (LINT-32)
   Pin 'i_coeff[7]' is connected to logic 1. 
Warning: In design 'inv_mix_columns', a pin on submodule 'MC_B5' is connected to logic 1 or logic 0. (LINT-32)
   Pin 'i_coeff[6]' is connected to logic 0. 
Warning: In design 'inv_mix_columns', a pin on submodule 'MC_B5' is connected to logic 1 or logic 0. (LINT-32)
   Pin 'i_coeff[5]' is connected to logic 1. 
Warning: In design 'inv_mix_columns', a pin on submodule 'MC_B5' is connected to logic 1 or logic 0. (LINT-32)
   Pin 'i_coeff[4]' is connected to logic 1. 
Warning: In design 'inv_mix_columns', a pin on submodule 'MC_B5' is connected to logic 1 or logic 0. (LINT-32)
   Pin 'i_coeff[3]' is connected to logic 1. 
Warning: In design 'inv_mix_columns', a pin on submodule 'MC_B5' is connected to logic 1 or logic 0. (LINT-32)
   Pin 'i_coeff[2]' is connected to logic 1. 
Warning: In design 'inv_mix_columns', a pin on submodule 'MC_B5' is connected to logic 1 or logic 0. (LINT-32)
   Pin 'i_coeff[1]' is connected to logic 0. 
Warning: In design 'inv_mix_columns', a pin on submodule 'MC_B5' is connected to logic 1 or logic 0. (LINT-32)
   Pin 'i_coeff[0]' is connected to logic 1. 
Warning: In design 'inv_mix_columns', a pin on submodule 'MC_B6' is connected to logic 1 or logic 0. (LINT-32)
   Pin 'i_coeff[15]' is connected to logic 1. 
Warning: In design 'inv_mix_columns', a pin on submodule 'MC_B6' is connected to logic 1 or logic 0. (LINT-32)
   Pin 'i_coeff[14]' is connected to logic 0. 
Warning: In design 'inv_mix_columns', a pin on submodule 'MC_B6' is connected to logic 1 or logic 0. (LINT-32)
   Pin 'i_coeff[13]' is connected to logic 0. 
Warning: In design 'inv_mix_columns', a pin on submodule 'MC_B6' is connected to logic 1 or logic 0. (LINT-32)
   Pin 'i_coeff[12]' is connected to logic 1. 
Warning: In design 'inv_mix_columns', a pin on submodule 'MC_B6' is connected to logic 1 or logic 0. (LINT-32)
   Pin 'i_coeff[11]' is connected to logic 1. 
Warning: In design 'inv_mix_columns', a pin on submodule 'MC_B6' is connected to logic 1 or logic 0. (LINT-32)
   Pin 'i_coeff[10]' is connected to logic 1. 
Warning: In design 'inv_mix_columns', a pin on submodule 'MC_B6' is connected to logic 1 or logic 0. (LINT-32)
   Pin 'i_coeff[9]' is connected to logic 1. 
Warning: In design 'inv_mix_columns', a pin on submodule 'MC_B6' is connected to logic 1 or logic 0. (LINT-32)
   Pin 'i_coeff[8]' is connected to logic 0. 
Warning: In design 'inv_mix_columns', a pin on submodule 'MC_B6' is connected to logic 1 or logic 0. (LINT-32)
   Pin 'i_coeff[7]' is connected to logic 1. 
Warning: In design 'inv_mix_columns', a pin on submodule 'MC_B6' is connected to logic 1 or logic 0. (LINT-32)
   Pin 'i_coeff[6]' is connected to logic 0. 
Warning: In design 'inv_mix_columns', a pin on submodule 'MC_B6' is connected to logic 1 or logic 0. (LINT-32)
   Pin 'i_coeff[5]' is connected to logic 1. 
Warning: In design 'inv_mix_columns', a pin on submodule 'MC_B6' is connected to logic 1 or logic 0. (LINT-32)
   Pin 'i_coeff[4]' is connected to logic 1. 
Warning: In design 'inv_mix_columns', a pin on submodule 'MC_B6' is connected to logic 1 or logic 0. (LINT-32)
   Pin 'i_coeff[3]' is connected to logic 1. 
Warning: In design 'inv_mix_columns', a pin on submodule 'MC_B6' is connected to logic 1 or logic 0. (LINT-32)
   Pin 'i_coeff[2]' is connected to logic 1. 
Warning: In design 'inv_mix_columns', a pin on submodule 'MC_B6' is connected to logic 1 or logic 0. (LINT-32)
   Pin 'i_coeff[1]' is connected to logic 0. 
Warning: In design 'inv_mix_columns', a pin on submodule 'MC_B6' is connected to logic 1 or logic 0. (LINT-32)
   Pin 'i_coeff[0]' is connected to logic 1. 
Warning: In design 'inv_mix_columns', a pin on submodule 'MC_B7' is connected to logic 1 or logic 0. (LINT-32)
   Pin 'i_coeff[15]' is connected to logic 1. 
Warning: In design 'inv_mix_columns', a pin on submodule 'MC_B7' is connected to logic 1 or logic 0. (LINT-32)
   Pin 'i_coeff[14]' is connected to logic 0. 
Warning: In design 'inv_mix_columns', a pin on submodule 'MC_B7' is connected to logic 1 or logic 0. (LINT-32)
   Pin 'i_coeff[13]' is connected to logic 0. 
Warning: In design 'inv_mix_columns', a pin on submodule 'MC_B7' is connected to logic 1 or logic 0. (LINT-32)
   Pin 'i_coeff[12]' is connected to logic 1. 
Warning: In design 'inv_mix_columns', a pin on submodule 'MC_B7' is connected to logic 1 or logic 0. (LINT-32)
   Pin 'i_coeff[11]' is connected to logic 1. 
Warning: In design 'inv_mix_columns', a pin on submodule 'MC_B7' is connected to logic 1 or logic 0. (LINT-32)
   Pin 'i_coeff[10]' is connected to logic 1. 
Warning: In design 'inv_mix_columns', a pin on submodule 'MC_B7' is connected to logic 1 or logic 0. (LINT-32)
   Pin 'i_coeff[9]' is connected to logic 1. 
Warning: In design 'inv_mix_columns', a pin on submodule 'MC_B7' is connected to logic 1 or logic 0. (LINT-32)
   Pin 'i_coeff[8]' is connected to logic 0. 
Warning: In design 'inv_mix_columns', a pin on submodule 'MC_B7' is connected to logic 1 or logic 0. (LINT-32)
   Pin 'i_coeff[7]' is connected to logic 1. 
Warning: In design 'inv_mix_columns', a pin on submodule 'MC_B7' is connected to logic 1 or logic 0. (LINT-32)
   Pin 'i_coeff[6]' is connected to logic 0. 
Warning: In design 'inv_mix_columns', a pin on submodule 'MC_B7' is connected to logic 1 or logic 0. (LINT-32)
   Pin 'i_coeff[5]' is connected to logic 1. 
Warning: In design 'inv_mix_columns', a pin on submodule 'MC_B7' is connected to logic 1 or logic 0. (LINT-32)
   Pin 'i_coeff[4]' is connected to logic 1. 
Warning: In design 'inv_mix_columns', a pin on submodule 'MC_B7' is connected to logic 1 or logic 0. (LINT-32)
   Pin 'i_coeff[3]' is connected to logic 1. 
Warning: In design 'inv_mix_columns', a pin on submodule 'MC_B7' is connected to logic 1 or logic 0. (LINT-32)
   Pin 'i_coeff[2]' is connected to logic 1. 
Warning: In design 'inv_mix_columns', a pin on submodule 'MC_B7' is connected to logic 1 or logic 0. (LINT-32)
   Pin 'i_coeff[1]' is connected to logic 0. 
Warning: In design 'inv_mix_columns', a pin on submodule 'MC_B7' is connected to logic 1 or logic 0. (LINT-32)
   Pin 'i_coeff[0]' is connected to logic 1. 
Warning: In design 'inv_mix_columns', a pin on submodule 'MC_B8' is connected to logic 1 or logic 0. (LINT-32)
   Pin 'i_coeff[15]' is connected to logic 1. 
Warning: In design 'inv_mix_columns', a pin on submodule 'MC_B8' is connected to logic 1 or logic 0. (LINT-32)
   Pin 'i_coeff[14]' is connected to logic 1. 
Warning: In design 'inv_mix_columns', a pin on submodule 'MC_B8' is connected to logic 1 or logic 0. (LINT-32)
   Pin 'i_coeff[13]' is connected to logic 0. 
Warning: In design 'inv_mix_columns', a pin on submodule 'MC_B8' is connected to logic 1 or logic 0. (LINT-32)
   Pin 'i_coeff[12]' is connected to logic 1. 
Warning: In design 'inv_mix_columns', a pin on submodule 'MC_B8' is connected to logic 1 or logic 0. (LINT-32)
   Pin 'i_coeff[11]' is connected to logic 1. 
Warning: In design 'inv_mix_columns', a pin on submodule 'MC_B8' is connected to logic 1 or logic 0. (LINT-32)
   Pin 'i_coeff[10]' is connected to logic 0. 
Warning: In design 'inv_mix_columns', a pin on submodule 'MC_B8' is connected to logic 1 or logic 0. (LINT-32)
   Pin 'i_coeff[9]' is connected to logic 0. 
Warning: In design 'inv_mix_columns', a pin on submodule 'MC_B8' is connected to logic 1 or logic 0. (LINT-32)
   Pin 'i_coeff[8]' is connected to logic 1. 
Warning: In design 'inv_mix_columns', a pin on submodule 'MC_B8' is connected to logic 1 or logic 0. (LINT-32)
   Pin 'i_coeff[7]' is connected to logic 1. 
Warning: In design 'inv_mix_columns', a pin on submodule 'MC_B8' is connected to logic 1 or logic 0. (LINT-32)
   Pin 'i_coeff[6]' is connected to logic 1. 
Warning: In design 'inv_mix_columns', a pin on submodule 'MC_B8' is connected to logic 1 or logic 0. (LINT-32)
   Pin 'i_coeff[5]' is connected to logic 1. 
Warning: In design 'inv_mix_columns', a pin on submodule 'MC_B8' is connected to logic 1 or logic 0. (LINT-32)
   Pin 'i_coeff[4]' is connected to logic 0. 
Warning: In design 'inv_mix_columns', a pin on submodule 'MC_B8' is connected to logic 1 or logic 0. (LINT-32)
   Pin 'i_coeff[3]' is connected to logic 1. 
Warning: In design 'inv_mix_columns', a pin on submodule 'MC_B8' is connected to logic 1 or logic 0. (LINT-32)
   Pin 'i_coeff[2]' is connected to logic 0. 
Warning: In design 'inv_mix_columns', a pin on submodule 'MC_B8' is connected to logic 1 or logic 0. (LINT-32)
   Pin 'i_coeff[1]' is connected to logic 1. 
Warning: In design 'inv_mix_columns', a pin on submodule 'MC_B8' is connected to logic 1 or logic 0. (LINT-32)
   Pin 'i_coeff[0]' is connected to logic 1. 
Warning: In design 'inv_mix_columns', a pin on submodule 'MC_B9' is connected to logic 1 or logic 0. (LINT-32)
   Pin 'i_coeff[15]' is connected to logic 1. 
Warning: In design 'inv_mix_columns', a pin on submodule 'MC_B9' is connected to logic 1 or logic 0. (LINT-32)
   Pin 'i_coeff[14]' is connected to logic 1. 
Warning: In design 'inv_mix_columns', a pin on submodule 'MC_B9' is connected to logic 1 or logic 0. (LINT-32)
   Pin 'i_coeff[13]' is connected to logic 0. 
Warning: In design 'inv_mix_columns', a pin on submodule 'MC_B9' is connected to logic 1 or logic 0. (LINT-32)
   Pin 'i_coeff[12]' is connected to logic 1. 
Warning: In design 'inv_mix_columns', a pin on submodule 'MC_B9' is connected to logic 1 or logic 0. (LINT-32)
   Pin 'i_coeff[11]' is connected to logic 1. 
Warning: In design 'inv_mix_columns', a pin on submodule 'MC_B9' is connected to logic 1 or logic 0. (LINT-32)
   Pin 'i_coeff[10]' is connected to logic 0. 
Warning: In design 'inv_mix_columns', a pin on submodule 'MC_B9' is connected to logic 1 or logic 0. (LINT-32)
   Pin 'i_coeff[9]' is connected to logic 0. 
Warning: In design 'inv_mix_columns', a pin on submodule 'MC_B9' is connected to logic 1 or logic 0. (LINT-32)
   Pin 'i_coeff[8]' is connected to logic 1. 
Warning: In design 'inv_mix_columns', a pin on submodule 'MC_B9' is connected to logic 1 or logic 0. (LINT-32)
   Pin 'i_coeff[7]' is connected to logic 1. 
Warning: In design 'inv_mix_columns', a pin on submodule 'MC_B9' is connected to logic 1 or logic 0. (LINT-32)
   Pin 'i_coeff[6]' is connected to logic 1. 
Warning: In design 'inv_mix_columns', a pin on submodule 'MC_B9' is connected to logic 1 or logic 0. (LINT-32)
   Pin 'i_coeff[5]' is connected to logic 1. 
Warning: In design 'inv_mix_columns', a pin on submodule 'MC_B9' is connected to logic 1 or logic 0. (LINT-32)
   Pin 'i_coeff[4]' is connected to logic 0. 
Warning: In design 'inv_mix_columns', a pin on submodule 'MC_B9' is connected to logic 1 or logic 0. (LINT-32)
   Pin 'i_coeff[3]' is connected to logic 1. 
Warning: In design 'inv_mix_columns', a pin on submodule 'MC_B9' is connected to logic 1 or logic 0. (LINT-32)
   Pin 'i_coeff[2]' is connected to logic 0. 
Warning: In design 'inv_mix_columns', a pin on submodule 'MC_B9' is connected to logic 1 or logic 0. (LINT-32)
   Pin 'i_coeff[1]' is connected to logic 1. 
Warning: In design 'inv_mix_columns', a pin on submodule 'MC_B9' is connected to logic 1 or logic 0. (LINT-32)
   Pin 'i_coeff[0]' is connected to logic 1. 
Warning: In design 'inv_mix_columns', a pin on submodule 'MC_B10' is connected to logic 1 or logic 0. (LINT-32)
   Pin 'i_coeff[15]' is connected to logic 1. 
Warning: In design 'inv_mix_columns', a pin on submodule 'MC_B10' is connected to logic 1 or logic 0. (LINT-32)
   Pin 'i_coeff[14]' is connected to logic 1. 
Warning: In design 'inv_mix_columns', a pin on submodule 'MC_B10' is connected to logic 1 or logic 0. (LINT-32)
   Pin 'i_coeff[13]' is connected to logic 0. 
Warning: In design 'inv_mix_columns', a pin on submodule 'MC_B10' is connected to logic 1 or logic 0. (LINT-32)
   Pin 'i_coeff[12]' is connected to logic 1. 
Warning: In design 'inv_mix_columns', a pin on submodule 'MC_B10' is connected to logic 1 or logic 0. (LINT-32)
   Pin 'i_coeff[11]' is connected to logic 1. 
Warning: In design 'inv_mix_columns', a pin on submodule 'MC_B10' is connected to logic 1 or logic 0. (LINT-32)
   Pin 'i_coeff[10]' is connected to logic 0. 
Warning: In design 'inv_mix_columns', a pin on submodule 'MC_B10' is connected to logic 1 or logic 0. (LINT-32)
   Pin 'i_coeff[9]' is connected to logic 0. 
Warning: In design 'inv_mix_columns', a pin on submodule 'MC_B10' is connected to logic 1 or logic 0. (LINT-32)
   Pin 'i_coeff[8]' is connected to logic 1. 
Warning: In design 'inv_mix_columns', a pin on submodule 'MC_B10' is connected to logic 1 or logic 0. (LINT-32)
   Pin 'i_coeff[7]' is connected to logic 1. 
Warning: In design 'inv_mix_columns', a pin on submodule 'MC_B10' is connected to logic 1 or logic 0. (LINT-32)
   Pin 'i_coeff[6]' is connected to logic 1. 
Warning: In design 'inv_mix_columns', a pin on submodule 'MC_B10' is connected to logic 1 or logic 0. (LINT-32)
   Pin 'i_coeff[5]' is connected to logic 1. 
Warning: In design 'inv_mix_columns', a pin on submodule 'MC_B10' is connected to logic 1 or logic 0. (LINT-32)
   Pin 'i_coeff[4]' is connected to logic 0. 
Warning: In design 'inv_mix_columns', a pin on submodule 'MC_B10' is connected to logic 1 or logic 0. (LINT-32)
   Pin 'i_coeff[3]' is connected to logic 1. 
Warning: In design 'inv_mix_columns', a pin on submodule 'MC_B10' is connected to logic 1 or logic 0. (LINT-32)
   Pin 'i_coeff[2]' is connected to logic 0. 
Warning: In design 'inv_mix_columns', a pin on submodule 'MC_B10' is connected to logic 1 or logic 0. (LINT-32)
   Pin 'i_coeff[1]' is connected to logic 1. 
Warning: In design 'inv_mix_columns', a pin on submodule 'MC_B10' is connected to logic 1 or logic 0. (LINT-32)
   Pin 'i_coeff[0]' is connected to logic 1. 
Warning: In design 'inv_mix_columns', a pin on submodule 'MC_B11' is connected to logic 1 or logic 0. (LINT-32)
   Pin 'i_coeff[15]' is connected to logic 1. 
Warning: In design 'inv_mix_columns', a pin on submodule 'MC_B11' is connected to logic 1 or logic 0. (LINT-32)
   Pin 'i_coeff[14]' is connected to logic 1. 
Warning: In design 'inv_mix_columns', a pin on submodule 'MC_B11' is connected to logic 1 or logic 0. (LINT-32)
   Pin 'i_coeff[13]' is connected to logic 0. 
Warning: In design 'inv_mix_columns', a pin on submodule 'MC_B11' is connected to logic 1 or logic 0. (LINT-32)
   Pin 'i_coeff[12]' is connected to logic 1. 
Warning: In design 'inv_mix_columns', a pin on submodule 'MC_B11' is connected to logic 1 or logic 0. (LINT-32)
   Pin 'i_coeff[11]' is connected to logic 1. 
Warning: In design 'inv_mix_columns', a pin on submodule 'MC_B11' is connected to logic 1 or logic 0. (LINT-32)
   Pin 'i_coeff[10]' is connected to logic 0. 
Warning: In design 'inv_mix_columns', a pin on submodule 'MC_B11' is connected to logic 1 or logic 0. (LINT-32)
   Pin 'i_coeff[9]' is connected to logic 0. 
Warning: In design 'inv_mix_columns', a pin on submodule 'MC_B11' is connected to logic 1 or logic 0. (LINT-32)
   Pin 'i_coeff[8]' is connected to logic 1. 
Warning: In design 'inv_mix_columns', a pin on submodule 'MC_B11' is connected to logic 1 or logic 0. (LINT-32)
   Pin 'i_coeff[7]' is connected to logic 1. 
Warning: In design 'inv_mix_columns', a pin on submodule 'MC_B11' is connected to logic 1 or logic 0. (LINT-32)
   Pin 'i_coeff[6]' is connected to logic 1. 
Warning: In design 'inv_mix_columns', a pin on submodule 'MC_B11' is connected to logic 1 or logic 0. (LINT-32)
   Pin 'i_coeff[5]' is connected to logic 1. 
Warning: In design 'inv_mix_columns', a pin on submodule 'MC_B11' is connected to logic 1 or logic 0. (LINT-32)
   Pin 'i_coeff[4]' is connected to logic 0. 
Warning: In design 'inv_mix_columns', a pin on submodule 'MC_B11' is connected to logic 1 or logic 0. (LINT-32)
   Pin 'i_coeff[3]' is connected to logic 1. 
Warning: In design 'inv_mix_columns', a pin on submodule 'MC_B11' is connected to logic 1 or logic 0. (LINT-32)
   Pin 'i_coeff[2]' is connected to logic 0. 
Warning: In design 'inv_mix_columns', a pin on submodule 'MC_B11' is connected to logic 1 or logic 0. (LINT-32)
   Pin 'i_coeff[1]' is connected to logic 1. 
Warning: In design 'inv_mix_columns', a pin on submodule 'MC_B11' is connected to logic 1 or logic 0. (LINT-32)
   Pin 'i_coeff[0]' is connected to logic 1. 
Warning: In design 'inv_mix_columns', a pin on submodule 'MC_B12' is connected to logic 1 or logic 0. (LINT-32)
   Pin 'i_coeff[15]' is connected to logic 1. 
Warning: In design 'inv_mix_columns', a pin on submodule 'MC_B12' is connected to logic 1 or logic 0. (LINT-32)
   Pin 'i_coeff[14]' is connected to logic 0. 
Warning: In design 'inv_mix_columns', a pin on submodule 'MC_B12' is connected to logic 1 or logic 0. (LINT-32)
   Pin 'i_coeff[13]' is connected to logic 1. 
Warning: In design 'inv_mix_columns', a pin on submodule 'MC_B12' is connected to logic 1 or logic 0. (LINT-32)
   Pin 'i_coeff[12]' is connected to logic 1. 
Warning: In design 'inv_mix_columns', a pin on submodule 'MC_B12' is connected to logic 1 or logic 0. (LINT-32)
   Pin 'i_coeff[11]' is connected to logic 1. 
Warning: In design 'inv_mix_columns', a pin on submodule 'MC_B12' is connected to logic 1 or logic 0. (LINT-32)
   Pin 'i_coeff[10]' is connected to logic 1. 
Warning: In design 'inv_mix_columns', a pin on submodule 'MC_B12' is connected to logic 1 or logic 0. (LINT-32)
   Pin 'i_coeff[9]' is connected to logic 0. 
Warning: In design 'inv_mix_columns', a pin on submodule 'MC_B12' is connected to logic 1 or logic 0. (LINT-32)
   Pin 'i_coeff[8]' is connected to logic 1. 
Warning: In design 'inv_mix_columns', a pin on submodule 'MC_B12' is connected to logic 1 or logic 0. (LINT-32)
   Pin 'i_coeff[7]' is connected to logic 1. 
Warning: In design 'inv_mix_columns', a pin on submodule 'MC_B12' is connected to logic 1 or logic 0. (LINT-32)
   Pin 'i_coeff[6]' is connected to logic 0. 
Warning: In design 'inv_mix_columns', a pin on submodule 'MC_B12' is connected to logic 1 or logic 0. (LINT-32)
   Pin 'i_coeff[5]' is connected to logic 0. 
Warning: In design 'inv_mix_columns', a pin on submodule 'MC_B12' is connected to logic 1 or logic 0. (LINT-32)
   Pin 'i_coeff[4]' is connected to logic 1. 
Warning: In design 'inv_mix_columns', a pin on submodule 'MC_B12' is connected to logic 1 or logic 0. (LINT-32)
   Pin 'i_coeff[3]' is connected to logic 1. 
Warning: In design 'inv_mix_columns', a pin on submodule 'MC_B12' is connected to logic 1 or logic 0. (LINT-32)
   Pin 'i_coeff[2]' is connected to logic 1. 
Warning: In design 'inv_mix_columns', a pin on submodule 'MC_B12' is connected to logic 1 or logic 0. (LINT-32)
   Pin 'i_coeff[1]' is connected to logic 1. 
Warning: In design 'inv_mix_columns', a pin on submodule 'MC_B12' is connected to logic 1 or logic 0. (LINT-32)
   Pin 'i_coeff[0]' is connected to logic 0. 
Warning: In design 'inv_mix_columns', a pin on submodule 'MC_B13' is connected to logic 1 or logic 0. (LINT-32)
   Pin 'i_coeff[15]' is connected to logic 1. 
Warning: In design 'inv_mix_columns', a pin on submodule 'MC_B13' is connected to logic 1 or logic 0. (LINT-32)
   Pin 'i_coeff[14]' is connected to logic 0. 
Warning: In design 'inv_mix_columns', a pin on submodule 'MC_B13' is connected to logic 1 or logic 0. (LINT-32)
   Pin 'i_coeff[13]' is connected to logic 1. 
Warning: In design 'inv_mix_columns', a pin on submodule 'MC_B13' is connected to logic 1 or logic 0. (LINT-32)
   Pin 'i_coeff[12]' is connected to logic 1. 
Warning: In design 'inv_mix_columns', a pin on submodule 'MC_B13' is connected to logic 1 or logic 0. (LINT-32)
   Pin 'i_coeff[11]' is connected to logic 1. 
Warning: In design 'inv_mix_columns', a pin on submodule 'MC_B13' is connected to logic 1 or logic 0. (LINT-32)
   Pin 'i_coeff[10]' is connected to logic 1. 
Warning: In design 'inv_mix_columns', a pin on submodule 'MC_B13' is connected to logic 1 or logic 0. (LINT-32)
   Pin 'i_coeff[9]' is connected to logic 0. 
Warning: In design 'inv_mix_columns', a pin on submodule 'MC_B13' is connected to logic 1 or logic 0. (LINT-32)
   Pin 'i_coeff[8]' is connected to logic 1. 
Warning: In design 'inv_mix_columns', a pin on submodule 'MC_B13' is connected to logic 1 or logic 0. (LINT-32)
   Pin 'i_coeff[7]' is connected to logic 1. 
Warning: In design 'inv_mix_columns', a pin on submodule 'MC_B13' is connected to logic 1 or logic 0. (LINT-32)
   Pin 'i_coeff[6]' is connected to logic 0. 
Warning: In design 'inv_mix_columns', a pin on submodule 'MC_B13' is connected to logic 1 or logic 0. (LINT-32)
   Pin 'i_coeff[5]' is connected to logic 0. 
Warning: In design 'inv_mix_columns', a pin on submodule 'MC_B13' is connected to logic 1 or logic 0. (LINT-32)
   Pin 'i_coeff[4]' is connected to logic 1. 
Warning: In design 'inv_mix_columns', a pin on submodule 'MC_B13' is connected to logic 1 or logic 0. (LINT-32)
   Pin 'i_coeff[3]' is connected to logic 1. 
Warning: In design 'inv_mix_columns', a pin on submodule 'MC_B13' is connected to logic 1 or logic 0. (LINT-32)
   Pin 'i_coeff[2]' is connected to logic 1. 
Warning: In design 'inv_mix_columns', a pin on submodule 'MC_B13' is connected to logic 1 or logic 0. (LINT-32)
   Pin 'i_coeff[1]' is connected to logic 1. 
Warning: In design 'inv_mix_columns', a pin on submodule 'MC_B13' is connected to logic 1 or logic 0. (LINT-32)
   Pin 'i_coeff[0]' is connected to logic 0. 
Warning: In design 'inv_mix_columns', a pin on submodule 'MC_B14' is connected to logic 1 or logic 0. (LINT-32)
   Pin 'i_coeff[15]' is connected to logic 1. 
Warning: In design 'inv_mix_columns', a pin on submodule 'MC_B14' is connected to logic 1 or logic 0. (LINT-32)
   Pin 'i_coeff[14]' is connected to logic 0. 
Warning: In design 'inv_mix_columns', a pin on submodule 'MC_B14' is connected to logic 1 or logic 0. (LINT-32)
   Pin 'i_coeff[13]' is connected to logic 1. 
Warning: In design 'inv_mix_columns', a pin on submodule 'MC_B14' is connected to logic 1 or logic 0. (LINT-32)
   Pin 'i_coeff[12]' is connected to logic 1. 
Warning: In design 'inv_mix_columns', a pin on submodule 'MC_B14' is connected to logic 1 or logic 0. (LINT-32)
   Pin 'i_coeff[11]' is connected to logic 1. 
Warning: In design 'inv_mix_columns', a pin on submodule 'MC_B14' is connected to logic 1 or logic 0. (LINT-32)
   Pin 'i_coeff[10]' is connected to logic 1. 
Warning: In design 'inv_mix_columns', a pin on submodule 'MC_B14' is connected to logic 1 or logic 0. (LINT-32)
   Pin 'i_coeff[9]' is connected to logic 0. 
Warning: In design 'inv_mix_columns', a pin on submodule 'MC_B14' is connected to logic 1 or logic 0. (LINT-32)
   Pin 'i_coeff[8]' is connected to logic 1. 
Warning: In design 'inv_mix_columns', a pin on submodule 'MC_B14' is connected to logic 1 or logic 0. (LINT-32)
   Pin 'i_coeff[7]' is connected to logic 1. 
Warning: In design 'inv_mix_columns', a pin on submodule 'MC_B14' is connected to logic 1 or logic 0. (LINT-32)
   Pin 'i_coeff[6]' is connected to logic 0. 
Warning: In design 'inv_mix_columns', a pin on submodule 'MC_B14' is connected to logic 1 or logic 0. (LINT-32)
   Pin 'i_coeff[5]' is connected to logic 0. 
Warning: In design 'inv_mix_columns', a pin on submodule 'MC_B14' is connected to logic 1 or logic 0. (LINT-32)
   Pin 'i_coeff[4]' is connected to logic 1. 
Warning: In design 'inv_mix_columns', a pin on submodule 'MC_B14' is connected to logic 1 or logic 0. (LINT-32)
   Pin 'i_coeff[3]' is connected to logic 1. 
Warning: In design 'inv_mix_columns', a pin on submodule 'MC_B14' is connected to logic 1 or logic 0. (LINT-32)
   Pin 'i_coeff[2]' is connected to logic 1. 
Warning: In design 'inv_mix_columns', a pin on submodule 'MC_B14' is connected to logic 1 or logic 0. (LINT-32)
   Pin 'i_coeff[1]' is connected to logic 1. 
Warning: In design 'inv_mix_columns', a pin on submodule 'MC_B14' is connected to logic 1 or logic 0. (LINT-32)
   Pin 'i_coeff[0]' is connected to logic 0. 
Warning: In design 'inv_mix_columns', a pin on submodule 'MC_B15' is connected to logic 1 or logic 0. (LINT-32)
   Pin 'i_coeff[15]' is connected to logic 1. 
Warning: In design 'inv_mix_columns', a pin on submodule 'MC_B15' is connected to logic 1 or logic 0. (LINT-32)
   Pin 'i_coeff[14]' is connected to logic 0. 
Warning: In design 'inv_mix_columns', a pin on submodule 'MC_B15' is connected to logic 1 or logic 0. (LINT-32)
   Pin 'i_coeff[13]' is connected to logic 1. 
Warning: In design 'inv_mix_columns', a pin on submodule 'MC_B15' is connected to logic 1 or logic 0. (LINT-32)
   Pin 'i_coeff[12]' is connected to logic 1. 
Warning: In design 'inv_mix_columns', a pin on submodule 'MC_B15' is connected to logic 1 or logic 0. (LINT-32)
   Pin 'i_coeff[11]' is connected to logic 1. 
Warning: In design 'inv_mix_columns', a pin on submodule 'MC_B15' is connected to logic 1 or logic 0. (LINT-32)
   Pin 'i_coeff[10]' is connected to logic 1. 
Warning: In design 'inv_mix_columns', a pin on submodule 'MC_B15' is connected to logic 1 or logic 0. (LINT-32)
   Pin 'i_coeff[9]' is connected to logic 0. 
Warning: In design 'inv_mix_columns', a pin on submodule 'MC_B15' is connected to logic 1 or logic 0. (LINT-32)
   Pin 'i_coeff[8]' is connected to logic 1. 
Warning: In design 'inv_mix_columns', a pin on submodule 'MC_B15' is connected to logic 1 or logic 0. (LINT-32)
   Pin 'i_coeff[7]' is connected to logic 1. 
Warning: In design 'inv_mix_columns', a pin on submodule 'MC_B15' is connected to logic 1 or logic 0. (LINT-32)
   Pin 'i_coeff[6]' is connected to logic 0. 
Warning: In design 'inv_mix_columns', a pin on submodule 'MC_B15' is connected to logic 1 or logic 0. (LINT-32)
   Pin 'i_coeff[5]' is connected to logic 0. 
Warning: In design 'inv_mix_columns', a pin on submodule 'MC_B15' is connected to logic 1 or logic 0. (LINT-32)
   Pin 'i_coeff[4]' is connected to logic 1. 
Warning: In design 'inv_mix_columns', a pin on submodule 'MC_B15' is connected to logic 1 or logic 0. (LINT-32)
   Pin 'i_coeff[3]' is connected to logic 1. 
Warning: In design 'inv_mix_columns', a pin on submodule 'MC_B15' is connected to logic 1 or logic 0. (LINT-32)
   Pin 'i_coeff[2]' is connected to logic 1. 
Warning: In design 'inv_mix_columns', a pin on submodule 'MC_B15' is connected to logic 1 or logic 0. (LINT-32)
   Pin 'i_coeff[1]' is connected to logic 1. 
Warning: In design 'inv_mix_columns', a pin on submodule 'MC_B15' is connected to logic 1 or logic 0. (LINT-32)
   Pin 'i_coeff[0]' is connected to logic 0. 
Warning: In design 'inv_mix_columns', the same net is connected to more than one pin on submodule 'MC_B0'. (LINT-33)
   Net '*Logic1*' is connected to pins 'i_coeff[15]', 'i_coeff[14]'', 'i_coeff[13]', 'i_coeff[11]', 'i_coeff[9]', 'i_coeff[8]', 'i_coeff[7]', 'i_coeff[6]', 'i_coeff[4]', 'i_coeff[3]', 'i_coeff[0]'.
Warning: In design 'inv_mix_columns', the same net is connected to more than one pin on submodule 'MC_B0'. (LINT-33)
   Net '*Logic0*' is connected to pins 'i_coeff[12]', 'i_coeff[10]'', 'i_coeff[5]', 'i_coeff[2]', 'i_coeff[1]'.
Warning: In design 'inv_mix_columns', the same net is connected to more than one pin on submodule 'MC_B1'. (LINT-33)
   Net '*Logic1*' is connected to pins 'i_coeff[15]', 'i_coeff[14]'', 'i_coeff[13]', 'i_coeff[11]', 'i_coeff[9]', 'i_coeff[8]', 'i_coeff[7]', 'i_coeff[6]', 'i_coeff[4]', 'i_coeff[3]', 'i_coeff[0]'.
Warning: In design 'inv_mix_columns', the same net is connected to more than one pin on submodule 'MC_B1'. (LINT-33)
   Net '*Logic0*' is connected to pins 'i_coeff[12]', 'i_coeff[10]'', 'i_coeff[5]', 'i_coeff[2]', 'i_coeff[1]'.
Warning: In design 'inv_mix_columns', the same net is connected to more than one pin on submodule 'MC_B2'. (LINT-33)
   Net '*Logic1*' is connected to pins 'i_coeff[15]', 'i_coeff[14]'', 'i_coeff[13]', 'i_coeff[11]', 'i_coeff[9]', 'i_coeff[8]', 'i_coeff[7]', 'i_coeff[6]', 'i_coeff[4]', 'i_coeff[3]', 'i_coeff[0]'.
Warning: In design 'inv_mix_columns', the same net is connected to more than one pin on submodule 'MC_B2'. (LINT-33)
   Net '*Logic0*' is connected to pins 'i_coeff[12]', 'i_coeff[10]'', 'i_coeff[5]', 'i_coeff[2]', 'i_coeff[1]'.
Warning: In design 'inv_mix_columns', the same net is connected to more than one pin on submodule 'MC_B3'. (LINT-33)
   Net '*Logic1*' is connected to pins 'i_coeff[15]', 'i_coeff[14]'', 'i_coeff[13]', 'i_coeff[11]', 'i_coeff[9]', 'i_coeff[8]', 'i_coeff[7]', 'i_coeff[6]', 'i_coeff[4]', 'i_coeff[3]', 'i_coeff[0]'.
Warning: In design 'inv_mix_columns', the same net is connected to more than one pin on submodule 'MC_B3'. (LINT-33)
   Net '*Logic0*' is connected to pins 'i_coeff[12]', 'i_coeff[10]'', 'i_coeff[5]', 'i_coeff[2]', 'i_coeff[1]'.
Warning: In design 'inv_mix_columns', the same net is connected to more than one pin on submodule 'MC_B4'. (LINT-33)
   Net '*Logic1*' is connected to pins 'i_coeff[15]', 'i_coeff[12]'', 'i_coeff[11]', 'i_coeff[10]', 'i_coeff[9]', 'i_coeff[7]', 'i_coeff[5]', 'i_coeff[4]', 'i_coeff[3]', 'i_coeff[2]', 'i_coeff[0]'.
Warning: In design 'inv_mix_columns', the same net is connected to more than one pin on submodule 'MC_B4'. (LINT-33)
   Net '*Logic0*' is connected to pins 'i_coeff[14]', 'i_coeff[13]'', 'i_coeff[8]', 'i_coeff[6]', 'i_coeff[1]'.
Warning: In design 'inv_mix_columns', the same net is connected to more than one pin on submodule 'MC_B5'. (LINT-33)
   Net '*Logic1*' is connected to pins 'i_coeff[15]', 'i_coeff[12]'', 'i_coeff[11]', 'i_coeff[10]', 'i_coeff[9]', 'i_coeff[7]', 'i_coeff[5]', 'i_coeff[4]', 'i_coeff[3]', 'i_coeff[2]', 'i_coeff[0]'.
Warning: In design 'inv_mix_columns', the same net is connected to more than one pin on submodule 'MC_B5'. (LINT-33)
   Net '*Logic0*' is connected to pins 'i_coeff[14]', 'i_coeff[13]'', 'i_coeff[8]', 'i_coeff[6]', 'i_coeff[1]'.
Warning: In design 'inv_mix_columns', the same net is connected to more than one pin on submodule 'MC_B6'. (LINT-33)
   Net '*Logic1*' is connected to pins 'i_coeff[15]', 'i_coeff[12]'', 'i_coeff[11]', 'i_coeff[10]', 'i_coeff[9]', 'i_coeff[7]', 'i_coeff[5]', 'i_coeff[4]', 'i_coeff[3]', 'i_coeff[2]', 'i_coeff[0]'.
Warning: In design 'inv_mix_columns', the same net is connected to more than one pin on submodule 'MC_B6'. (LINT-33)
   Net '*Logic0*' is connected to pins 'i_coeff[14]', 'i_coeff[13]'', 'i_coeff[8]', 'i_coeff[6]', 'i_coeff[1]'.
Warning: In design 'inv_mix_columns', the same net is connected to more than one pin on submodule 'MC_B7'. (LINT-33)
   Net '*Logic1*' is connected to pins 'i_coeff[15]', 'i_coeff[12]'', 'i_coeff[11]', 'i_coeff[10]', 'i_coeff[9]', 'i_coeff[7]', 'i_coeff[5]', 'i_coeff[4]', 'i_coeff[3]', 'i_coeff[2]', 'i_coeff[0]'.
Warning: In design 'inv_mix_columns', the same net is connected to more than one pin on submodule 'MC_B7'. (LINT-33)
   Net '*Logic0*' is connected to pins 'i_coeff[14]', 'i_coeff[13]'', 'i_coeff[8]', 'i_coeff[6]', 'i_coeff[1]'.
Warning: In design 'inv_mix_columns', the same net is connected to more than one pin on submodule 'MC_B8'. (LINT-33)
   Net '*Logic1*' is connected to pins 'i_coeff[15]', 'i_coeff[14]'', 'i_coeff[12]', 'i_coeff[11]', 'i_coeff[8]', 'i_coeff[7]', 'i_coeff[6]', 'i_coeff[5]', 'i_coeff[3]', 'i_coeff[1]', 'i_coeff[0]'.
Warning: In design 'inv_mix_columns', the same net is connected to more than one pin on submodule 'MC_B8'. (LINT-33)
   Net '*Logic0*' is connected to pins 'i_coeff[13]', 'i_coeff[10]'', 'i_coeff[9]', 'i_coeff[4]', 'i_coeff[2]'.
Warning: In design 'inv_mix_columns', the same net is connected to more than one pin on submodule 'MC_B9'. (LINT-33)
   Net '*Logic1*' is connected to pins 'i_coeff[15]', 'i_coeff[14]'', 'i_coeff[12]', 'i_coeff[11]', 'i_coeff[8]', 'i_coeff[7]', 'i_coeff[6]', 'i_coeff[5]', 'i_coeff[3]', 'i_coeff[1]', 'i_coeff[0]'.
Warning: In design 'inv_mix_columns', the same net is connected to more than one pin on submodule 'MC_B9'. (LINT-33)
   Net '*Logic0*' is connected to pins 'i_coeff[13]', 'i_coeff[10]'', 'i_coeff[9]', 'i_coeff[4]', 'i_coeff[2]'.
Warning: In design 'inv_mix_columns', the same net is connected to more than one pin on submodule 'MC_B10'. (LINT-33)
   Net '*Logic1*' is connected to pins 'i_coeff[15]', 'i_coeff[14]'', 'i_coeff[12]', 'i_coeff[11]', 'i_coeff[8]', 'i_coeff[7]', 'i_coeff[6]', 'i_coeff[5]', 'i_coeff[3]', 'i_coeff[1]', 'i_coeff[0]'.
Warning: In design 'inv_mix_columns', the same net is connected to more than one pin on submodule 'MC_B10'. (LINT-33)
   Net '*Logic0*' is connected to pins 'i_coeff[13]', 'i_coeff[10]'', 'i_coeff[9]', 'i_coeff[4]', 'i_coeff[2]'.
Warning: In design 'inv_mix_columns', the same net is connected to more than one pin on submodule 'MC_B11'. (LINT-33)
   Net '*Logic1*' is connected to pins 'i_coeff[15]', 'i_coeff[14]'', 'i_coeff[12]', 'i_coeff[11]', 'i_coeff[8]', 'i_coeff[7]', 'i_coeff[6]', 'i_coeff[5]', 'i_coeff[3]', 'i_coeff[1]', 'i_coeff[0]'.
Warning: In design 'inv_mix_columns', the same net is connected to more than one pin on submodule 'MC_B11'. (LINT-33)
   Net '*Logic0*' is connected to pins 'i_coeff[13]', 'i_coeff[10]'', 'i_coeff[9]', 'i_coeff[4]', 'i_coeff[2]'.
Warning: In design 'inv_mix_columns', the same net is connected to more than one pin on submodule 'MC_B12'. (LINT-33)
   Net '*Logic1*' is connected to pins 'i_coeff[15]', 'i_coeff[13]'', 'i_coeff[12]', 'i_coeff[11]', 'i_coeff[10]', 'i_coeff[8]', 'i_coeff[7]', 'i_coeff[4]', 'i_coeff[3]', 'i_coeff[2]', 'i_coeff[1]'.
Warning: In design 'inv_mix_columns', the same net is connected to more than one pin on submodule 'MC_B12'. (LINT-33)
   Net '*Logic0*' is connected to pins 'i_coeff[14]', 'i_coeff[9]'', 'i_coeff[6]', 'i_coeff[5]', 'i_coeff[0]'.
Warning: In design 'inv_mix_columns', the same net is connected to more than one pin on submodule 'MC_B13'. (LINT-33)
   Net '*Logic1*' is connected to pins 'i_coeff[15]', 'i_coeff[13]'', 'i_coeff[12]', 'i_coeff[11]', 'i_coeff[10]', 'i_coeff[8]', 'i_coeff[7]', 'i_coeff[4]', 'i_coeff[3]', 'i_coeff[2]', 'i_coeff[1]'.
Warning: In design 'inv_mix_columns', the same net is connected to more than one pin on submodule 'MC_B13'. (LINT-33)
   Net '*Logic0*' is connected to pins 'i_coeff[14]', 'i_coeff[9]'', 'i_coeff[6]', 'i_coeff[5]', 'i_coeff[0]'.
Warning: In design 'inv_mix_columns', the same net is connected to more than one pin on submodule 'MC_B14'. (LINT-33)
   Net '*Logic1*' is connected to pins 'i_coeff[15]', 'i_coeff[13]'', 'i_coeff[12]', 'i_coeff[11]', 'i_coeff[10]', 'i_coeff[8]', 'i_coeff[7]', 'i_coeff[4]', 'i_coeff[3]', 'i_coeff[2]', 'i_coeff[1]'.
Warning: In design 'inv_mix_columns', the same net is connected to more than one pin on submodule 'MC_B14'. (LINT-33)
   Net '*Logic0*' is connected to pins 'i_coeff[14]', 'i_coeff[9]'', 'i_coeff[6]', 'i_coeff[5]', 'i_coeff[0]'.
Warning: In design 'inv_mix_columns', the same net is connected to more than one pin on submodule 'MC_B15'. (LINT-33)
   Net '*Logic1*' is connected to pins 'i_coeff[15]', 'i_coeff[13]'', 'i_coeff[12]', 'i_coeff[11]', 'i_coeff[10]', 'i_coeff[8]', 'i_coeff[7]', 'i_coeff[4]', 'i_coeff[3]', 'i_coeff[2]', 'i_coeff[1]'.
Warning: In design 'inv_mix_columns', the same net is connected to more than one pin on submodule 'MC_B15'. (LINT-33)
   Net '*Logic0*' is connected to pins 'i_coeff[14]', 'i_coeff[9]'', 'i_coeff[6]', 'i_coeff[5]', 'i_coeff[0]'.
quit

Thank you...
Done


