Synthesizing design: aes_encryption.sv
dc_shell-t -x "source -echo do_mapping.tcl"
                                        
                           Design Compiler Graphical 
                                 DC Ultra (TM)
                                  DFTMAX (TM)
                              Power Compiler (TM)
                                 DesignWare (R)
                                 DC Expert (TM)
                               Design Vision (TM)
                               HDL Compiler (TM)
                               VHDL Compiler (TM)
                                  DFT Compiler
                               Design Compiler(R)
                                        
               Version K-2015.06-SP1 for linux64 - Jul 21, 2015 
                                        
                    Copyright (c) 1988 - 2015 Synopsys, Inc.
   This software and the associated documentation are proprietary to Synopsys,
 Inc. This software may only be used in accordance with the terms and conditions
 of a written license agreement with Synopsys, Inc. All other use, reproduction,
            or distribution of this software is strictly prohibited.
Initializing...
Initializing gui preferences from file  /home/ecegrid/a/mg85/.synopsys_dv_prefs.tcl
# Step 1:  Read in the source file
analyze -format sverilog -lib WORK { aes_encryption.sv}
Running PRESTO HDLC
Compiling source file ./source/aes_encryption.sv
Presto compilation completed successfully.
Loading db file '/package/eda/cells/OSU/v2.7/synopsys/lib/ami05/osu05_stdcells.db'
Loading db file '/package/eda/synopsys/syn-K-2015.06-SP1/libraries/syn/dw_foundation.sldb'
elaborate aes_encryption -lib WORK
Loading db file '/package/eda/synopsys/syn-K-2015.06-SP1/libraries/syn/gtech.db'
Loading db file '/package/eda/synopsys/syn-K-2015.06-SP1/libraries/syn/standard.sldb'
  Loading link library 'osu05_stdcells'
  Loading link library 'gtech'
Running PRESTO HDLC

Inferred memory devices in process
	in routine aes_encryption line 81 in file
		'./source/aes_encryption.sv'.
==================================================================================
|     Register Name      |   Type    | Width | Bus | MB | AR | AS | SR | SS | ST |
==================================================================================
| round_key_register_reg | Flip-flop |  128  |  Y  | N  | Y  | N  | N  | N  | N  |
==================================================================================

Inferred memory devices in process
	in routine aes_encryption line 128 in file
		'./source/aes_encryption.sv'.
===============================================================================
|    Register Name    |   Type    | Width | Bus | MB | AR | AS | SR | SS | ST |
===============================================================================
|     block_C_reg     | Flip-flop |  128  |  Y  | N  | Y  | N  | N  | N  | N  |
|     block_A_reg     | Flip-flop |  128  |  Y  | N  | Y  | N  | N  | N  | N  |
|     block_B_reg     | Flip-flop |  128  |  Y  | N  | Y  | N  | N  | N  | N  |
===============================================================================

Inferred memory devices in process
	in routine aes_encryption line 150 in file
		'./source/aes_encryption.sv'.
===============================================================================
|    Register Name    |   Type    | Width | Bus | MB | AR | AS | SR | SS | ST |
===============================================================================
|     state_C_reg     | Flip-flop |   5   |  Y  | N  | Y  | N  | N  | N  | N  |
|     state_A_reg     | Flip-flop |   5   |  Y  | N  | Y  | N  | N  | N  | N  |
|     state_B_reg     | Flip-flop |   5   |  Y  | N  | Y  | N  | N  | N  | N  |
===============================================================================
Presto compilation completed successfully.
Elaborated 1 design.
Current design is now 'aes_encryption'.
Information: Building the design 'data_block_select'. (HDL-193)
Warning: Cannot find the design 'data_block_select' in the library 'WORK'. (LBR-1)
Information: Building the design 'xor_init'. (HDL-193)
Warning: Cannot find the design 'xor_init' in the library 'WORK'. (LBR-1)
Information: Building the design 'sub_bytes'. (HDL-193)
Warning: Cannot find the design 'sub_bytes' in the library 'WORK'. (LBR-1)
Information: Building the design 'shift_rows'. (HDL-193)
Warning: Cannot find the design 'shift_rows' in the library 'WORK'. (LBR-1)
Information: Building the design 'mix_columns'. (HDL-193)
Warning: Cannot find the design 'mix_columns' in the library 'WORK'. (LBR-1)
Information: Building the design 'incriment_state'. (HDL-193)
Warning: Cannot find the design 'incriment_state' in the library 'WORK'. (LBR-1)
Warning: Design 'aes_encryption' has '6' unresolved references. For more detailed information, use the "link" command. (UID-341)
uniquify
Warning: Design 'aes_encryption' has '6' unresolved references. For more detailed information, use the "link" command. (UID-341)
# Step 2: Set design constraints
# Uncomment below to set timing, area, power, etc. constraints
# set_max_delay <delay> -from "<input>" -to "<output>"
# set_max_area <area>
# set_max_total_power <power> mW
create_clock "clk" -name "clk" -period 5.0
Warning: Design 'aes_encryption' has '6' unresolved references. For more detailed information, use the "link" command. (UID-341)
# Step 3: Compile the design
compile -map_effort medium
Warning: Design 'aes_encryption' has '6' unresolved references. For more detailed information, use the "link" command. (UID-341)
Information: Evaluating DesignWare library utilization. (UISN-27)

============================================================================
| DesignWare Building Block Library  |         Version         | Available |
============================================================================
| Basic DW Building Blocks           | K-2015.06-DWBB_201506.1 |     *     |
| Licensed DW Building Blocks        | K-2015.06-DWBB_201506.1 |           |
============================================================================


Information: There are 524 potential problems in your design. Please run 'check_design' for more information. (LINT-99)



  Beginning Pass 1 Mapping
  ------------------------
  Processing 'aes_encryption'
Information: Building the design 'data_block_select'. (HDL-193)
Warning: Cannot find the design 'data_block_select' in the library 'WORK'. (LBR-1)
Information: Building the design 'xor_init'. (HDL-193)
Warning: Cannot find the design 'xor_init' in the library 'WORK'. (LBR-1)
Information: Building the design 'sub_bytes'. (HDL-193)
Warning: Cannot find the design 'sub_bytes' in the library 'WORK'. (LBR-1)
Information: Building the design 'shift_rows'. (HDL-193)
Warning: Cannot find the design 'shift_rows' in the library 'WORK'. (LBR-1)
Information: Building the design 'mix_columns'. (HDL-193)
Warning: Cannot find the design 'mix_columns' in the library 'WORK'. (LBR-1)
Information: Building the design 'incriment_state'. (HDL-193)
Warning: Cannot find the design 'incriment_state' in the library 'WORK'. (LBR-1)
Warning: Unable to resolve reference 'data_block_select' in 'aes_encryption'. (LINK-5)
Warning: Unable to resolve reference 'xor_init' in 'aes_encryption'. (LINK-5)
Warning: Unable to resolve reference 'sub_bytes' in 'aes_encryption'. (LINK-5)
Warning: Unable to resolve reference 'shift_rows' in 'aes_encryption'. (LINK-5)
Warning: Unable to resolve reference 'mix_columns' in 'aes_encryption'. (LINK-5)
Warning: Unable to resolve reference 'incriment_state' in 'aes_encryption'. (LINK-5)

  Updating timing information
Information: Updating design information... (UID-85)

  Beginning Mapping Optimizations  (Medium effort)
  -------------------------------

                                  TOTAL                                      
   ELAPSED            WORST NEG   SETUP    DESIGN                            
    TIME      AREA      SLACK     COST    RULE COST         ENDPOINT         
  --------- --------- --------- --------- --------- -------------------------
    0:00:02 1109133.0      0.00       0.0       0.0                          
    0:00:02 1109133.0      0.00       0.0       0.0                          
    0:00:02 1109133.0      0.00       0.0       0.0                          
    0:00:02 1109133.0      0.00       0.0       0.0                          
    0:00:02 1109133.0      0.00       0.0       0.0                          
    0:00:02 1103085.0      0.00       0.0       0.0                          
    0:00:02 1103085.0      0.00       0.0       0.0                          
    0:00:02 1103085.0      0.00       0.0       0.0                          
    0:00:02 1103085.0      0.00       0.0       0.0                          
    0:00:02 1103085.0      0.00       0.0       0.0                          
    0:00:02 1103085.0      0.00       0.0       0.0                          
    0:00:02 1103085.0      0.00       0.0       0.0                          
    0:00:02 1103085.0      0.00       0.0       0.0                          



  Beginning Delay Optimization Phase
  ----------------------------------

                                  TOTAL                                      
   ELAPSED            WORST NEG   SETUP    DESIGN                            
    TIME      AREA      SLACK     COST    RULE COST         ENDPOINT         
  --------- --------- --------- --------- --------- -------------------------
    0:00:02 1103085.0      0.00       0.0       0.0                          
    0:00:02 1103085.0      0.00       0.0       0.0                          
    0:00:02 1103085.0      0.00       0.0       0.0                          


  Beginning Area-Recovery Phase  (cleanup)
  -----------------------------

                                  TOTAL                                      
   ELAPSED            WORST NEG   SETUP    DESIGN                            
    TIME      AREA      SLACK     COST    RULE COST         ENDPOINT         
  --------- --------- --------- --------- --------- -------------------------
    0:00:02 1103085.0      0.00       0.0       0.0                          
    0:00:02 1103085.0      0.00       0.0       0.0                          
    0:00:02 1102941.0      0.00       0.0       0.0                          
    0:00:02 1102797.0      0.00       0.0       0.0                          
    0:00:02 1102653.0      0.00       0.0       0.0                          
    0:00:02 1102509.0      0.00       0.0       0.0                          
    0:00:02 1102365.0      0.00       0.0       0.0                          
    0:00:02 1102365.0      0.00       0.0       0.0                          
    0:00:02 1102365.0      0.00       0.0       0.0                          
    0:00:02 1102365.0      0.00       0.0       0.0                          
    0:00:02 1102365.0      0.00       0.0       0.0                          
    0:00:02 1102365.0      0.00       0.0       0.0                          
    0:00:02 1102365.0      0.00       0.0       0.0                          
    0:00:02 1102365.0      0.00       0.0       0.0                          
    0:00:02 1102365.0      0.00       0.0       0.0                          
Loading db file '/package/eda/cells/OSU/v2.7/synopsys/lib/ami05/osu05_stdcells.db'


Note: Symbol # after min delay cost means estimated hold TNS across all active scenarios 


  Optimization Complete
  ---------------------
# Step 4: Output reports
report_timing -path full -delay max -max_paths 1 -nworst 1 > reports/aes_encryption.rep
report_area >> reports/aes_encryption.rep
report_power -hier >> reports/aes_encryption.rep
# Step 5: Output final VHDL and Verilog files
write_file -format verilog -hierarchy -output "mapped/aes_encryption.v"
Warning: Design 'aes_encryption' has '6' unresolved references. For more detailed information, use the "link" command. (UID-341)
Writing verilog file '/home/ecegrid/a/mg85/ece337/337Project/mapped/aes_encryption.v'.
Warning: Verilog 'assign' or 'tran' statements are written out. (VO-4)
echo "\nScript Done\n"

Script Done

echo "\nChecking Design\n"

Checking Design

check_design
Warning: Design 'aes_encryption' has '6' unresolved references. For more detailed information, use the "link" command. (UID-341)
 
****************************************
check_design summary:
Version:     K-2015.06-SP1
Date:        Mon Apr 24 23:07:54 2017
****************************************

                   Name                                            Total
--------------------------------------------------------------------------------
Inputs/Outputs                                                    258
    Multiply driven inputs (LINT-6)                               257
    Shorted outputs (LINT-31)                                       1

Tristate                                                          266
    A tristate bus has a non tri-state driver (LINT-34)           266
--------------------------------------------------------------------------------

Warning: In design 'aes_encryption', input port 'read_fifo' drives wired logic; the port direction may have been specified incorrectly. (LINT-6)
Warning: In design 'aes_encryption', input port 'fifo_in[127]' drives wired logic; the port direction may have been specified incorrectly. (LINT-6)
Warning: In design 'aes_encryption', input port 'fifo_in[126]' drives wired logic; the port direction may have been specified incorrectly. (LINT-6)
Warning: In design 'aes_encryption', input port 'fifo_in[125]' drives wired logic; the port direction may have been specified incorrectly. (LINT-6)
Warning: In design 'aes_encryption', input port 'fifo_in[124]' drives wired logic; the port direction may have been specified incorrectly. (LINT-6)
Warning: In design 'aes_encryption', input port 'fifo_in[123]' drives wired logic; the port direction may have been specified incorrectly. (LINT-6)
Warning: In design 'aes_encryption', input port 'fifo_in[122]' drives wired logic; the port direction may have been specified incorrectly. (LINT-6)
Warning: In design 'aes_encryption', input port 'fifo_in[121]' drives wired logic; the port direction may have been specified incorrectly. (LINT-6)
Warning: In design 'aes_encryption', input port 'fifo_in[120]' drives wired logic; the port direction may have been specified incorrectly. (LINT-6)
Warning: In design 'aes_encryption', input port 'fifo_in[119]' drives wired logic; the port direction may have been specified incorrectly. (LINT-6)
Warning: In design 'aes_encryption', input port 'fifo_in[118]' drives wired logic; the port direction may have been specified incorrectly. (LINT-6)
Warning: In design 'aes_encryption', input port 'fifo_in[117]' drives wired logic; the port direction may have been specified incorrectly. (LINT-6)
Warning: In design 'aes_encryption', input port 'fifo_in[116]' drives wired logic; the port direction may have been specified incorrectly. (LINT-6)
Warning: In design 'aes_encryption', input port 'fifo_in[115]' drives wired logic; the port direction may have been specified incorrectly. (LINT-6)
Warning: In design 'aes_encryption', input port 'fifo_in[114]' drives wired logic; the port direction may have been specified incorrectly. (LINT-6)
Warning: In design 'aes_encryption', input port 'fifo_in[113]' drives wired logic; the port direction may have been specified incorrectly. (LINT-6)
Warning: In design 'aes_encryption', input port 'fifo_in[112]' drives wired logic; the port direction may have been specified incorrectly. (LINT-6)
Warning: In design 'aes_encryption', input port 'fifo_in[111]' drives wired logic; the port direction may have been specified incorrectly. (LINT-6)
Warning: In design 'aes_encryption', input port 'fifo_in[110]' drives wired logic; the port direction may have been specified incorrectly. (LINT-6)
Warning: In design 'aes_encryption', input port 'fifo_in[109]' drives wired logic; the port direction may have been specified incorrectly. (LINT-6)
Warning: In design 'aes_encryption', input port 'fifo_in[108]' drives wired logic; the port direction may have been specified incorrectly. (LINT-6)
Warning: In design 'aes_encryption', input port 'fifo_in[107]' drives wired logic; the port direction may have been specified incorrectly. (LINT-6)
Warning: In design 'aes_encryption', input port 'fifo_in[106]' drives wired logic; the port direction may have been specified incorrectly. (LINT-6)
Warning: In design 'aes_encryption', input port 'fifo_in[105]' drives wired logic; the port direction may have been specified incorrectly. (LINT-6)
Warning: In design 'aes_encryption', input port 'fifo_in[104]' drives wired logic; the port direction may have been specified incorrectly. (LINT-6)
Warning: In design 'aes_encryption', input port 'fifo_in[103]' drives wired logic; the port direction may have been specified incorrectly. (LINT-6)
Warning: In design 'aes_encryption', input port 'fifo_in[102]' drives wired logic; the port direction may have been specified incorrectly. (LINT-6)
Warning: In design 'aes_encryption', input port 'fifo_in[101]' drives wired logic; the port direction may have been specified incorrectly. (LINT-6)
Warning: In design 'aes_encryption', input port 'fifo_in[100]' drives wired logic; the port direction may have been specified incorrectly. (LINT-6)
Warning: In design 'aes_encryption', input port 'fifo_in[99]' drives wired logic; the port direction may have been specified incorrectly. (LINT-6)
Warning: In design 'aes_encryption', input port 'fifo_in[98]' drives wired logic; the port direction may have been specified incorrectly. (LINT-6)
Warning: In design 'aes_encryption', input port 'fifo_in[97]' drives wired logic; the port direction may have been specified incorrectly. (LINT-6)
Warning: In design 'aes_encryption', input port 'fifo_in[96]' drives wired logic; the port direction may have been specified incorrectly. (LINT-6)
Warning: In design 'aes_encryption', input port 'fifo_in[95]' drives wired logic; the port direction may have been specified incorrectly. (LINT-6)
Warning: In design 'aes_encryption', input port 'fifo_in[94]' drives wired logic; the port direction may have been specified incorrectly. (LINT-6)
Warning: In design 'aes_encryption', input port 'fifo_in[93]' drives wired logic; the port direction may have been specified incorrectly. (LINT-6)
Warning: In design 'aes_encryption', input port 'fifo_in[92]' drives wired logic; the port direction may have been specified incorrectly. (LINT-6)
Warning: In design 'aes_encryption', input port 'fifo_in[91]' drives wired logic; the port direction may have been specified incorrectly. (LINT-6)
Warning: In design 'aes_encryption', input port 'fifo_in[90]' drives wired logic; the port direction may have been specified incorrectly. (LINT-6)
Warning: In design 'aes_encryption', input port 'fifo_in[89]' drives wired logic; the port direction may have been specified incorrectly. (LINT-6)
Warning: In design 'aes_encryption', input port 'fifo_in[88]' drives wired logic; the port direction may have been specified incorrectly. (LINT-6)
Warning: In design 'aes_encryption', input port 'fifo_in[87]' drives wired logic; the port direction may have been specified incorrectly. (LINT-6)
Warning: In design 'aes_encryption', input port 'fifo_in[86]' drives wired logic; the port direction may have been specified incorrectly. (LINT-6)
Warning: In design 'aes_encryption', input port 'fifo_in[85]' drives wired logic; the port direction may have been specified incorrectly. (LINT-6)
Warning: In design 'aes_encryption', input port 'fifo_in[84]' drives wired logic; the port direction may have been specified incorrectly. (LINT-6)
Warning: In design 'aes_encryption', input port 'fifo_in[83]' drives wired logic; the port direction may have been specified incorrectly. (LINT-6)
Warning: In design 'aes_encryption', input port 'fifo_in[82]' drives wired logic; the port direction may have been specified incorrectly. (LINT-6)
Warning: In design 'aes_encryption', input port 'fifo_in[81]' drives wired logic; the port direction may have been specified incorrectly. (LINT-6)
Warning: In design 'aes_encryption', input port 'fifo_in[80]' drives wired logic; the port direction may have been specified incorrectly. (LINT-6)
Warning: In design 'aes_encryption', input port 'fifo_in[79]' drives wired logic; the port direction may have been specified incorrectly. (LINT-6)
Warning: In design 'aes_encryption', input port 'fifo_in[78]' drives wired logic; the port direction may have been specified incorrectly. (LINT-6)
Warning: In design 'aes_encryption', input port 'fifo_in[77]' drives wired logic; the port direction may have been specified incorrectly. (LINT-6)
Warning: In design 'aes_encryption', input port 'fifo_in[76]' drives wired logic; the port direction may have been specified incorrectly. (LINT-6)
Warning: In design 'aes_encryption', input port 'fifo_in[75]' drives wired logic; the port direction may have been specified incorrectly. (LINT-6)
Warning: In design 'aes_encryption', input port 'fifo_in[74]' drives wired logic; the port direction may have been specified incorrectly. (LINT-6)
Warning: In design 'aes_encryption', input port 'fifo_in[73]' drives wired logic; the port direction may have been specified incorrectly. (LINT-6)
Warning: In design 'aes_encryption', input port 'fifo_in[72]' drives wired logic; the port direction may have been specified incorrectly. (LINT-6)
Warning: In design 'aes_encryption', input port 'fifo_in[71]' drives wired logic; the port direction may have been specified incorrectly. (LINT-6)
Warning: In design 'aes_encryption', input port 'fifo_in[70]' drives wired logic; the port direction may have been specified incorrectly. (LINT-6)
Warning: In design 'aes_encryption', input port 'fifo_in[69]' drives wired logic; the port direction may have been specified incorrectly. (LINT-6)
Warning: In design 'aes_encryption', input port 'fifo_in[68]' drives wired logic; the port direction may have been specified incorrectly. (LINT-6)
Warning: In design 'aes_encryption', input port 'fifo_in[67]' drives wired logic; the port direction may have been specified incorrectly. (LINT-6)
Warning: In design 'aes_encryption', input port 'fifo_in[66]' drives wired logic; the port direction may have been specified incorrectly. (LINT-6)
Warning: In design 'aes_encryption', input port 'fifo_in[65]' drives wired logic; the port direction may have been specified incorrectly. (LINT-6)
Warning: In design 'aes_encryption', input port 'fifo_in[64]' drives wired logic; the port direction may have been specified incorrectly. (LINT-6)
Warning: In design 'aes_encryption', input port 'fifo_in[63]' drives wired logic; the port direction may have been specified incorrectly. (LINT-6)
Warning: In design 'aes_encryption', input port 'fifo_in[62]' drives wired logic; the port direction may have been specified incorrectly. (LINT-6)
Warning: In design 'aes_encryption', input port 'fifo_in[61]' drives wired logic; the port direction may have been specified incorrectly. (LINT-6)
Warning: In design 'aes_encryption', input port 'fifo_in[60]' drives wired logic; the port direction may have been specified incorrectly. (LINT-6)
Warning: In design 'aes_encryption', input port 'fifo_in[59]' drives wired logic; the port direction may have been specified incorrectly. (LINT-6)
Warning: In design 'aes_encryption', input port 'fifo_in[58]' drives wired logic; the port direction may have been specified incorrectly. (LINT-6)
Warning: In design 'aes_encryption', input port 'fifo_in[57]' drives wired logic; the port direction may have been specified incorrectly. (LINT-6)
Warning: In design 'aes_encryption', input port 'fifo_in[56]' drives wired logic; the port direction may have been specified incorrectly. (LINT-6)
Warning: In design 'aes_encryption', input port 'fifo_in[55]' drives wired logic; the port direction may have been specified incorrectly. (LINT-6)
Warning: In design 'aes_encryption', input port 'fifo_in[54]' drives wired logic; the port direction may have been specified incorrectly. (LINT-6)
Warning: In design 'aes_encryption', input port 'fifo_in[53]' drives wired logic; the port direction may have been specified incorrectly. (LINT-6)
Warning: In design 'aes_encryption', input port 'fifo_in[52]' drives wired logic; the port direction may have been specified incorrectly. (LINT-6)
Warning: In design 'aes_encryption', input port 'fifo_in[51]' drives wired logic; the port direction may have been specified incorrectly. (LINT-6)
Warning: In design 'aes_encryption', input port 'fifo_in[50]' drives wired logic; the port direction may have been specified incorrectly. (LINT-6)
Warning: In design 'aes_encryption', input port 'fifo_in[49]' drives wired logic; the port direction may have been specified incorrectly. (LINT-6)
Warning: In design 'aes_encryption', input port 'fifo_in[48]' drives wired logic; the port direction may have been specified incorrectly. (LINT-6)
Warning: In design 'aes_encryption', input port 'fifo_in[47]' drives wired logic; the port direction may have been specified incorrectly. (LINT-6)
Warning: In design 'aes_encryption', input port 'fifo_in[46]' drives wired logic; the port direction may have been specified incorrectly. (LINT-6)
Warning: In design 'aes_encryption', input port 'fifo_in[45]' drives wired logic; the port direction may have been specified incorrectly. (LINT-6)
Warning: In design 'aes_encryption', input port 'fifo_in[44]' drives wired logic; the port direction may have been specified incorrectly. (LINT-6)
Warning: In design 'aes_encryption', input port 'fifo_in[43]' drives wired logic; the port direction may have been specified incorrectly. (LINT-6)
Warning: In design 'aes_encryption', input port 'fifo_in[42]' drives wired logic; the port direction may have been specified incorrectly. (LINT-6)
Warning: In design 'aes_encryption', input port 'fifo_in[41]' drives wired logic; the port direction may have been specified incorrectly. (LINT-6)
Warning: In design 'aes_encryption', input port 'fifo_in[40]' drives wired logic; the port direction may have been specified incorrectly. (LINT-6)
Warning: In design 'aes_encryption', input port 'fifo_in[39]' drives wired logic; the port direction may have been specified incorrectly. (LINT-6)
Warning: In design 'aes_encryption', input port 'fifo_in[38]' drives wired logic; the port direction may have been specified incorrectly. (LINT-6)
Warning: In design 'aes_encryption', input port 'fifo_in[37]' drives wired logic; the port direction may have been specified incorrectly. (LINT-6)
Warning: In design 'aes_encryption', input port 'fifo_in[36]' drives wired logic; the port direction may have been specified incorrectly. (LINT-6)
Warning: In design 'aes_encryption', input port 'fifo_in[35]' drives wired logic; the port direction may have been specified incorrectly. (LINT-6)
Warning: In design 'aes_encryption', input port 'fifo_in[34]' drives wired logic; the port direction may have been specified incorrectly. (LINT-6)
Warning: In design 'aes_encryption', input port 'fifo_in[33]' drives wired logic; the port direction may have been specified incorrectly. (LINT-6)
Warning: In design 'aes_encryption', input port 'fifo_in[32]' drives wired logic; the port direction may have been specified incorrectly. (LINT-6)
Warning: In design 'aes_encryption', input port 'fifo_in[31]' drives wired logic; the port direction may have been specified incorrectly. (LINT-6)
Warning: In design 'aes_encryption', input port 'fifo_in[30]' drives wired logic; the port direction may have been specified incorrectly. (LINT-6)
Warning: In design 'aes_encryption', input port 'fifo_in[29]' drives wired logic; the port direction may have been specified incorrectly. (LINT-6)
Warning: In design 'aes_encryption', input port 'fifo_in[28]' drives wired logic; the port direction may have been specified incorrectly. (LINT-6)
Warning: In design 'aes_encryption', input port 'fifo_in[27]' drives wired logic; the port direction may have been specified incorrectly. (LINT-6)
Warning: In design 'aes_encryption', input port 'fifo_in[26]' drives wired logic; the port direction may have been specified incorrectly. (LINT-6)
Warning: In design 'aes_encryption', input port 'fifo_in[25]' drives wired logic; the port direction may have been specified incorrectly. (LINT-6)
Warning: In design 'aes_encryption', input port 'fifo_in[24]' drives wired logic; the port direction may have been specified incorrectly. (LINT-6)
Warning: In design 'aes_encryption', input port 'fifo_in[23]' drives wired logic; the port direction may have been specified incorrectly. (LINT-6)
Warning: In design 'aes_encryption', input port 'fifo_in[22]' drives wired logic; the port direction may have been specified incorrectly. (LINT-6)
Warning: In design 'aes_encryption', input port 'fifo_in[21]' drives wired logic; the port direction may have been specified incorrectly. (LINT-6)
Warning: In design 'aes_encryption', input port 'fifo_in[20]' drives wired logic; the port direction may have been specified incorrectly. (LINT-6)
Warning: In design 'aes_encryption', input port 'fifo_in[19]' drives wired logic; the port direction may have been specified incorrectly. (LINT-6)
Warning: In design 'aes_encryption', input port 'fifo_in[18]' drives wired logic; the port direction may have been specified incorrectly. (LINT-6)
Warning: In design 'aes_encryption', input port 'fifo_in[17]' drives wired logic; the port direction may have been specified incorrectly. (LINT-6)
Warning: In design 'aes_encryption', input port 'fifo_in[16]' drives wired logic; the port direction may have been specified incorrectly. (LINT-6)
Warning: In design 'aes_encryption', input port 'fifo_in[15]' drives wired logic; the port direction may have been specified incorrectly. (LINT-6)
Warning: In design 'aes_encryption', input port 'fifo_in[14]' drives wired logic; the port direction may have been specified incorrectly. (LINT-6)
Warning: In design 'aes_encryption', input port 'fifo_in[13]' drives wired logic; the port direction may have been specified incorrectly. (LINT-6)
Warning: In design 'aes_encryption', input port 'fifo_in[12]' drives wired logic; the port direction may have been specified incorrectly. (LINT-6)
Warning: In design 'aes_encryption', input port 'fifo_in[11]' drives wired logic; the port direction may have been specified incorrectly. (LINT-6)
Warning: In design 'aes_encryption', input port 'fifo_in[10]' drives wired logic; the port direction may have been specified incorrectly. (LINT-6)
Warning: In design 'aes_encryption', input port 'fifo_in[9]' drives wired logic; the port direction may have been specified incorrectly. (LINT-6)
Warning: In design 'aes_encryption', input port 'fifo_in[8]' drives wired logic; the port direction may have been specified incorrectly. (LINT-6)
Warning: In design 'aes_encryption', input port 'fifo_in[7]' drives wired logic; the port direction may have been specified incorrectly. (LINT-6)
Warning: In design 'aes_encryption', input port 'fifo_in[6]' drives wired logic; the port direction may have been specified incorrectly. (LINT-6)
Warning: In design 'aes_encryption', input port 'fifo_in[5]' drives wired logic; the port direction may have been specified incorrectly. (LINT-6)
Warning: In design 'aes_encryption', input port 'fifo_in[4]' drives wired logic; the port direction may have been specified incorrectly. (LINT-6)
Warning: In design 'aes_encryption', input port 'fifo_in[3]' drives wired logic; the port direction may have been specified incorrectly. (LINT-6)
Warning: In design 'aes_encryption', input port 'fifo_in[2]' drives wired logic; the port direction may have been specified incorrectly. (LINT-6)
Warning: In design 'aes_encryption', input port 'fifo_in[1]' drives wired logic; the port direction may have been specified incorrectly. (LINT-6)
Warning: In design 'aes_encryption', input port 'fifo_in[0]' drives wired logic; the port direction may have been specified incorrectly. (LINT-6)
Warning: In design 'aes_encryption', input port 'round_key_0[127]' drives wired logic; the port direction may have been specified incorrectly. (LINT-6)
Warning: In design 'aes_encryption', input port 'round_key_0[126]' drives wired logic; the port direction may have been specified incorrectly. (LINT-6)
Warning: In design 'aes_encryption', input port 'round_key_0[125]' drives wired logic; the port direction may have been specified incorrectly. (LINT-6)
Warning: In design 'aes_encryption', input port 'round_key_0[124]' drives wired logic; the port direction may have been specified incorrectly. (LINT-6)
Warning: In design 'aes_encryption', input port 'round_key_0[123]' drives wired logic; the port direction may have been specified incorrectly. (LINT-6)
Warning: In design 'aes_encryption', input port 'round_key_0[122]' drives wired logic; the port direction may have been specified incorrectly. (LINT-6)
Warning: In design 'aes_encryption', input port 'round_key_0[121]' drives wired logic; the port direction may have been specified incorrectly. (LINT-6)
Warning: In design 'aes_encryption', input port 'round_key_0[120]' drives wired logic; the port direction may have been specified incorrectly. (LINT-6)
Warning: In design 'aes_encryption', input port 'round_key_0[119]' drives wired logic; the port direction may have been specified incorrectly. (LINT-6)
Warning: In design 'aes_encryption', input port 'round_key_0[118]' drives wired logic; the port direction may have been specified incorrectly. (LINT-6)
Warning: In design 'aes_encryption', input port 'round_key_0[117]' drives wired logic; the port direction may have been specified incorrectly. (LINT-6)
Warning: In design 'aes_encryption', input port 'round_key_0[116]' drives wired logic; the port direction may have been specified incorrectly. (LINT-6)
Warning: In design 'aes_encryption', input port 'round_key_0[115]' drives wired logic; the port direction may have been specified incorrectly. (LINT-6)
Warning: In design 'aes_encryption', input port 'round_key_0[114]' drives wired logic; the port direction may have been specified incorrectly. (LINT-6)
Warning: In design 'aes_encryption', input port 'round_key_0[113]' drives wired logic; the port direction may have been specified incorrectly. (LINT-6)
Warning: In design 'aes_encryption', input port 'round_key_0[112]' drives wired logic; the port direction may have been specified incorrectly. (LINT-6)
Warning: In design 'aes_encryption', input port 'round_key_0[111]' drives wired logic; the port direction may have been specified incorrectly. (LINT-6)
Warning: In design 'aes_encryption', input port 'round_key_0[110]' drives wired logic; the port direction may have been specified incorrectly. (LINT-6)
Warning: In design 'aes_encryption', input port 'round_key_0[109]' drives wired logic; the port direction may have been specified incorrectly. (LINT-6)
Warning: In design 'aes_encryption', input port 'round_key_0[108]' drives wired logic; the port direction may have been specified incorrectly. (LINT-6)
Warning: In design 'aes_encryption', input port 'round_key_0[107]' drives wired logic; the port direction may have been specified incorrectly. (LINT-6)
Warning: In design 'aes_encryption', input port 'round_key_0[106]' drives wired logic; the port direction may have been specified incorrectly. (LINT-6)
Warning: In design 'aes_encryption', input port 'round_key_0[105]' drives wired logic; the port direction may have been specified incorrectly. (LINT-6)
Warning: In design 'aes_encryption', input port 'round_key_0[104]' drives wired logic; the port direction may have been specified incorrectly. (LINT-6)
Warning: In design 'aes_encryption', input port 'round_key_0[103]' drives wired logic; the port direction may have been specified incorrectly. (LINT-6)
Warning: In design 'aes_encryption', input port 'round_key_0[102]' drives wired logic; the port direction may have been specified incorrectly. (LINT-6)
Warning: In design 'aes_encryption', input port 'round_key_0[101]' drives wired logic; the port direction may have been specified incorrectly. (LINT-6)
Warning: In design 'aes_encryption', input port 'round_key_0[100]' drives wired logic; the port direction may have been specified incorrectly. (LINT-6)
Warning: In design 'aes_encryption', input port 'round_key_0[99]' drives wired logic; the port direction may have been specified incorrectly. (LINT-6)
Warning: In design 'aes_encryption', input port 'round_key_0[98]' drives wired logic; the port direction may have been specified incorrectly. (LINT-6)
Warning: In design 'aes_encryption', input port 'round_key_0[97]' drives wired logic; the port direction may have been specified incorrectly. (LINT-6)
Warning: In design 'aes_encryption', input port 'round_key_0[96]' drives wired logic; the port direction may have been specified incorrectly. (LINT-6)
Warning: In design 'aes_encryption', input port 'round_key_0[95]' drives wired logic; the port direction may have been specified incorrectly. (LINT-6)
Warning: In design 'aes_encryption', input port 'round_key_0[94]' drives wired logic; the port direction may have been specified incorrectly. (LINT-6)
Warning: In design 'aes_encryption', input port 'round_key_0[93]' drives wired logic; the port direction may have been specified incorrectly. (LINT-6)
Warning: In design 'aes_encryption', input port 'round_key_0[92]' drives wired logic; the port direction may have been specified incorrectly. (LINT-6)
Warning: In design 'aes_encryption', input port 'round_key_0[91]' drives wired logic; the port direction may have been specified incorrectly. (LINT-6)
Warning: In design 'aes_encryption', input port 'round_key_0[90]' drives wired logic; the port direction may have been specified incorrectly. (LINT-6)
Warning: In design 'aes_encryption', input port 'round_key_0[89]' drives wired logic; the port direction may have been specified incorrectly. (LINT-6)
Warning: In design 'aes_encryption', input port 'round_key_0[88]' drives wired logic; the port direction may have been specified incorrectly. (LINT-6)
Warning: In design 'aes_encryption', input port 'round_key_0[87]' drives wired logic; the port direction may have been specified incorrectly. (LINT-6)
Warning: In design 'aes_encryption', input port 'round_key_0[86]' drives wired logic; the port direction may have been specified incorrectly. (LINT-6)
Warning: In design 'aes_encryption', input port 'round_key_0[85]' drives wired logic; the port direction may have been specified incorrectly. (LINT-6)
Warning: In design 'aes_encryption', input port 'round_key_0[84]' drives wired logic; the port direction may have been specified incorrectly. (LINT-6)
Warning: In design 'aes_encryption', input port 'round_key_0[83]' drives wired logic; the port direction may have been specified incorrectly. (LINT-6)
Warning: In design 'aes_encryption', input port 'round_key_0[82]' drives wired logic; the port direction may have been specified incorrectly. (LINT-6)
Warning: In design 'aes_encryption', input port 'round_key_0[81]' drives wired logic; the port direction may have been specified incorrectly. (LINT-6)
Warning: In design 'aes_encryption', input port 'round_key_0[80]' drives wired logic; the port direction may have been specified incorrectly. (LINT-6)
Warning: In design 'aes_encryption', input port 'round_key_0[79]' drives wired logic; the port direction may have been specified incorrectly. (LINT-6)
Warning: In design 'aes_encryption', input port 'round_key_0[78]' drives wired logic; the port direction may have been specified incorrectly. (LINT-6)
Warning: In design 'aes_encryption', input port 'round_key_0[77]' drives wired logic; the port direction may have been specified incorrectly. (LINT-6)
Warning: In design 'aes_encryption', input port 'round_key_0[76]' drives wired logic; the port direction may have been specified incorrectly. (LINT-6)
Warning: In design 'aes_encryption', input port 'round_key_0[75]' drives wired logic; the port direction may have been specified incorrectly. (LINT-6)
Warning: In design 'aes_encryption', input port 'round_key_0[74]' drives wired logic; the port direction may have been specified incorrectly. (LINT-6)
Warning: In design 'aes_encryption', input port 'round_key_0[73]' drives wired logic; the port direction may have been specified incorrectly. (LINT-6)
Warning: In design 'aes_encryption', input port 'round_key_0[72]' drives wired logic; the port direction may have been specified incorrectly. (LINT-6)
Warning: In design 'aes_encryption', input port 'round_key_0[71]' drives wired logic; the port direction may have been specified incorrectly. (LINT-6)
Warning: In design 'aes_encryption', input port 'round_key_0[70]' drives wired logic; the port direction may have been specified incorrectly. (LINT-6)
Warning: In design 'aes_encryption', input port 'round_key_0[69]' drives wired logic; the port direction may have been specified incorrectly. (LINT-6)
Warning: In design 'aes_encryption', input port 'round_key_0[68]' drives wired logic; the port direction may have been specified incorrectly. (LINT-6)
Warning: In design 'aes_encryption', input port 'round_key_0[67]' drives wired logic; the port direction may have been specified incorrectly. (LINT-6)
Warning: In design 'aes_encryption', input port 'round_key_0[66]' drives wired logic; the port direction may have been specified incorrectly. (LINT-6)
Warning: In design 'aes_encryption', input port 'round_key_0[65]' drives wired logic; the port direction may have been specified incorrectly. (LINT-6)
Warning: In design 'aes_encryption', input port 'round_key_0[64]' drives wired logic; the port direction may have been specified incorrectly. (LINT-6)
Warning: In design 'aes_encryption', input port 'round_key_0[63]' drives wired logic; the port direction may have been specified incorrectly. (LINT-6)
Warning: In design 'aes_encryption', input port 'round_key_0[62]' drives wired logic; the port direction may have been specified incorrectly. (LINT-6)
Warning: In design 'aes_encryption', input port 'round_key_0[61]' drives wired logic; the port direction may have been specified incorrectly. (LINT-6)
Warning: In design 'aes_encryption', input port 'round_key_0[60]' drives wired logic; the port direction may have been specified incorrectly. (LINT-6)
Warning: In design 'aes_encryption', input port 'round_key_0[59]' drives wired logic; the port direction may have been specified incorrectly. (LINT-6)
Warning: In design 'aes_encryption', input port 'round_key_0[58]' drives wired logic; the port direction may have been specified incorrectly. (LINT-6)
Warning: In design 'aes_encryption', input port 'round_key_0[57]' drives wired logic; the port direction may have been specified incorrectly. (LINT-6)
Warning: In design 'aes_encryption', input port 'round_key_0[56]' drives wired logic; the port direction may have been specified incorrectly. (LINT-6)
Warning: In design 'aes_encryption', input port 'round_key_0[55]' drives wired logic; the port direction may have been specified incorrectly. (LINT-6)
Warning: In design 'aes_encryption', input port 'round_key_0[54]' drives wired logic; the port direction may have been specified incorrectly. (LINT-6)
Warning: In design 'aes_encryption', input port 'round_key_0[53]' drives wired logic; the port direction may have been specified incorrectly. (LINT-6)
Warning: In design 'aes_encryption', input port 'round_key_0[52]' drives wired logic; the port direction may have been specified incorrectly. (LINT-6)
Warning: In design 'aes_encryption', input port 'round_key_0[51]' drives wired logic; the port direction may have been specified incorrectly. (LINT-6)
Warning: In design 'aes_encryption', input port 'round_key_0[50]' drives wired logic; the port direction may have been specified incorrectly. (LINT-6)
Warning: In design 'aes_encryption', input port 'round_key_0[49]' drives wired logic; the port direction may have been specified incorrectly. (LINT-6)
Warning: In design 'aes_encryption', input port 'round_key_0[48]' drives wired logic; the port direction may have been specified incorrectly. (LINT-6)
Warning: In design 'aes_encryption', input port 'round_key_0[47]' drives wired logic; the port direction may have been specified incorrectly. (LINT-6)
Warning: In design 'aes_encryption', input port 'round_key_0[46]' drives wired logic; the port direction may have been specified incorrectly. (LINT-6)
Warning: In design 'aes_encryption', input port 'round_key_0[45]' drives wired logic; the port direction may have been specified incorrectly. (LINT-6)
Warning: In design 'aes_encryption', input port 'round_key_0[44]' drives wired logic; the port direction may have been specified incorrectly. (LINT-6)
Warning: In design 'aes_encryption', input port 'round_key_0[43]' drives wired logic; the port direction may have been specified incorrectly. (LINT-6)
Warning: In design 'aes_encryption', input port 'round_key_0[42]' drives wired logic; the port direction may have been specified incorrectly. (LINT-6)
Warning: In design 'aes_encryption', input port 'round_key_0[41]' drives wired logic; the port direction may have been specified incorrectly. (LINT-6)
Warning: In design 'aes_encryption', input port 'round_key_0[40]' drives wired logic; the port direction may have been specified incorrectly. (LINT-6)
Warning: In design 'aes_encryption', input port 'round_key_0[39]' drives wired logic; the port direction may have been specified incorrectly. (LINT-6)
Warning: In design 'aes_encryption', input port 'round_key_0[38]' drives wired logic; the port direction may have been specified incorrectly. (LINT-6)
Warning: In design 'aes_encryption', input port 'round_key_0[37]' drives wired logic; the port direction may have been specified incorrectly. (LINT-6)
Warning: In design 'aes_encryption', input port 'round_key_0[36]' drives wired logic; the port direction may have been specified incorrectly. (LINT-6)
Warning: In design 'aes_encryption', input port 'round_key_0[35]' drives wired logic; the port direction may have been specified incorrectly. (LINT-6)
Warning: In design 'aes_encryption', input port 'round_key_0[34]' drives wired logic; the port direction may have been specified incorrectly. (LINT-6)
Warning: In design 'aes_encryption', input port 'round_key_0[33]' drives wired logic; the port direction may have been specified incorrectly. (LINT-6)
Warning: In design 'aes_encryption', input port 'round_key_0[32]' drives wired logic; the port direction may have been specified incorrectly. (LINT-6)
Warning: In design 'aes_encryption', input port 'round_key_0[31]' drives wired logic; the port direction may have been specified incorrectly. (LINT-6)
Warning: In design 'aes_encryption', input port 'round_key_0[30]' drives wired logic; the port direction may have been specified incorrectly. (LINT-6)
Warning: In design 'aes_encryption', input port 'round_key_0[29]' drives wired logic; the port direction may have been specified incorrectly. (LINT-6)
Warning: In design 'aes_encryption', input port 'round_key_0[28]' drives wired logic; the port direction may have been specified incorrectly. (LINT-6)
Warning: In design 'aes_encryption', input port 'round_key_0[27]' drives wired logic; the port direction may have been specified incorrectly. (LINT-6)
Warning: In design 'aes_encryption', input port 'round_key_0[26]' drives wired logic; the port direction may have been specified incorrectly. (LINT-6)
Warning: In design 'aes_encryption', input port 'round_key_0[25]' drives wired logic; the port direction may have been specified incorrectly. (LINT-6)
Warning: In design 'aes_encryption', input port 'round_key_0[24]' drives wired logic; the port direction may have been specified incorrectly. (LINT-6)
Warning: In design 'aes_encryption', input port 'round_key_0[23]' drives wired logic; the port direction may have been specified incorrectly. (LINT-6)
Warning: In design 'aes_encryption', input port 'round_key_0[22]' drives wired logic; the port direction may have been specified incorrectly. (LINT-6)
Warning: In design 'aes_encryption', input port 'round_key_0[21]' drives wired logic; the port direction may have been specified incorrectly. (LINT-6)
Warning: In design 'aes_encryption', input port 'round_key_0[20]' drives wired logic; the port direction may have been specified incorrectly. (LINT-6)
Warning: In design 'aes_encryption', input port 'round_key_0[19]' drives wired logic; the port direction may have been specified incorrectly. (LINT-6)
Warning: In design 'aes_encryption', input port 'round_key_0[18]' drives wired logic; the port direction may have been specified incorrectly. (LINT-6)
Warning: In design 'aes_encryption', input port 'round_key_0[17]' drives wired logic; the port direction may have been specified incorrectly. (LINT-6)
Warning: In design 'aes_encryption', input port 'round_key_0[16]' drives wired logic; the port direction may have been specified incorrectly. (LINT-6)
Warning: In design 'aes_encryption', input port 'round_key_0[15]' drives wired logic; the port direction may have been specified incorrectly. (LINT-6)
Warning: In design 'aes_encryption', input port 'round_key_0[14]' drives wired logic; the port direction may have been specified incorrectly. (LINT-6)
Warning: In design 'aes_encryption', input port 'round_key_0[13]' drives wired logic; the port direction may have been specified incorrectly. (LINT-6)
Warning: In design 'aes_encryption', input port 'round_key_0[12]' drives wired logic; the port direction may have been specified incorrectly. (LINT-6)
Warning: In design 'aes_encryption', input port 'round_key_0[11]' drives wired logic; the port direction may have been specified incorrectly. (LINT-6)
Warning: In design 'aes_encryption', input port 'round_key_0[10]' drives wired logic; the port direction may have been specified incorrectly. (LINT-6)
Warning: In design 'aes_encryption', input port 'round_key_0[9]' drives wired logic; the port direction may have been specified incorrectly. (LINT-6)
Warning: In design 'aes_encryption', input port 'round_key_0[8]' drives wired logic; the port direction may have been specified incorrectly. (LINT-6)
Warning: In design 'aes_encryption', input port 'round_key_0[7]' drives wired logic; the port direction may have been specified incorrectly. (LINT-6)
Warning: In design 'aes_encryption', input port 'round_key_0[6]' drives wired logic; the port direction may have been specified incorrectly. (LINT-6)
Warning: In design 'aes_encryption', input port 'round_key_0[5]' drives wired logic; the port direction may have been specified incorrectly. (LINT-6)
Warning: In design 'aes_encryption', input port 'round_key_0[4]' drives wired logic; the port direction may have been specified incorrectly. (LINT-6)
Warning: In design 'aes_encryption', input port 'round_key_0[3]' drives wired logic; the port direction may have been specified incorrectly. (LINT-6)
Warning: In design 'aes_encryption', input port 'round_key_0[2]' drives wired logic; the port direction may have been specified incorrectly. (LINT-6)
Warning: In design 'aes_encryption', input port 'round_key_0[1]' drives wired logic; the port direction may have been specified incorrectly. (LINT-6)
Warning: In design 'aes_encryption', input port 'round_key_0[0]' drives wired logic; the port direction may have been specified incorrectly. (LINT-6)
Warning: In design 'aes_encryption', output port 'data_output[4]' is connected directly to output port 'data_valid'. (LINT-31)
Warning: In design 'aes_encryption', three-state bus 'round_state_2_0[0]' has non three-state driver 'state_B_reg[0]/Q'. (LINT-34)
Warning: In design 'aes_encryption', three-state bus 'round_state_2_0[1]' has non three-state driver 'state_B_reg[1]/Q'. (LINT-34)
Warning: In design 'aes_encryption', three-state bus 'round_state_2_0[2]' has non three-state driver 'state_B_reg[2]/Q'. (LINT-34)
Warning: In design 'aes_encryption', three-state bus 'round_state_2_0[3]' has non three-state driver 'state_B_reg[3]/Q'. (LINT-34)
Warning: In design 'aes_encryption', three-state bus 'round_state_2_0[4]' has non three-state driver 'state_B_reg[4]/Q'. (LINT-34)
Warning: In design 'aes_encryption', three-state bus 'round_block_1_0[0]' has non three-state driver 'block_A_reg[0]/Q'. (LINT-34)
Warning: In design 'aes_encryption', three-state bus 'round_block_1_0[1]' has non three-state driver 'block_A_reg[1]/Q'. (LINT-34)
Warning: In design 'aes_encryption', three-state bus 'round_block_1_0[2]' has non three-state driver 'block_A_reg[2]/Q'. (LINT-34)
Warning: In design 'aes_encryption', three-state bus 'round_block_1_0[3]' has non three-state driver 'block_A_reg[3]/Q'. (LINT-34)
Warning: In design 'aes_encryption', three-state bus 'round_block_1_0[4]' has non three-state driver 'block_A_reg[4]/Q'. (LINT-34)
Warning: In design 'aes_encryption', three-state bus 'round_block_1_0[5]' has non three-state driver 'block_A_reg[5]/Q'. (LINT-34)
Warning: In design 'aes_encryption', three-state bus 'round_block_1_0[6]' has non three-state driver 'block_A_reg[6]/Q'. (LINT-34)
Warning: In design 'aes_encryption', three-state bus 'round_block_1_0[7]' has non three-state driver 'block_A_reg[7]/Q'. (LINT-34)
Warning: In design 'aes_encryption', three-state bus 'round_block_1_0[8]' has non three-state driver 'block_A_reg[8]/Q'. (LINT-34)
Warning: In design 'aes_encryption', three-state bus 'round_block_1_0[9]' has non three-state driver 'block_A_reg[9]/Q'. (LINT-34)
Warning: In design 'aes_encryption', three-state bus 'round_block_1_0[10]' has non three-state driver 'block_A_reg[10]/Q'. (LINT-34)
Warning: In design 'aes_encryption', three-state bus 'round_block_1_0[11]' has non three-state driver 'block_A_reg[11]/Q'. (LINT-34)
Warning: In design 'aes_encryption', three-state bus 'round_block_1_0[12]' has non three-state driver 'block_A_reg[12]/Q'. (LINT-34)
Warning: In design 'aes_encryption', three-state bus 'round_block_1_0[13]' has non three-state driver 'block_A_reg[13]/Q'. (LINT-34)
Warning: In design 'aes_encryption', three-state bus 'round_block_1_0[14]' has non three-state driver 'block_A_reg[14]/Q'. (LINT-34)
Warning: In design 'aes_encryption', three-state bus 'round_block_1_0[15]' has non three-state driver 'block_A_reg[15]/Q'. (LINT-34)
Warning: In design 'aes_encryption', three-state bus 'round_block_1_0[16]' has non three-state driver 'block_A_reg[16]/Q'. (LINT-34)
Warning: In design 'aes_encryption', three-state bus 'round_block_1_0[17]' has non three-state driver 'block_A_reg[17]/Q'. (LINT-34)
Warning: In design 'aes_encryption', three-state bus 'round_block_1_0[18]' has non three-state driver 'block_A_reg[18]/Q'. (LINT-34)
Warning: In design 'aes_encryption', three-state bus 'round_block_1_0[19]' has non three-state driver 'block_A_reg[19]/Q'. (LINT-34)
Warning: In design 'aes_encryption', three-state bus 'round_block_1_0[20]' has non three-state driver 'block_A_reg[20]/Q'. (LINT-34)
Warning: In design 'aes_encryption', three-state bus 'round_block_1_0[21]' has non three-state driver 'block_A_reg[21]/Q'. (LINT-34)
Warning: In design 'aes_encryption', three-state bus 'round_block_1_0[22]' has non three-state driver 'block_A_reg[22]/Q'. (LINT-34)
Warning: In design 'aes_encryption', three-state bus 'round_block_1_0[23]' has non three-state driver 'block_A_reg[23]/Q'. (LINT-34)
Warning: In design 'aes_encryption', three-state bus 'round_block_1_0[24]' has non three-state driver 'block_A_reg[24]/Q'. (LINT-34)
Warning: In design 'aes_encryption', three-state bus 'round_block_1_0[25]' has non three-state driver 'block_A_reg[25]/Q'. (LINT-34)
Warning: In design 'aes_encryption', three-state bus 'round_block_1_0[26]' has non three-state driver 'block_A_reg[26]/Q'. (LINT-34)
Warning: In design 'aes_encryption', three-state bus 'round_block_1_0[27]' has non three-state driver 'block_A_reg[27]/Q'. (LINT-34)
Warning: In design 'aes_encryption', three-state bus 'round_block_1_0[28]' has non three-state driver 'block_A_reg[28]/Q'. (LINT-34)
Warning: In design 'aes_encryption', three-state bus 'round_block_1_0[29]' has non three-state driver 'block_A_reg[29]/Q'. (LINT-34)
Warning: In design 'aes_encryption', three-state bus 'round_block_1_0[30]' has non three-state driver 'block_A_reg[30]/Q'. (LINT-34)
Warning: In design 'aes_encryption', three-state bus 'round_block_1_0[31]' has non three-state driver 'block_A_reg[31]/Q'. (LINT-34)
Warning: In design 'aes_encryption', three-state bus 'round_block_1_0[32]' has non three-state driver 'block_A_reg[32]/Q'. (LINT-34)
Warning: In design 'aes_encryption', three-state bus 'round_block_1_0[33]' has non three-state driver 'block_A_reg[33]/Q'. (LINT-34)
Warning: In design 'aes_encryption', three-state bus 'round_block_1_0[34]' has non three-state driver 'block_A_reg[34]/Q'. (LINT-34)
Warning: In design 'aes_encryption', three-state bus 'round_block_1_0[35]' has non three-state driver 'block_A_reg[35]/Q'. (LINT-34)
Warning: In design 'aes_encryption', three-state bus 'round_block_1_0[36]' has non three-state driver 'block_A_reg[36]/Q'. (LINT-34)
Warning: In design 'aes_encryption', three-state bus 'round_block_1_0[37]' has non three-state driver 'block_A_reg[37]/Q'. (LINT-34)
Warning: In design 'aes_encryption', three-state bus 'round_block_1_0[38]' has non three-state driver 'block_A_reg[38]/Q'. (LINT-34)
Warning: In design 'aes_encryption', three-state bus 'round_block_1_0[39]' has non three-state driver 'block_A_reg[39]/Q'. (LINT-34)
Warning: In design 'aes_encryption', three-state bus 'round_block_1_0[40]' has non three-state driver 'block_A_reg[40]/Q'. (LINT-34)
Warning: In design 'aes_encryption', three-state bus 'round_block_1_0[41]' has non three-state driver 'block_A_reg[41]/Q'. (LINT-34)
Warning: In design 'aes_encryption', three-state bus 'round_block_1_0[42]' has non three-state driver 'block_A_reg[42]/Q'. (LINT-34)
Warning: In design 'aes_encryption', three-state bus 'round_block_1_0[43]' has non three-state driver 'block_A_reg[43]/Q'. (LINT-34)
Warning: In design 'aes_encryption', three-state bus 'round_block_1_0[44]' has non three-state driver 'block_A_reg[44]/Q'. (LINT-34)
Warning: In design 'aes_encryption', three-state bus 'round_block_1_0[45]' has non three-state driver 'block_A_reg[45]/Q'. (LINT-34)
Warning: In design 'aes_encryption', three-state bus 'round_block_1_0[46]' has non three-state driver 'block_A_reg[46]/Q'. (LINT-34)
Warning: In design 'aes_encryption', three-state bus 'round_block_1_0[47]' has non three-state driver 'block_A_reg[47]/Q'. (LINT-34)
Warning: In design 'aes_encryption', three-state bus 'round_block_1_0[48]' has non three-state driver 'block_A_reg[48]/Q'. (LINT-34)
Warning: In design 'aes_encryption', three-state bus 'round_block_1_0[49]' has non three-state driver 'block_A_reg[49]/Q'. (LINT-34)
Warning: In design 'aes_encryption', three-state bus 'round_block_1_0[50]' has non three-state driver 'block_A_reg[50]/Q'. (LINT-34)
Warning: In design 'aes_encryption', three-state bus 'round_block_1_0[51]' has non three-state driver 'block_A_reg[51]/Q'. (LINT-34)
Warning: In design 'aes_encryption', three-state bus 'round_block_1_0[52]' has non three-state driver 'block_A_reg[52]/Q'. (LINT-34)
Warning: In design 'aes_encryption', three-state bus 'round_block_1_0[53]' has non three-state driver 'block_A_reg[53]/Q'. (LINT-34)
Warning: In design 'aes_encryption', three-state bus 'round_block_1_0[54]' has non three-state driver 'block_A_reg[54]/Q'. (LINT-34)
Warning: In design 'aes_encryption', three-state bus 'round_block_1_0[55]' has non three-state driver 'block_A_reg[55]/Q'. (LINT-34)
Warning: In design 'aes_encryption', three-state bus 'round_block_1_0[56]' has non three-state driver 'block_A_reg[56]/Q'. (LINT-34)
Warning: In design 'aes_encryption', three-state bus 'round_block_1_0[57]' has non three-state driver 'block_A_reg[57]/Q'. (LINT-34)
Warning: In design 'aes_encryption', three-state bus 'round_block_1_0[58]' has non three-state driver 'block_A_reg[58]/Q'. (LINT-34)
Warning: In design 'aes_encryption', three-state bus 'round_block_1_0[59]' has non three-state driver 'block_A_reg[59]/Q'. (LINT-34)
Warning: In design 'aes_encryption', three-state bus 'round_block_1_0[60]' has non three-state driver 'block_A_reg[60]/Q'. (LINT-34)
Warning: In design 'aes_encryption', three-state bus 'round_block_1_0[61]' has non three-state driver 'block_A_reg[61]/Q'. (LINT-34)
Warning: In design 'aes_encryption', three-state bus 'round_block_1_0[62]' has non three-state driver 'block_A_reg[62]/Q'. (LINT-34)
Warning: In design 'aes_encryption', three-state bus 'round_block_1_0[63]' has non three-state driver 'block_A_reg[63]/Q'. (LINT-34)
Warning: In design 'aes_encryption', three-state bus 'round_block_1_0[64]' has non three-state driver 'block_A_reg[64]/Q'. (LINT-34)
Warning: In design 'aes_encryption', three-state bus 'round_block_1_0[65]' has non three-state driver 'block_A_reg[65]/Q'. (LINT-34)
Warning: In design 'aes_encryption', three-state bus 'round_block_1_0[66]' has non three-state driver 'block_A_reg[66]/Q'. (LINT-34)
Warning: In design 'aes_encryption', three-state bus 'round_block_1_0[67]' has non three-state driver 'block_A_reg[67]/Q'. (LINT-34)
Warning: In design 'aes_encryption', three-state bus 'round_block_1_0[68]' has non three-state driver 'block_A_reg[68]/Q'. (LINT-34)
Warning: In design 'aes_encryption', three-state bus 'round_block_1_0[69]' has non three-state driver 'block_A_reg[69]/Q'. (LINT-34)
Warning: In design 'aes_encryption', three-state bus 'round_block_1_0[70]' has non three-state driver 'block_A_reg[70]/Q'. (LINT-34)
Warning: In design 'aes_encryption', three-state bus 'round_block_1_0[71]' has non three-state driver 'block_A_reg[71]/Q'. (LINT-34)
Warning: In design 'aes_encryption', three-state bus 'round_block_1_0[72]' has non three-state driver 'block_A_reg[72]/Q'. (LINT-34)
Warning: In design 'aes_encryption', three-state bus 'round_block_1_0[73]' has non three-state driver 'block_A_reg[73]/Q'. (LINT-34)
Warning: In design 'aes_encryption', three-state bus 'round_block_1_0[74]' has non three-state driver 'block_A_reg[74]/Q'. (LINT-34)
Warning: In design 'aes_encryption', three-state bus 'round_block_1_0[75]' has non three-state driver 'block_A_reg[75]/Q'. (LINT-34)
Warning: In design 'aes_encryption', three-state bus 'round_block_1_0[76]' has non three-state driver 'block_A_reg[76]/Q'. (LINT-34)
Warning: In design 'aes_encryption', three-state bus 'round_block_1_0[77]' has non three-state driver 'block_A_reg[77]/Q'. (LINT-34)
Warning: In design 'aes_encryption', three-state bus 'round_block_1_0[78]' has non three-state driver 'block_A_reg[78]/Q'. (LINT-34)
Warning: In design 'aes_encryption', three-state bus 'round_block_1_0[79]' has non three-state driver 'block_A_reg[79]/Q'. (LINT-34)
Warning: In design 'aes_encryption', three-state bus 'round_block_1_0[80]' has non three-state driver 'block_A_reg[80]/Q'. (LINT-34)
Warning: In design 'aes_encryption', three-state bus 'round_block_1_0[81]' has non three-state driver 'block_A_reg[81]/Q'. (LINT-34)
Warning: In design 'aes_encryption', three-state bus 'round_block_1_0[82]' has non three-state driver 'block_A_reg[82]/Q'. (LINT-34)
Warning: In design 'aes_encryption', three-state bus 'round_block_1_0[83]' has non three-state driver 'block_A_reg[83]/Q'. (LINT-34)
Warning: In design 'aes_encryption', three-state bus 'round_block_1_0[84]' has non three-state driver 'block_A_reg[84]/Q'. (LINT-34)
Warning: In design 'aes_encryption', three-state bus 'round_block_1_0[85]' has non three-state driver 'block_A_reg[85]/Q'. (LINT-34)
Warning: In design 'aes_encryption', three-state bus 'round_block_1_0[86]' has non three-state driver 'block_A_reg[86]/Q'. (LINT-34)
Warning: In design 'aes_encryption', three-state bus 'round_block_1_0[87]' has non three-state driver 'block_A_reg[87]/Q'. (LINT-34)
Warning: In design 'aes_encryption', three-state bus 'round_block_1_0[88]' has non three-state driver 'block_A_reg[88]/Q'. (LINT-34)
Warning: In design 'aes_encryption', three-state bus 'round_block_1_0[89]' has non three-state driver 'block_A_reg[89]/Q'. (LINT-34)
Warning: In design 'aes_encryption', three-state bus 'round_block_1_0[90]' has non three-state driver 'block_A_reg[90]/Q'. (LINT-34)
Warning: In design 'aes_encryption', three-state bus 'round_block_1_0[91]' has non three-state driver 'block_A_reg[91]/Q'. (LINT-34)
Warning: In design 'aes_encryption', three-state bus 'round_block_1_0[92]' has non three-state driver 'block_A_reg[92]/Q'. (LINT-34)
Warning: In design 'aes_encryption', three-state bus 'round_block_1_0[93]' has non three-state driver 'block_A_reg[93]/Q'. (LINT-34)
Warning: In design 'aes_encryption', three-state bus 'round_block_1_0[94]' has non three-state driver 'block_A_reg[94]/Q'. (LINT-34)
Warning: In design 'aes_encryption', three-state bus 'round_block_1_0[95]' has non three-state driver 'block_A_reg[95]/Q'. (LINT-34)
Warning: In design 'aes_encryption', three-state bus 'round_block_1_0[96]' has non three-state driver 'block_A_reg[96]/Q'. (LINT-34)
Warning: In design 'aes_encryption', three-state bus 'round_block_1_0[97]' has non three-state driver 'block_A_reg[97]/Q'. (LINT-34)
Warning: In design 'aes_encryption', three-state bus 'round_block_1_0[98]' has non three-state driver 'block_A_reg[98]/Q'. (LINT-34)
Warning: In design 'aes_encryption', three-state bus 'round_block_1_0[99]' has non three-state driver 'block_A_reg[99]/Q'. (LINT-34)
Warning: In design 'aes_encryption', three-state bus 'round_block_1_0[100]' has non three-state driver 'block_A_reg[100]/Q'. (LINT-34)
Warning: In design 'aes_encryption', three-state bus 'round_block_1_0[101]' has non three-state driver 'block_A_reg[101]/Q'. (LINT-34)
Warning: In design 'aes_encryption', three-state bus 'round_block_1_0[102]' has non three-state driver 'block_A_reg[102]/Q'. (LINT-34)
Warning: In design 'aes_encryption', three-state bus 'round_block_1_0[103]' has non three-state driver 'block_A_reg[103]/Q'. (LINT-34)
Warning: In design 'aes_encryption', three-state bus 'round_block_1_0[104]' has non three-state driver 'block_A_reg[104]/Q'. (LINT-34)
Warning: In design 'aes_encryption', three-state bus 'round_block_1_0[105]' has non three-state driver 'block_A_reg[105]/Q'. (LINT-34)
Warning: In design 'aes_encryption', three-state bus 'round_block_1_0[106]' has non three-state driver 'block_A_reg[106]/Q'. (LINT-34)
Warning: In design 'aes_encryption', three-state bus 'round_block_1_0[107]' has non three-state driver 'block_A_reg[107]/Q'. (LINT-34)
Warning: In design 'aes_encryption', three-state bus 'round_block_1_0[108]' has non three-state driver 'block_A_reg[108]/Q'. (LINT-34)
Warning: In design 'aes_encryption', three-state bus 'round_block_1_0[109]' has non three-state driver 'block_A_reg[109]/Q'. (LINT-34)
Warning: In design 'aes_encryption', three-state bus 'round_block_1_0[110]' has non three-state driver 'block_A_reg[110]/Q'. (LINT-34)
Warning: In design 'aes_encryption', three-state bus 'round_block_1_0[111]' has non three-state driver 'block_A_reg[111]/Q'. (LINT-34)
Warning: In design 'aes_encryption', three-state bus 'round_block_1_0[112]' has non three-state driver 'block_A_reg[112]/Q'. (LINT-34)
Warning: In design 'aes_encryption', three-state bus 'round_block_1_0[113]' has non three-state driver 'block_A_reg[113]/Q'. (LINT-34)
Warning: In design 'aes_encryption', three-state bus 'round_block_1_0[114]' has non three-state driver 'block_A_reg[114]/Q'. (LINT-34)
Warning: In design 'aes_encryption', three-state bus 'round_block_1_0[115]' has non three-state driver 'block_A_reg[115]/Q'. (LINT-34)
Warning: In design 'aes_encryption', three-state bus 'round_block_1_0[116]' has non three-state driver 'block_A_reg[116]/Q'. (LINT-34)
Warning: In design 'aes_encryption', three-state bus 'round_block_1_0[117]' has non three-state driver 'block_A_reg[117]/Q'. (LINT-34)
Warning: In design 'aes_encryption', three-state bus 'round_block_1_0[118]' has non three-state driver 'block_A_reg[118]/Q'. (LINT-34)
Warning: In design 'aes_encryption', three-state bus 'round_block_1_0[119]' has non three-state driver 'block_A_reg[119]/Q'. (LINT-34)
Warning: In design 'aes_encryption', three-state bus 'round_block_1_0[120]' has non three-state driver 'block_A_reg[120]/Q'. (LINT-34)
Warning: In design 'aes_encryption', three-state bus 'round_block_1_0[121]' has non three-state driver 'block_A_reg[121]/Q'. (LINT-34)
Warning: In design 'aes_encryption', three-state bus 'round_block_1_0[122]' has non three-state driver 'block_A_reg[122]/Q'. (LINT-34)
Warning: In design 'aes_encryption', three-state bus 'round_block_1_0[123]' has non three-state driver 'block_A_reg[123]/Q'. (LINT-34)
Warning: In design 'aes_encryption', three-state bus 'round_block_1_0[124]' has non three-state driver 'block_A_reg[124]/Q'. (LINT-34)
Warning: In design 'aes_encryption', three-state bus 'round_block_1_0[125]' has non three-state driver 'block_A_reg[125]/Q'. (LINT-34)
Warning: In design 'aes_encryption', three-state bus 'round_block_1_0[126]' has non three-state driver 'block_A_reg[126]/Q'. (LINT-34)
Warning: In design 'aes_encryption', three-state bus 'round_block_1_0[127]' has non three-state driver 'block_A_reg[127]/Q'. (LINT-34)
Warning: In design 'aes_encryption', three-state bus 'round_state_output[0]' has non three-state driver 'state_C_reg[0]/Q'. (LINT-34)
Warning: In design 'aes_encryption', three-state bus 'round_state_output[1]' has non three-state driver 'state_C_reg[1]/Q'. (LINT-34)
Warning: In design 'aes_encryption', three-state bus 'round_state_output[2]' has non three-state driver 'state_C_reg[2]/Q'. (LINT-34)
Warning: In design 'aes_encryption', three-state bus 'round_state_output[3]' has non three-state driver 'state_C_reg[3]/Q'. (LINT-34)
Warning: In design 'aes_encryption', three-state bus 'round_state_output[4]' has non three-state driver 'state_C_reg[4]/Q'. (LINT-34)
Warning: In design 'aes_encryption', three-state bus 'data_output[0]' has non three-state driver 'block_C_reg[0]/Q'. (LINT-34)
Warning: In design 'aes_encryption', three-state bus 'data_output[1]' has non three-state driver 'block_C_reg[1]/Q'. (LINT-34)
Warning: In design 'aes_encryption', three-state bus 'data_output[2]' has non three-state driver 'block_C_reg[2]/Q'. (LINT-34)
Warning: In design 'aes_encryption', three-state bus 'data_output[3]' has non three-state driver 'block_C_reg[3]/Q'. (LINT-34)
Warning: In design 'aes_encryption', three-state bus 'data_output[4]' has non three-state driver 'block_C_reg[4]/Q'. (LINT-34)
Warning: In design 'aes_encryption', three-state bus 'data_output[5]' has non three-state driver 'block_C_reg[5]/Q'. (LINT-34)
Warning: In design 'aes_encryption', three-state bus 'data_output[6]' has non three-state driver 'block_C_reg[6]/Q'. (LINT-34)
Warning: In design 'aes_encryption', three-state bus 'data_output[7]' has non three-state driver 'block_C_reg[7]/Q'. (LINT-34)
Warning: In design 'aes_encryption', three-state bus 'data_output[8]' has non three-state driver 'block_C_reg[8]/Q'. (LINT-34)
Warning: In design 'aes_encryption', three-state bus 'data_output[9]' has non three-state driver 'block_C_reg[9]/Q'. (LINT-34)
Warning: In design 'aes_encryption', three-state bus 'data_output[10]' has non three-state driver 'block_C_reg[10]/Q'. (LINT-34)
Warning: In design 'aes_encryption', three-state bus 'data_output[11]' has non three-state driver 'block_C_reg[11]/Q'. (LINT-34)
Warning: In design 'aes_encryption', three-state bus 'data_output[12]' has non three-state driver 'block_C_reg[12]/Q'. (LINT-34)
Warning: In design 'aes_encryption', three-state bus 'data_output[13]' has non three-state driver 'block_C_reg[13]/Q'. (LINT-34)
Warning: In design 'aes_encryption', three-state bus 'data_output[14]' has non three-state driver 'block_C_reg[14]/Q'. (LINT-34)
Warning: In design 'aes_encryption', three-state bus 'data_output[15]' has non three-state driver 'block_C_reg[15]/Q'. (LINT-34)
Warning: In design 'aes_encryption', three-state bus 'data_output[16]' has non three-state driver 'block_C_reg[16]/Q'. (LINT-34)
Warning: In design 'aes_encryption', three-state bus 'data_output[17]' has non three-state driver 'block_C_reg[17]/Q'. (LINT-34)
Warning: In design 'aes_encryption', three-state bus 'data_output[18]' has non three-state driver 'block_C_reg[18]/Q'. (LINT-34)
Warning: In design 'aes_encryption', three-state bus 'data_output[19]' has non three-state driver 'block_C_reg[19]/Q'. (LINT-34)
Warning: In design 'aes_encryption', three-state bus 'data_output[20]' has non three-state driver 'block_C_reg[20]/Q'. (LINT-34)
Warning: In design 'aes_encryption', three-state bus 'data_output[21]' has non three-state driver 'block_C_reg[21]/Q'. (LINT-34)
Warning: In design 'aes_encryption', three-state bus 'data_output[22]' has non three-state driver 'block_C_reg[22]/Q'. (LINT-34)
Warning: In design 'aes_encryption', three-state bus 'data_output[23]' has non three-state driver 'block_C_reg[23]/Q'. (LINT-34)
Warning: In design 'aes_encryption', three-state bus 'data_output[24]' has non three-state driver 'block_C_reg[24]/Q'. (LINT-34)
Warning: In design 'aes_encryption', three-state bus 'data_output[25]' has non three-state driver 'block_C_reg[25]/Q'. (LINT-34)
Warning: In design 'aes_encryption', three-state bus 'data_output[26]' has non three-state driver 'block_C_reg[26]/Q'. (LINT-34)
Warning: In design 'aes_encryption', three-state bus 'data_output[27]' has non three-state driver 'block_C_reg[27]/Q'. (LINT-34)
Warning: In design 'aes_encryption', three-state bus 'data_output[28]' has non three-state driver 'block_C_reg[28]/Q'. (LINT-34)
Warning: In design 'aes_encryption', three-state bus 'data_output[29]' has non three-state driver 'block_C_reg[29]/Q'. (LINT-34)
Warning: In design 'aes_encryption', three-state bus 'data_output[30]' has non three-state driver 'block_C_reg[30]/Q'. (LINT-34)
Warning: In design 'aes_encryption', three-state bus 'data_output[31]' has non three-state driver 'block_C_reg[31]/Q'. (LINT-34)
Warning: In design 'aes_encryption', three-state bus 'data_output[32]' has non three-state driver 'block_C_reg[32]/Q'. (LINT-34)
Warning: In design 'aes_encryption', three-state bus 'data_output[33]' has non three-state driver 'block_C_reg[33]/Q'. (LINT-34)
Warning: In design 'aes_encryption', three-state bus 'data_output[34]' has non three-state driver 'block_C_reg[34]/Q'. (LINT-34)
Warning: In design 'aes_encryption', three-state bus 'data_output[35]' has non three-state driver 'block_C_reg[35]/Q'. (LINT-34)
Warning: In design 'aes_encryption', three-state bus 'data_output[36]' has non three-state driver 'block_C_reg[36]/Q'. (LINT-34)
Warning: In design 'aes_encryption', three-state bus 'data_output[37]' has non three-state driver 'block_C_reg[37]/Q'. (LINT-34)
Warning: In design 'aes_encryption', three-state bus 'data_output[38]' has non three-state driver 'block_C_reg[38]/Q'. (LINT-34)
Warning: In design 'aes_encryption', three-state bus 'data_output[39]' has non three-state driver 'block_C_reg[39]/Q'. (LINT-34)
Warning: In design 'aes_encryption', three-state bus 'data_output[40]' has non three-state driver 'block_C_reg[40]/Q'. (LINT-34)
Warning: In design 'aes_encryption', three-state bus 'data_output[41]' has non three-state driver 'block_C_reg[41]/Q'. (LINT-34)
Warning: In design 'aes_encryption', three-state bus 'data_output[42]' has non three-state driver 'block_C_reg[42]/Q'. (LINT-34)
Warning: In design 'aes_encryption', three-state bus 'data_output[43]' has non three-state driver 'block_C_reg[43]/Q'. (LINT-34)
Warning: In design 'aes_encryption', three-state bus 'data_output[44]' has non three-state driver 'block_C_reg[44]/Q'. (LINT-34)
Warning: In design 'aes_encryption', three-state bus 'data_output[45]' has non three-state driver 'block_C_reg[45]/Q'. (LINT-34)
Warning: In design 'aes_encryption', three-state bus 'data_output[46]' has non three-state driver 'block_C_reg[46]/Q'. (LINT-34)
Warning: In design 'aes_encryption', three-state bus 'data_output[47]' has non three-state driver 'block_C_reg[47]/Q'. (LINT-34)
Warning: In design 'aes_encryption', three-state bus 'data_output[48]' has non three-state driver 'block_C_reg[48]/Q'. (LINT-34)
Warning: In design 'aes_encryption', three-state bus 'data_output[49]' has non three-state driver 'block_C_reg[49]/Q'. (LINT-34)
Warning: In design 'aes_encryption', three-state bus 'data_output[50]' has non three-state driver 'block_C_reg[50]/Q'. (LINT-34)
Warning: In design 'aes_encryption', three-state bus 'data_output[51]' has non three-state driver 'block_C_reg[51]/Q'. (LINT-34)
Warning: In design 'aes_encryption', three-state bus 'data_output[52]' has non three-state driver 'block_C_reg[52]/Q'. (LINT-34)
Warning: In design 'aes_encryption', three-state bus 'data_output[53]' has non three-state driver 'block_C_reg[53]/Q'. (LINT-34)
Warning: In design 'aes_encryption', three-state bus 'data_output[54]' has non three-state driver 'block_C_reg[54]/Q'. (LINT-34)
Warning: In design 'aes_encryption', three-state bus 'data_output[55]' has non three-state driver 'block_C_reg[55]/Q'. (LINT-34)
Warning: In design 'aes_encryption', three-state bus 'data_output[56]' has non three-state driver 'block_C_reg[56]/Q'. (LINT-34)
Warning: In design 'aes_encryption', three-state bus 'data_output[57]' has non three-state driver 'block_C_reg[57]/Q'. (LINT-34)
Warning: In design 'aes_encryption', three-state bus 'data_output[58]' has non three-state driver 'block_C_reg[58]/Q'. (LINT-34)
Warning: In design 'aes_encryption', three-state bus 'data_output[59]' has non three-state driver 'block_C_reg[59]/Q'. (LINT-34)
Warning: In design 'aes_encryption', three-state bus 'data_output[60]' has non three-state driver 'block_C_reg[60]/Q'. (LINT-34)
Warning: In design 'aes_encryption', three-state bus 'data_output[61]' has non three-state driver 'block_C_reg[61]/Q'. (LINT-34)
Warning: In design 'aes_encryption', three-state bus 'data_output[62]' has non three-state driver 'block_C_reg[62]/Q'. (LINT-34)
Warning: In design 'aes_encryption', three-state bus 'data_output[63]' has non three-state driver 'block_C_reg[63]/Q'. (LINT-34)
Warning: In design 'aes_encryption', three-state bus 'data_output[64]' has non three-state driver 'block_C_reg[64]/Q'. (LINT-34)
Warning: In design 'aes_encryption', three-state bus 'data_output[65]' has non three-state driver 'block_C_reg[65]/Q'. (LINT-34)
Warning: In design 'aes_encryption', three-state bus 'data_output[66]' has non three-state driver 'block_C_reg[66]/Q'. (LINT-34)
Warning: In design 'aes_encryption', three-state bus 'data_output[67]' has non three-state driver 'block_C_reg[67]/Q'. (LINT-34)
Warning: In design 'aes_encryption', three-state bus 'data_output[68]' has non three-state driver 'block_C_reg[68]/Q'. (LINT-34)
Warning: In design 'aes_encryption', three-state bus 'data_output[69]' has non three-state driver 'block_C_reg[69]/Q'. (LINT-34)
Warning: In design 'aes_encryption', three-state bus 'data_output[70]' has non three-state driver 'block_C_reg[70]/Q'. (LINT-34)
Warning: In design 'aes_encryption', three-state bus 'data_output[71]' has non three-state driver 'block_C_reg[71]/Q'. (LINT-34)
Warning: In design 'aes_encryption', three-state bus 'data_output[72]' has non three-state driver 'block_C_reg[72]/Q'. (LINT-34)
Warning: In design 'aes_encryption', three-state bus 'data_output[73]' has non three-state driver 'block_C_reg[73]/Q'. (LINT-34)
Warning: In design 'aes_encryption', three-state bus 'data_output[74]' has non three-state driver 'block_C_reg[74]/Q'. (LINT-34)
Warning: In design 'aes_encryption', three-state bus 'data_output[75]' has non three-state driver 'block_C_reg[75]/Q'. (LINT-34)
Warning: In design 'aes_encryption', three-state bus 'data_output[76]' has non three-state driver 'block_C_reg[76]/Q'. (LINT-34)
Warning: In design 'aes_encryption', three-state bus 'data_output[77]' has non three-state driver 'block_C_reg[77]/Q'. (LINT-34)
Warning: In design 'aes_encryption', three-state bus 'data_output[78]' has non three-state driver 'block_C_reg[78]/Q'. (LINT-34)
Warning: In design 'aes_encryption', three-state bus 'data_output[79]' has non three-state driver 'block_C_reg[79]/Q'. (LINT-34)
Warning: In design 'aes_encryption', three-state bus 'data_output[80]' has non three-state driver 'block_C_reg[80]/Q'. (LINT-34)
Warning: In design 'aes_encryption', three-state bus 'data_output[81]' has non three-state driver 'block_C_reg[81]/Q'. (LINT-34)
Warning: In design 'aes_encryption', three-state bus 'data_output[82]' has non three-state driver 'block_C_reg[82]/Q'. (LINT-34)
Warning: In design 'aes_encryption', three-state bus 'data_output[83]' has non three-state driver 'block_C_reg[83]/Q'. (LINT-34)
Warning: In design 'aes_encryption', three-state bus 'data_output[84]' has non three-state driver 'block_C_reg[84]/Q'. (LINT-34)
Warning: In design 'aes_encryption', three-state bus 'data_output[85]' has non three-state driver 'block_C_reg[85]/Q'. (LINT-34)
Warning: In design 'aes_encryption', three-state bus 'data_output[86]' has non three-state driver 'block_C_reg[86]/Q'. (LINT-34)
Warning: In design 'aes_encryption', three-state bus 'data_output[87]' has non three-state driver 'block_C_reg[87]/Q'. (LINT-34)
Warning: In design 'aes_encryption', three-state bus 'data_output[88]' has non three-state driver 'block_C_reg[88]/Q'. (LINT-34)
Warning: In design 'aes_encryption', three-state bus 'data_output[89]' has non three-state driver 'block_C_reg[89]/Q'. (LINT-34)
Warning: In design 'aes_encryption', three-state bus 'data_output[90]' has non three-state driver 'block_C_reg[90]/Q'. (LINT-34)
Warning: In design 'aes_encryption', three-state bus 'data_output[91]' has non three-state driver 'block_C_reg[91]/Q'. (LINT-34)
Warning: In design 'aes_encryption', three-state bus 'data_output[92]' has non three-state driver 'block_C_reg[92]/Q'. (LINT-34)
Warning: In design 'aes_encryption', three-state bus 'data_output[93]' has non three-state driver 'block_C_reg[93]/Q'. (LINT-34)
Warning: In design 'aes_encryption', three-state bus 'data_output[94]' has non three-state driver 'block_C_reg[94]/Q'. (LINT-34)
Warning: In design 'aes_encryption', three-state bus 'data_output[95]' has non three-state driver 'block_C_reg[95]/Q'. (LINT-34)
Warning: In design 'aes_encryption', three-state bus 'data_output[96]' has non three-state driver 'block_C_reg[96]/Q'. (LINT-34)
Warning: In design 'aes_encryption', three-state bus 'data_output[97]' has non three-state driver 'block_C_reg[97]/Q'. (LINT-34)
Warning: In design 'aes_encryption', three-state bus 'data_output[98]' has non three-state driver 'block_C_reg[98]/Q'. (LINT-34)
Warning: In design 'aes_encryption', three-state bus 'data_output[99]' has non three-state driver 'block_C_reg[99]/Q'. (LINT-34)
Warning: In design 'aes_encryption', three-state bus 'data_output[100]' has non three-state driver 'block_C_reg[100]/Q'. (LINT-34)
Warning: In design 'aes_encryption', three-state bus 'data_output[101]' has non three-state driver 'block_C_reg[101]/Q'. (LINT-34)
Warning: In design 'aes_encryption', three-state bus 'data_output[102]' has non three-state driver 'block_C_reg[102]/Q'. (LINT-34)
Warning: In design 'aes_encryption', three-state bus 'data_output[103]' has non three-state driver 'block_C_reg[103]/Q'. (LINT-34)
Warning: In design 'aes_encryption', three-state bus 'data_output[104]' has non three-state driver 'block_C_reg[104]/Q'. (LINT-34)
Warning: In design 'aes_encryption', three-state bus 'data_output[105]' has non three-state driver 'block_C_reg[105]/Q'. (LINT-34)
Warning: In design 'aes_encryption', three-state bus 'data_output[106]' has non three-state driver 'block_C_reg[106]/Q'. (LINT-34)
Warning: In design 'aes_encryption', three-state bus 'data_output[107]' has non three-state driver 'block_C_reg[107]/Q'. (LINT-34)
Warning: In design 'aes_encryption', three-state bus 'data_output[108]' has non three-state driver 'block_C_reg[108]/Q'. (LINT-34)
Warning: In design 'aes_encryption', three-state bus 'data_output[109]' has non three-state driver 'block_C_reg[109]/Q'. (LINT-34)
Warning: In design 'aes_encryption', three-state bus 'data_output[110]' has non three-state driver 'block_C_reg[110]/Q'. (LINT-34)
Warning: In design 'aes_encryption', three-state bus 'data_output[111]' has non three-state driver 'block_C_reg[111]/Q'. (LINT-34)
Warning: In design 'aes_encryption', three-state bus 'data_output[112]' has non three-state driver 'block_C_reg[112]/Q'. (LINT-34)
Warning: In design 'aes_encryption', three-state bus 'data_output[113]' has non three-state driver 'block_C_reg[113]/Q'. (LINT-34)
Warning: In design 'aes_encryption', three-state bus 'data_output[114]' has non three-state driver 'block_C_reg[114]/Q'. (LINT-34)
Warning: In design 'aes_encryption', three-state bus 'data_output[115]' has non three-state driver 'block_C_reg[115]/Q'. (LINT-34)
Warning: In design 'aes_encryption', three-state bus 'data_output[116]' has non three-state driver 'block_C_reg[116]/Q'. (LINT-34)
Warning: In design 'aes_encryption', three-state bus 'data_output[117]' has non three-state driver 'block_C_reg[117]/Q'. (LINT-34)
Warning: In design 'aes_encryption', three-state bus 'data_output[118]' has non three-state driver 'block_C_reg[118]/Q'. (LINT-34)
Warning: In design 'aes_encryption', three-state bus 'data_output[119]' has non three-state driver 'block_C_reg[119]/Q'. (LINT-34)
Warning: In design 'aes_encryption', three-state bus 'data_output[120]' has non three-state driver 'block_C_reg[120]/Q'. (LINT-34)
Warning: In design 'aes_encryption', three-state bus 'data_output[121]' has non three-state driver 'block_C_reg[121]/Q'. (LINT-34)
Warning: In design 'aes_encryption', three-state bus 'data_output[122]' has non three-state driver 'block_C_reg[122]/Q'. (LINT-34)
Warning: In design 'aes_encryption', three-state bus 'data_output[123]' has non three-state driver 'block_C_reg[123]/Q'. (LINT-34)
Warning: In design 'aes_encryption', three-state bus 'data_output[124]' has non three-state driver 'block_C_reg[124]/Q'. (LINT-34)
Warning: In design 'aes_encryption', three-state bus 'data_output[125]' has non three-state driver 'block_C_reg[125]/Q'. (LINT-34)
Warning: In design 'aes_encryption', three-state bus 'data_output[126]' has non three-state driver 'block_C_reg[126]/Q'. (LINT-34)
Warning: In design 'aes_encryption', three-state bus 'data_output[127]' has non three-state driver 'block_C_reg[127]/Q'. (LINT-34)
quit

Thank you...
Done


