Synthesizing design: aes_block.sv
dc_shell-t -x "source -echo do_mapping.tcl"
                                        
                           Design Compiler Graphical 
                                 DC Ultra (TM)
                                  DFTMAX (TM)
                              Power Compiler (TM)
                                 DesignWare (R)
                                 DC Expert (TM)
                               Design Vision (TM)
                               HDL Compiler (TM)
                               VHDL Compiler (TM)
                                  DFT Compiler
                               Design Compiler(R)
                                        
               Version K-2015.06-SP1 for linux64 - Jul 21, 2015 
                                        
                    Copyright (c) 1988 - 2015 Synopsys, Inc.
   This software and the associated documentation are proprietary to Synopsys,
 Inc. This software may only be used in accordance with the terms and conditions
 of a written license agreement with Synopsys, Inc. All other use, reproduction,
            or distribution of this software is strictly prohibited.
Initializing...
Initializing gui preferences from file  /home/ecegrid/a/mg85/.synopsys_dv_prefs.tcl
# Step 1:  Read in the source file
analyze -format sverilog -lib WORK { aes_block.sv}
Running PRESTO HDLC
Compiling source file ./source/aes_block.sv
Presto compilation completed successfully.
Loading db file '/package/eda/cells/OSU/v2.7/synopsys/lib/ami05/osu05_stdcells.db'
Loading db file '/package/eda/synopsys/syn-K-2015.06-SP1/libraries/syn/dw_foundation.sldb'
elaborate aes_block -lib WORK
Loading db file '/package/eda/synopsys/syn-K-2015.06-SP1/libraries/syn/gtech.db'
Loading db file '/package/eda/synopsys/syn-K-2015.06-SP1/libraries/syn/standard.sldb'
  Loading link library 'osu05_stdcells'
  Loading link library 'gtech'
Running PRESTO HDLC
Presto compilation completed successfully.
Elaborated 1 design.
Current design is now 'aes_block'.
Information: Building the design 'aes_encryption'. (HDL-193)
Warning: Cannot find the design 'aes_encryption' in the library 'WORK'. (LBR-1)
Information: Building the design 'aes_decryption'. (HDL-193)
Warning: Cannot find the design 'aes_decryption' in the library 'WORK'. (LBR-1)
Warning: Design 'aes_block' has '2' unresolved references. For more detailed information, use the "link" command. (UID-341)
uniquify
Warning: Design 'aes_block' has '2' unresolved references. For more detailed information, use the "link" command. (UID-341)
# Step 2: Set design constraints
# Uncomment below to set timing, area, power, etc. constraints
# set_max_delay <delay> -from "<input>" -to "<output>"
# set_max_area <area>
# set_max_total_power <power> mW
create_clock "clk" -name "clk" -period 5.0
Warning: Design 'aes_block' has '2' unresolved references. For more detailed information, use the "link" command. (UID-341)
# Step 3: Compile the design
compile -map_effort medium
Warning: Design 'aes_block' has '2' unresolved references. For more detailed information, use the "link" command. (UID-341)
Information: Evaluating DesignWare library utilization. (UISN-27)

============================================================================
| DesignWare Building Block Library  |         Version         | Available |
============================================================================
| Basic DW Building Blocks           | K-2015.06-DWBB_201506.1 |     *     |
| Licensed DW Building Blocks        | K-2015.06-DWBB_201506.1 |           |
============================================================================


Information: There are 7 potential problems in your design. Please run 'check_design' for more information. (LINT-99)



  Beginning Pass 1 Mapping
  ------------------------
  Processing 'aes_block'
Information: Building the design 'aes_encryption'. (HDL-193)
Warning: Cannot find the design 'aes_encryption' in the library 'WORK'. (LBR-1)
Information: Building the design 'aes_decryption'. (HDL-193)
Warning: Cannot find the design 'aes_decryption' in the library 'WORK'. (LBR-1)
Warning: Unable to resolve reference 'aes_encryption' in 'aes_block'. (LINK-5)
Warning: Unable to resolve reference 'aes_decryption' in 'aes_block'. (LINK-5)

  Updating timing information
Information: Updating design information... (UID-85)

  Beginning Mapping Optimizations  (Medium effort)
  -------------------------------

                                  TOTAL                                      
   ELAPSED            WORST NEG   SETUP    DESIGN                            
    TIME      AREA      SLACK     COST    RULE COST         ENDPOINT         
  --------- --------- --------- --------- --------- -------------------------
    0:00:00    1656.0      0.00       0.0       0.0                          
    0:00:00    1656.0      0.00       0.0       0.0                          
    0:00:00    1656.0      0.00       0.0       0.0                          
    0:00:00    1656.0      0.00       0.0       0.0                          
    0:00:00    1656.0      0.00       0.0       0.0                          
    0:00:00    1656.0      0.00       0.0       0.0                          
    0:00:00    1656.0      0.00       0.0       0.0                          
    0:00:00    1656.0      0.00       0.0       0.0                          
    0:00:00    1656.0      0.00       0.0       0.0                          
    0:00:00    1656.0      0.00       0.0       0.0                          
    0:00:00    1656.0      0.00       0.0       0.0                          
    0:00:00    1656.0      0.00       0.0       0.0                          



  Beginning Delay Optimization Phase
  ----------------------------------

                                  TOTAL                                      
   ELAPSED            WORST NEG   SETUP    DESIGN                            
    TIME      AREA      SLACK     COST    RULE COST         ENDPOINT         
  --------- --------- --------- --------- --------- -------------------------
    0:00:00    1656.0      0.00       0.0       0.0                          
    0:00:00    1656.0      0.00       0.0       0.0                          
    0:00:00    1656.0      0.00       0.0       0.0                          


  Beginning Area-Recovery Phase  (cleanup)
  -----------------------------

                                  TOTAL                                      
   ELAPSED            WORST NEG   SETUP    DESIGN                            
    TIME      AREA      SLACK     COST    RULE COST         ENDPOINT         
  --------- --------- --------- --------- --------- -------------------------
    0:00:00    1656.0      0.00       0.0       0.0                          
    0:00:00    1656.0      0.00       0.0       0.0                          
    0:00:00    1656.0      0.00       0.0       0.0                          
    0:00:00    1656.0      0.00       0.0       0.0                          
    0:00:00    1656.0      0.00       0.0       0.0                          
    0:00:00    1656.0      0.00       0.0       0.0                          
    0:00:00    1656.0      0.00       0.0       0.0                          
    0:00:00    1656.0      0.00       0.0       0.0                          
    0:00:00    1656.0      0.00       0.0       0.0                          
    0:00:00    1656.0      0.00       0.0       0.0                          
    0:00:00    1656.0      0.00       0.0       0.0                          
Loading db file '/package/eda/cells/OSU/v2.7/synopsys/lib/ami05/osu05_stdcells.db'


Note: Symbol # after min delay cost means estimated hold TNS across all active scenarios 


  Optimization Complete
  ---------------------
# Step 4: Output reports
report_timing -path full -delay max -max_paths 1 -nworst 1 > reports/aes_block.rep
report_area >> reports/aes_block.rep
report_power -hier >> reports/aes_block.rep
# Step 5: Output final VHDL and Verilog files
write_file -format verilog -hierarchy -output "mapped/aes_block.v"
Warning: Design 'aes_block' has '2' unresolved references. For more detailed information, use the "link" command. (UID-341)
Writing verilog file '/home/ecegrid/a/mg85/ece337/337Project/mapped/aes_block.v'.
echo "\nScript Done\n"

Script Done

echo "\nChecking Design\n"

Checking Design

check_design
Warning: Design 'aes_block' has '2' unresolved references. For more detailed information, use the "link" command. (UID-341)
 
****************************************
check_design summary:
Version:     K-2015.06-SP1
Date:        Tue Apr 18 00:39:32 2017
****************************************

                   Name                                            Total
--------------------------------------------------------------------------------
Inputs/Outputs                                                      7
    Multiply driven inputs (LINT-6)                                 7
--------------------------------------------------------------------------------

Warning: In design 'aes_block', input port 'clk' drives wired logic; the port direction may have been specified incorrectly. (LINT-6)
Warning: In design 'aes_block', input port 'n_rst' drives wired logic; the port direction may have been specified incorrectly. (LINT-6)
Warning: In design 'aes_block', input port 'rx_fifo_out' drives wired logic; the port direction may have been specified incorrectly. (LINT-6)
Warning: In design 'aes_block', input port 'read_fifo' drives wired logic; the port direction may have been specified incorrectly. (LINT-6)
Warning: In design 'aes_block', input port 'round_key_input' drives wired logic; the port direction may have been specified incorrectly. (LINT-6)
Warning: In design 'aes_block', input port 'round_key_0' drives wired logic; the port direction may have been specified incorrectly. (LINT-6)
Warning: In design 'aes_block', input port 'tx_fifo_full' drives wired logic; the port direction may have been specified incorrectly. (LINT-6)
quit

Thank you...
Done


