Synthesizing design: byte_sub.sv
dc_shell-t -x "source -echo do_mapping.tcl"
                                        
                           Design Compiler Graphical 
                                 DC Ultra (TM)
                                  DFTMAX (TM)
                              Power Compiler (TM)
                                 DesignWare (R)
                                 DC Expert (TM)
                               Design Vision (TM)
                               HDL Compiler (TM)
                               VHDL Compiler (TM)
                                  DFT Compiler
                               Design Compiler(R)
                                        
               Version K-2015.06-SP1 for linux64 - Jul 21, 2015 
                                        
                    Copyright (c) 1988 - 2015 Synopsys, Inc.
   This software and the associated documentation are proprietary to Synopsys,
 Inc. This software may only be used in accordance with the terms and conditions
 of a written license agreement with Synopsys, Inc. All other use, reproduction,
            or distribution of this software is strictly prohibited.
Initializing...
Initializing gui preferences from file  /home/ecegrid/a/mg85/.synopsys_dv_prefs.tcl
# Step 1:  Read in the source file
analyze -format sverilog -lib WORK { byte_sub.sv}
Running PRESTO HDLC
Compiling source file ./source/byte_sub.sv
Presto compilation completed successfully.
Loading db file '/package/eda/cells/OSU/v2.7/synopsys/lib/ami05/osu05_stdcells.db'
Loading db file '/package/eda/synopsys/syn-K-2015.06-SP1/libraries/syn/dw_foundation.sldb'
elaborate byte_sub -lib WORK
Loading db file '/package/eda/synopsys/syn-K-2015.06-SP1/libraries/syn/gtech.db'
Loading db file '/package/eda/synopsys/syn-K-2015.06-SP1/libraries/syn/standard.sldb'
  Loading link library 'osu05_stdcells'
  Loading link library 'gtech'
Running PRESTO HDLC
Statistics for MUX_OPs
===========================================================
| block name/line  | Inputs | Outputs | # sel inputs | MB |
===========================================================
|    byte_sub/8    |   4    |   32    |      2       | N  |
|    byte_sub/8    |   4    |    8    |      2       | N  |
===========================================================
Presto compilation completed successfully.
Elaborated 1 design.
Current design is now 'byte_sub'.
uniquify
# Step 2: Set design constraints
# Uncomment below to set timing, area, power, etc. constraints
# set_max_delay <delay> -from "<input>" -to "<output>"
# set_max_area <area>
# set_max_total_power <power> mW
create_clock "clk" -name "clk" -period 5.0
Warning: Can't find object 'clk' in design 'byte_sub'. (UID-95)
Error: Value for list 'source_objects' must have 1 elements. (CMD-036)
# Step 3: Compile the design
compile -map_effort medium
Information: Evaluating DesignWare library utilization. (UISN-27)

============================================================================
| DesignWare Building Block Library  |         Version         | Available |
============================================================================
| Basic DW Building Blocks           | K-2015.06-DWBB_201506.1 |     *     |
| Licensed DW Building Blocks        | K-2015.06-DWBB_201506.1 |           |
============================================================================


Information: There are 4 potential problems in your design. Please run 'check_design' for more information. (LINT-99)



  Beginning Pass 1 Mapping
  ------------------------
  Processing 'byte_sub'

  Updating timing information
Information: Updating design information... (UID-85)
Information: Design 'byte_sub' has no optimization constraints set. (OPT-108)

  Beginning Implementation Selection
  ----------------------------------

  Beginning Mapping Optimizations  (Medium effort)
  -------------------------------

                                  TOTAL                                      
   ELAPSED            WORST NEG   SETUP    DESIGN                            
    TIME      AREA      SLACK     COST    RULE COST         ENDPOINT         
  --------- --------- --------- --------- --------- -------------------------
    0:00:01   39744.0      0.00       0.0       2.6                          
    0:00:01   39744.0      0.00       0.0       2.6                          
    0:00:01   39744.0      0.00       0.0       2.6                          
    0:00:01   39744.0      0.00       0.0       2.6                          
    0:00:01   39744.0      0.00       0.0       2.6                          
    0:00:01   39744.0      0.00       0.0       2.6                          
    0:00:01   39744.0      0.00       0.0       2.6                          
    0:00:01   39744.0      0.00       0.0       2.6                          
    0:00:01   39744.0      0.00       0.0       2.6                          
    0:00:01   39960.0      0.00       0.0       2.0                          
    0:00:01   39960.0      0.00       0.0       2.0                          
    0:00:01   39960.0      0.00       0.0       2.0                          
    0:00:01   39960.0      0.00       0.0       2.0                          



  Beginning Delay Optimization Phase
  ----------------------------------

                                  TOTAL                                      
   ELAPSED            WORST NEG   SETUP    DESIGN                            
    TIME      AREA      SLACK     COST    RULE COST         ENDPOINT         
  --------- --------- --------- --------- --------- -------------------------
    0:00:01   39960.0      0.00       0.0       2.0                          
    0:00:01   39960.0      0.00       0.0       2.0                          
    0:00:01   39960.0      0.00       0.0       2.0                          


  Beginning Design Rule Fixing  (max_capacitance)
  ----------------------------

                                  TOTAL                                      
   ELAPSED            WORST NEG   SETUP    DESIGN                            
    TIME      AREA      SLACK     COST    RULE COST         ENDPOINT         
  --------- --------- --------- --------- --------- -------------------------
    0:00:01   39960.0      0.00       0.0       2.0                          
    0:00:01   41040.0      0.00       0.0       0.0                          


  Beginning Area-Recovery Phase  (cleanup)
  -----------------------------

                                  TOTAL                                      
   ELAPSED            WORST NEG   SETUP    DESIGN                            
    TIME      AREA      SLACK     COST    RULE COST         ENDPOINT         
  --------- --------- --------- --------- --------- -------------------------
    0:00:01   41040.0      0.00       0.0       0.0                          
    0:00:01   41040.0      0.00       0.0       0.0                          
    0:00:01   40824.0      0.00       0.0       0.0                          
    0:00:01   40824.0      0.00       0.0       0.0                          
    0:00:01   40824.0      0.00       0.0       0.0                          
    0:00:01   40824.0      0.00       0.0       0.0                          
    0:00:01   40824.0      0.00       0.0       0.0                          
    0:00:01   40824.0      0.00       0.0       0.0                          
    0:00:01   40824.0      0.00       0.0       0.0                          
    0:00:01   40824.0      0.00       0.0       0.0                          
    0:00:01   40824.0      0.00       0.0       0.0                          
Loading db file '/package/eda/cells/OSU/v2.7/synopsys/lib/ami05/osu05_stdcells.db'


Note: Symbol # after min delay cost means estimated hold TNS across all active scenarios 


  Optimization Complete
  ---------------------
# Step 4: Output reports
report_timing -path full -delay max -max_paths 1 -nworst 1 > reports/byte_sub.rep
report_area >> reports/byte_sub.rep
report_power -hier >> reports/byte_sub.rep
# Step 5: Output final VHDL and Verilog files
write_file -format verilog -hierarchy -output "mapped/byte_sub.v"
Writing verilog file '/home/ecegrid/a/mg85/ece337/337Project/mapped/byte_sub.v'.
echo "\nScript Done\n"

Script Done

echo "\nChecking Design\n"

Checking Design

check_design
 
****************************************
check_design summary:
Version:     K-2015.06-SP1
Date:        Tue Apr 18 00:47:48 2017
****************************************

                   Name                                            Total
--------------------------------------------------------------------------------
Inputs/Outputs                                                      4
    Unconnected ports (LINT-28)                                     4
--------------------------------------------------------------------------------

Warning: In design 'byte_sub', port 'data_i[0]' is not connected to any nets. (LINT-28)
Warning: In design 'byte_sub', port 'data_i[1]' is not connected to any nets. (LINT-28)
Warning: In design 'byte_sub', port 'data_i[4]' is not connected to any nets. (LINT-28)
Warning: In design 'byte_sub', port 'data_i[5]' is not connected to any nets. (LINT-28)
quit

Thank you...
Done


