/home/ecegrid/a/mg85/.synopsys_vss.setup
/home/ecegrid/a/mg85/.synopsys_vss.setup
/home/ecegrid/a/mg85/.synopsys_vss.setup
/home/ecegrid/a/mg85/.synopsys_vss.setup
/package/eda/synopsys/syn-K-2015.06-SP1/auxx/gui/dv/dv_setup.tcl
/package/eda/synopsys/syn-K-2015.06-SP1/auxx/gui/syn/snpsSynProcs.tcl
/package/eda/synopsys/syn-K-2015.06-SP1/auxx/tcllib/lib/tcl8.5/tm.tcl
/package/eda/synopsys/syn-K-2015.06-SP1/auxx/tcllib/lib/tcl8.5/package.tcl
/package/eda/synopsys/syn-K-2015.06-SP1/auxx/gui/syn/layout/pkgIndex.tcl
/package/eda/synopsys/syn-K-2015.06-SP1/auxx/gui/common/WindowFrameWork/pkgIndex.tcl
/package/eda/synopsys/syn-K-2015.06-SP1/auxx/gui/common/acg/pkgIndex.tcl
/package/eda/synopsys/syn-K-2015.06-SP1/auxx/gui/common/commandform/pkgIndex.tcl
/package/eda/synopsys/syn-K-2015.06-SP1/auxx/gui/common/dialogs/pkgIndex.tcl
/package/eda/synopsys/syn-K-2015.06-SP1/auxx/gui/common/docBrowser/pkgIndex.tcl
/package/eda/synopsys/syn-K-2015.06-SP1/auxx/gui/common/fanoutviewer/pkgIndex.tcl
/package/eda/synopsys/syn-K-2015.06-SP1/auxx/gui/common/hierarchy/pkgIndex.tcl
/package/eda/synopsys/syn-K-2015.06-SP1/auxx/gui/common/highlight/pkgIndex.tcl
/package/eda/synopsys/syn-K-2015.06-SP1/auxx/gui/common/histogram/pkgIndex.tcl
/package/eda/synopsys/syn-K-2015.06-SP1/auxx/gui/common/layout/pkgIndex.tcl
/package/eda/synopsys/syn-K-2015.06-SP1/auxx/gui/common/libviewer/pkgIndex.tcl
/package/eda/synopsys/syn-K-2015.06-SP1/auxx/gui/common/menus/pkgIndex.tcl
/package/eda/synopsys/syn-K-2015.06-SP1/auxx/gui/common/misc/pkgIndex.tcl
/package/eda/synopsys/syn-K-2015.06-SP1/auxx/gui/common/mrupalette/pkgIndex.tcl
/package/eda/synopsys/syn-K-2015.06-SP1/auxx/gui/common/opdlg/pkgIndex.tcl
/package/eda/synopsys/syn-K-2015.06-SP1/auxx/gui/common/palettegroup/pkgIndex.tcl
/package/eda/synopsys/syn-K-2015.06-SP1/auxx/gui/common/pathinspector/pkgIndex.tcl
/package/eda/synopsys/syn-K-2015.06-SP1/auxx/gui/common/profiler/pkgIndex.tcl
/package/eda/synopsys/syn-K-2015.06-SP1/auxx/gui/common/qtcl/pkgIndex.tcl
/package/eda/synopsys/syn-K-2015.06-SP1/auxx/gui/common/regressionToolkit/pkgIndex.tcl
/package/eda/synopsys/syn-K-2015.06-SP1/auxx/gui/common/schematic/pkgIndex.tcl
/package/eda/synopsys/syn-K-2015.06-SP1/auxx/gui/common/select/pkgIndex.tcl
/package/eda/synopsys/syn-K-2015.06-SP1/auxx/gui/common/setup/pkgIndex.tcl
/package/eda/synopsys/syn-K-2015.06-SP1/auxx/gui/common/strokes/pkgIndex.tcl
/package/eda/synopsys/syn-K-2015.06-SP1/auxx/gui/common/table/pkgIndex.tcl
/package/eda/synopsys/syn-K-2015.06-SP1/auxx/gui/common/tcl-dp/pkgIndex.tcl
/package/eda/synopsys/syn-K-2015.06-SP1/auxx/gui/common/tiledview/pkgIndex.tcl
/package/eda/synopsys/syn-K-2015.06-SP1/auxx/gui/common/timing/pkgIndex.tcl
/package/eda/synopsys/syn-K-2015.06-SP1/auxx/gui/common/tq/pkgIndex.tcl
/package/eda/synopsys/syn-K-2015.06-SP1/auxx/gui/common/view/pkgIndex.tcl
/package/eda/synopsys/syn-K-2015.06-SP1/auxx/gui/dv/pkgIndex.tcl
/package/eda/synopsys/syn-K-2015.06-SP1/auxx/tcllib/snps_tcl/snpsTclPro/pkgIndex.tcl
/package/eda/synopsys/syn-K-2015.06-SP1/auxx/tcllib/snps_tcl/snpsTest/pkgIndex.tcl
/package/eda/synopsys/syn-K-2015.06-SP1/auxx/tcllib/snps_tcl/snpsUtils/pkgIndex.tcl
/package/eda/synopsys/syn-K-2015.06-SP1/auxx/tcllib/snps_tcl/pkgIndex.tcl
/package/eda/synopsys/syn-K-2015.06-SP1/auxx/tcllib/lib/tcl8.5/dde/pkgIndex.tcl
/package/eda/synopsys/syn-K-2015.06-SP1/auxx/tcllib/lib/tcl8.5/http/pkgIndex.tcl
/package/eda/synopsys/syn-K-2015.06-SP1/auxx/tcllib/lib/tcl8.5/http1.0/pkgIndex.tcl
/package/eda/synopsys/syn-K-2015.06-SP1/auxx/tcllib/lib/tcl8.5/msgcat/pkgIndex.tcl
/package/eda/synopsys/syn-K-2015.06-SP1/auxx/tcllib/lib/tcl8.5/opt/pkgIndex.tcl
/package/eda/synopsys/syn-K-2015.06-SP1/auxx/tcllib/lib/tcl8.5/platform/pkgIndex.tcl
/package/eda/synopsys/syn-K-2015.06-SP1/auxx/tcllib/lib/tcl8.5/reg/pkgIndex.tcl
/package/eda/synopsys/syn-K-2015.06-SP1/auxx/tcllib/lib/tcl8.5/tcltest/pkgIndex.tcl
/package/eda/synopsys/syn-K-2015.06-SP1/auxx/gui/common/setup/snpsCommonSetup.tcl
/package/eda/synopsys/syn-K-2015.06-SP1/auxx/gui/common/setup/snpsCustomize.tcl
/package/eda/synopsys/syn-K-2015.06-SP1/auxx/gui/common/setup/snpsProcheck.tcl
/package/eda/synopsys/syn-K-2015.06-SP1/auxx/gui/common/qtcl/.synopsys_qtcl.tcl
/package/eda/synopsys/syn-K-2015.06-SP1/auxx/gui/common/highlight/highlight.tcl
/package/eda/synopsys/syn-K-2015.06-SP1/auxx/gui/common/misc/base.tcl
/package/eda/synopsys/syn-K-2015.06-SP1/auxx/gui/common/misc/timing.tcl
/package/eda/synopsys/syn-K-2015.06-SP1/auxx/gui/common/misc/setting.tcl
/package/eda/synopsys/syn-K-2015.06-SP1/auxx/gui/common/misc/preset.tcl
/package/eda/synopsys/syn-K-2015.06-SP1/auxx/gui/common/WindowFrameWork/windowFrameWork.tcl
/package/eda/synopsys/syn-K-2015.06-SP1/auxx/gui/common/WindowFrameWork/skipBusyCursorCmdList.tcl
/package/eda/synopsys/syn-K-2015.06-SP1/auxx/gui/common/docBrowser/docBrowser.tcl
/package/eda/synopsys/syn-K-2015.06-SP1/auxx/tcllib/snps_tcl/snpsUtils/snpsUtils.tcl
/package/eda/synopsys/syn-K-2015.06-SP1/auxx/gui/common/dialogs/ObjectChooser.tcl
/package/eda/synopsys/syn-K-2015.06-SP1/auxx/gui/common/misc/DialogObjectChooser.tcl
/package/eda/synopsys/syn-K-2015.06-SP1/auxx/gui/common/dialogs/HistBinInformation.tcl
/package/eda/synopsys/syn-K-2015.06-SP1/auxx/gui/common/dialogs/HistBin1Information.tcl
/package/eda/synopsys/syn-K-2015.06-SP1/auxx/gui/common/dialogs/BinsOnlyInformation.tcl
/package/eda/synopsys/syn-K-2015.06-SP1/auxx/gui/common/dialogs/FileChooser.tcl
/package/eda/synopsys/syn-K-2015.06-SP1/auxx/gui/common/dialogs/PathPinSimpleInfo.tcl
/package/eda/synopsys/syn-K-2015.06-SP1/auxx/gui/common/dialogs/PathsBasicInfo.tcl
/package/eda/synopsys/syn-K-2015.06-SP1/auxx/gui/common/dialogs/PathsBasicSimpleInfo.tcl
/package/eda/synopsys/syn-K-2015.06-SP1/auxx/gui/common/dialogs/SlctOperationInfo.tcl
/package/eda/synopsys/syn-K-2015.06-SP1/auxx/gui/common/dialogs/ObjectListInfo.tcl
/package/eda/synopsys/syn-K-2015.06-SP1/auxx/gui/common/dialogs/FanInOutInfo.tcl
/package/eda/synopsys/syn-K-2015.06-SP1/auxx/gui/common/dialogs/NumberOfLevelsChooser.tcl
/package/eda/synopsys/syn-K-2015.06-SP1/auxx/gui/common/dialogs/WindowReuseInfo.tcl
/package/eda/synopsys/syn-K-2015.06-SP1/auxx/gui/common/dialogs/ReportOutputOptionInfo.tcl
/package/eda/synopsys/syn-K-2015.06-SP1/auxx/gui/common/setup/snpsCollections.tcl
/package/eda/synopsys/syn-K-2015.06-SP1/auxx/gui/common/dialogs/CompileLinkDesign.tcl
/package/eda/synopsys/syn-K-2015.06-SP1/auxx/gui/common/histogram/DialogEndpointSlack.tcl
/package/eda/synopsys/syn-K-2015.06-SP1/auxx/gui/common/histogram/DialogPathsSlack.tcl
/package/eda/synopsys/syn-K-2015.06-SP1/auxx/gui/common/histogram/DialogNetCapacitance.tcl
/package/eda/synopsys/syn-K-2015.06-SP1/auxx/gui/common/schematic/DialogPathSchematicFanInOut.tcl
/package/eda/synopsys/syn-K-2015.06-SP1/auxx/gui/common/schematic/DialogPathSchematicAddPaths.tcl
/home/ecegrid/a/mg85/ece337/337Project/do_mapping.tcl
/home/ecegrid/a/mg85/.synopsys_vss.setup
/home/ecegrid/a/mg85/ece337/337Project/source/rcv_fifo_fsm.sv
/home/ecegrid/a/mg85/ece337/337Project/source/rcv_counter_tail.sv
/home/ecegrid/a/mg85/ece337/337Project/source/rcv_counter_head.sv
/home/ecegrid/a/mg85/ece337/337Project/source/rcv_counter_idx.sv
/home/ecegrid/a/mg85/ece337/337Project/source/rcv_comb_output.sv
/home/ecegrid/a/mg85/ece337/337Project/source/rcv_fifo_reg.sv
/home/ecegrid/a/mg85/ece337/337Project/source/fifo_flex_counter.sv
/home/ecegrid/a/mg85/ece337/337Project/source/tx_fifo_fsm.sv
/home/ecegrid/a/mg85/ece337/337Project/source/tx_counter_tail.sv
/home/ecegrid/a/mg85/ece337/337Project/source/tx_counter_head.sv
/home/ecegrid/a/mg85/ece337/337Project/source/tx_counter_idx.sv
/home/ecegrid/a/mg85/ece337/337Project/source/tx_comb_output.sv
/home/ecegrid/a/mg85/ece337/337Project/source/tx_fifo_reg.sv
/home/ecegrid/a/mg85/ece337/337Project/source/tx_fifo.sv
/home/ecegrid/a/mg85/ece337/337Project/source/rcv_fifo.sv
/home/ecegrid/a/mg85/ece337/337Project/source/ahb_regs.sv
/home/ecegrid/a/mg85/ece337/337Project/source/ahb_slave.sv
/home/ecegrid/a/mg85/ece337/337Project/source/aes_block.sv
/home/ecegrid/a/mg85/ece337/337Project/source/aes_encryption.sv
/home/ecegrid/a/mg85/ece337/337Project/source/aes_decryption.sv
/home/ecegrid/a/mg85/ece337/337Project/source/sub_bytes.sv
/home/ecegrid/a/mg85/ece337/337Project/source/inv_sub_bytes.sv
/home/ecegrid/a/mg85/ece337/337Project/source/shift_rows.sv
/home/ecegrid/a/mg85/ece337/337Project/source/inv_shift_rows.sv
/home/ecegrid/a/mg85/ece337/337Project/source/s_box_lookup.sv
/home/ecegrid/a/mg85/ece337/337Project/source/inv_s_box_lookup.sv
/home/ecegrid/a/mg85/ece337/337Project/source/mix_columns.sv
/home/ecegrid/a/mg85/ece337/337Project/source/inv_mix_columns.sv
/home/ecegrid/a/mg85/ece337/337Project/source/mix_columns_byte.sv
/home/ecegrid/a/mg85/ece337/337Project/source/data_block_select.sv
/home/ecegrid/a/mg85/ece337/337Project/source/xor_init.sv
/home/ecegrid/a/mg85/ece337/337Project/source/round_key_adder.sv
/home/ecegrid/a/mg85/ece337/337Project/source/incriment_state.sv
/home/ecegrid/a/mg85/ece337/337Project/source/key_generator.sv
/home/ecegrid/a/mg85/ece337/337Project/source/g_function.sv
/home/ecegrid/a/mg85/ece337/337Project/source/ahb_fifo_io.sv
/home/ecegrid/a/mg85/ece337/337Project/source/MCU.sv
/home/ecegrid/a/mg85/ece337/337Project/source/AES_toplevel.sv
/package/eda/cells/OSU/v2.7/synopsys/lib/ami05/osu05_stdcells.db
/package/eda/synopsys/syn-K-2015.06-SP1/libraries/syn/dw_foundation.sldb
/package/eda/synopsys/syn-K-2015.06-SP1/libraries/syn/gtech.db
/package/eda/synopsys/syn-K-2015.06-SP1/libraries/syn/standard.sldb
/home/ecegrid/a/mg85/.synopsys_vss.setup
/home/ecegrid/a/mg85/synopsys_cache_K-2015.06-SP1/DW01/DW01_inc/rpl/4/osu05_stdcells_3439/element.ddc
/home/ecegrid/a/mg85/synopsys_cache_K-2015.06-SP1/DW01/DW_cmp/apparch/4/osu05_stdcells_3439/8167_5818/mapped.ddc
/home/ecegrid/a/mg85/synopsys_cache_K-2015.06-SP1/DW01/DW01_sub/rpl/4/osu05_stdcells_3439/element.ddc
/home/ecegrid/a/mg85/synopsys_cache_K-2015.06-SP1/DW01/DW_cmp/apparch/3/osu05_stdcells_3439/8167_5818/mapped.ddc
/home/ecegrid/a/mg85/synopsys_cache_K-2015.06-SP1/DW01/DW01_inc/rpl/2/osu05_stdcells_3439/element.ddc
/home/ecegrid/a/mg85/synopsys_cache_K-2015.06-SP1/DW01/DW01_cmp6/rpl/2/osu05_stdcells_3439/element.ddc
/home/ecegrid/a/mg85/synopsys_cache_K-2015.06-SP1/DW01/DW01_inc/rpl/3/osu05_stdcells_3439/element.ddc
/home/ecegrid/a/mg85/synopsys_cache_K-2015.06-SP1/DW01/DW01_cmp6/rpl/3/osu05_stdcells_3439/element.ddc
/home/ecegrid/a/mg85/synopsys_cache_K-2015.06-SP1/DW01/DW_cmp/apparch/2/osu05_stdcells_3439/8167_5818/mapped.ddc
/package/eda/cells/OSU/v2.7/synopsys/lib/ami05/osu05_stdcells.db
