Synthesizing design: inv_mix_columns.sv
dc_shell-t -x "source -echo do_mapping.tcl"
                                        
                           Design Compiler Graphical 
                                 DC Ultra (TM)
                                  DFTMAX (TM)
                              Power Compiler (TM)
                                 DesignWare (R)
                                 DC Expert (TM)
                               Design Vision (TM)
                               HDL Compiler (TM)
                               VHDL Compiler (TM)
                                  DFT Compiler
                               Design Compiler(R)
                                        
               Version K-2015.06-SP1 for linux64 - Jul 21, 2015 
                                        
                    Copyright (c) 1988 - 2015 Synopsys, Inc.
   This software and the associated documentation are proprietary to Synopsys,
 Inc. This software may only be used in accordance with the terms and conditions
 of a written license agreement with Synopsys, Inc. All other use, reproduction,
            or distribution of this software is strictly prohibited.
Initializing...
Initializing gui preferences from file  /home/ecegrid/a/mg85/.synopsys_dv_prefs.tcl
# Step 1:  Read in the source file
analyze -format sverilog -lib WORK { inv_mix_columns.sv}
Running PRESTO HDLC
Compiling source file ./inv_mix_columns.sv
Presto compilation completed successfully.
Loading db file '/package/eda/cells/OSU/v2.7/synopsys/lib/ami05/osu05_stdcells.db'
Loading db file '/package/eda/synopsys/syn-K-2015.06-SP1/libraries/syn/dw_foundation.sldb'
elaborate inv_mix_columns -lib WORK
Loading db file '/package/eda/synopsys/syn-K-2015.06-SP1/libraries/syn/gtech.db'
Loading db file '/package/eda/synopsys/syn-K-2015.06-SP1/libraries/syn/standard.sldb'
  Loading link library 'osu05_stdcells'
  Loading link library 'gtech'
Running PRESTO HDLC
Presto compilation completed successfully.
Elaborated 1 design.
Current design is now 'inv_mix_columns'.
Information: Building the design 'mix_columns_byte'. (HDL-193)
Warning: Cannot find the design 'mix_columns_byte' in the library 'WORK'. (LBR-1)
Warning: Design 'inv_mix_columns' has '1' unresolved references. For more detailed information, use the "link" command. (UID-341)
uniquify
Warning: Design 'inv_mix_columns' has '1' unresolved references. For more detailed information, use the "link" command. (UID-341)
# Step 2: Set design constraints
# Uncomment below to set timing, area, power, etc. constraints
# set_max_delay <delay> -from "<input>" -to "<output>"
# set_max_area <area>
# set_max_total_power <power> mW
create_clock "clk" -name "clk" -period 5.0
Warning: Can't find object 'clk' in design 'inv_mix_columns'. (UID-95)
Error: Value for list 'source_objects' must have 1 elements. (CMD-036)
# Step 3: Compile the design
compile -map_effort medium
Warning: Design 'inv_mix_columns' has '1' unresolved references. For more detailed information, use the "link" command. (UID-341)
Information: Evaluating DesignWare library utilization. (UISN-27)

============================================================================
| DesignWare Building Block Library  |         Version         | Available |
============================================================================
| Basic DW Building Blocks           | K-2015.06-DWBB_201506.1 |     *     |
| Licensed DW Building Blocks        | K-2015.06-DWBB_201506.1 |           |
============================================================================


Information: There are 132 potential problems in your design. Please run 'check_design' for more information. (LINT-99)



  Beginning Pass 1 Mapping
  ------------------------
  Processing 'inv_mix_columns'
Information: Building the design 'mix_columns_byte'. (HDL-193)
Warning: Cannot find the design 'mix_columns_byte' in the library 'WORK'. (LBR-1)
Warning: Unable to resolve reference 'mix_columns_byte' in 'inv_mix_columns'. (LINK-5)

  Updating timing information
Information: Updating design information... (UID-85)
Information: Design 'inv_mix_columns' has no optimization constraints set. (OPT-108)

  Beginning Mapping Optimizations  (Medium effort)
  -------------------------------

                                  TOTAL                                      
   ELAPSED            WORST NEG   SETUP    DESIGN                            
    TIME      AREA      SLACK     COST    RULE COST         ENDPOINT         
  --------- --------- --------- --------- --------- -------------------------
    0:00:00       0.0      0.00       0.0       0.0                          
    0:00:00       0.0      0.00       0.0       0.0                          
    0:00:00       0.0      0.00       0.0       0.0                          
    0:00:00       0.0      0.00       0.0       0.0                          
    0:00:00       0.0      0.00       0.0       0.0                          
    0:00:00       0.0      0.00       0.0       0.0                          
    0:00:00       0.0      0.00       0.0       0.0                          
    0:00:00       0.0      0.00       0.0       0.0                          
    0:00:00       0.0      0.00       0.0       0.0                          
    0:00:00       0.0      0.00       0.0       0.0                          
    0:00:00       0.0      0.00       0.0       0.0                          
    0:00:00       0.0      0.00       0.0       0.0                          



  Beginning Delay Optimization Phase
  ----------------------------------

                                  TOTAL                                      
   ELAPSED            WORST NEG   SETUP    DESIGN                            
    TIME      AREA      SLACK     COST    RULE COST         ENDPOINT         
  --------- --------- --------- --------- --------- -------------------------
    0:00:00       0.0      0.00       0.0       0.0                          
    0:00:00       0.0      0.00       0.0       0.0                          
    0:00:00       0.0      0.00       0.0       0.0                          


  Beginning Area-Recovery Phase  (cleanup)
  -----------------------------

                                  TOTAL                                      
   ELAPSED            WORST NEG   SETUP    DESIGN                            
    TIME      AREA      SLACK     COST    RULE COST         ENDPOINT         
  --------- --------- --------- --------- --------- -------------------------
    0:00:00       0.0      0.00       0.0       0.0                          
    0:00:00       0.0      0.00       0.0       0.0                          
    0:00:00       0.0      0.00       0.0       0.0                          
    0:00:00       0.0      0.00       0.0       0.0                          
    0:00:00       0.0      0.00       0.0       0.0                          
    0:00:00       0.0      0.00       0.0       0.0                          
    0:00:00       0.0      0.00       0.0       0.0                          
    0:00:00       0.0      0.00       0.0       0.0                          
    0:00:00       0.0      0.00       0.0       0.0                          
    0:00:00       0.0      0.00       0.0       0.0                          
    0:00:00       0.0      0.00       0.0       0.0                          
Loading db file '/package/eda/cells/OSU/v2.7/synopsys/lib/ami05/osu05_stdcells.db'


Note: Symbol # after min delay cost means estimated hold TNS across all active scenarios 


  Optimization Complete
  ---------------------
# Step 4: Output reports
report_timing -path full -delay max -max_paths 1 -nworst 1 > reports/inv_mix_columns.rep
report_area >> reports/inv_mix_columns.rep
report_power -hier >> reports/inv_mix_columns.rep
# Step 5: Output final VHDL and Verilog files
write_file -format verilog -hierarchy -output "mapped/inv_mix_columns.v"
Warning: Design 'inv_mix_columns' has '1' unresolved references. For more detailed information, use the "link" command. (UID-341)
Writing verilog file '/home/ecegrid/a/mg85/ece337/337Project/mapped/inv_mix_columns.v'.
echo "\nScript Done\n"

Script Done

echo "\nChecking Design\n"

Checking Design

check_design
Warning: Design 'inv_mix_columns' has '1' unresolved references. For more detailed information, use the "link" command. (UID-341)
 
****************************************
check_design summary:
Version:     K-2015.06-SP1
Date:        Mon Apr 24 23:18:29 2017
****************************************

                   Name                                            Total
--------------------------------------------------------------------------------
Inputs/Outputs                                                    128
    Multiply driven inputs (LINT-6)                               128

Nets                                                                3
    Multiply driven net with constant driver (LINT-54)              3

Tristate                                                            3
    A tristate bus has a non tri-state driver (LINT-34)             3
--------------------------------------------------------------------------------

Warning: In design 'inv_mix_columns', input port 'i_data[127]' drives wired logic; the port direction may have been specified incorrectly. (LINT-6)
Warning: In design 'inv_mix_columns', input port 'i_data[126]' drives wired logic; the port direction may have been specified incorrectly. (LINT-6)
Warning: In design 'inv_mix_columns', input port 'i_data[125]' drives wired logic; the port direction may have been specified incorrectly. (LINT-6)
Warning: In design 'inv_mix_columns', input port 'i_data[124]' drives wired logic; the port direction may have been specified incorrectly. (LINT-6)
Warning: In design 'inv_mix_columns', input port 'i_data[123]' drives wired logic; the port direction may have been specified incorrectly. (LINT-6)
Warning: In design 'inv_mix_columns', input port 'i_data[122]' drives wired logic; the port direction may have been specified incorrectly. (LINT-6)
Warning: In design 'inv_mix_columns', input port 'i_data[121]' drives wired logic; the port direction may have been specified incorrectly. (LINT-6)
Warning: In design 'inv_mix_columns', input port 'i_data[120]' drives wired logic; the port direction may have been specified incorrectly. (LINT-6)
Warning: In design 'inv_mix_columns', input port 'i_data[119]' drives wired logic; the port direction may have been specified incorrectly. (LINT-6)
Warning: In design 'inv_mix_columns', input port 'i_data[118]' drives wired logic; the port direction may have been specified incorrectly. (LINT-6)
Warning: In design 'inv_mix_columns', input port 'i_data[117]' drives wired logic; the port direction may have been specified incorrectly. (LINT-6)
Warning: In design 'inv_mix_columns', input port 'i_data[116]' drives wired logic; the port direction may have been specified incorrectly. (LINT-6)
Warning: In design 'inv_mix_columns', input port 'i_data[115]' drives wired logic; the port direction may have been specified incorrectly. (LINT-6)
Warning: In design 'inv_mix_columns', input port 'i_data[114]' drives wired logic; the port direction may have been specified incorrectly. (LINT-6)
Warning: In design 'inv_mix_columns', input port 'i_data[113]' drives wired logic; the port direction may have been specified incorrectly. (LINT-6)
Warning: In design 'inv_mix_columns', input port 'i_data[112]' drives wired logic; the port direction may have been specified incorrectly. (LINT-6)
Warning: In design 'inv_mix_columns', input port 'i_data[111]' drives wired logic; the port direction may have been specified incorrectly. (LINT-6)
Warning: In design 'inv_mix_columns', input port 'i_data[110]' drives wired logic; the port direction may have been specified incorrectly. (LINT-6)
Warning: In design 'inv_mix_columns', input port 'i_data[109]' drives wired logic; the port direction may have been specified incorrectly. (LINT-6)
Warning: In design 'inv_mix_columns', input port 'i_data[108]' drives wired logic; the port direction may have been specified incorrectly. (LINT-6)
Warning: In design 'inv_mix_columns', input port 'i_data[107]' drives wired logic; the port direction may have been specified incorrectly. (LINT-6)
Warning: In design 'inv_mix_columns', input port 'i_data[106]' drives wired logic; the port direction may have been specified incorrectly. (LINT-6)
Warning: In design 'inv_mix_columns', input port 'i_data[105]' drives wired logic; the port direction may have been specified incorrectly. (LINT-6)
Warning: In design 'inv_mix_columns', input port 'i_data[104]' drives wired logic; the port direction may have been specified incorrectly. (LINT-6)
Warning: In design 'inv_mix_columns', input port 'i_data[103]' drives wired logic; the port direction may have been specified incorrectly. (LINT-6)
Warning: In design 'inv_mix_columns', input port 'i_data[102]' drives wired logic; the port direction may have been specified incorrectly. (LINT-6)
Warning: In design 'inv_mix_columns', input port 'i_data[101]' drives wired logic; the port direction may have been specified incorrectly. (LINT-6)
Warning: In design 'inv_mix_columns', input port 'i_data[100]' drives wired logic; the port direction may have been specified incorrectly. (LINT-6)
Warning: In design 'inv_mix_columns', input port 'i_data[99]' drives wired logic; the port direction may have been specified incorrectly. (LINT-6)
Warning: In design 'inv_mix_columns', input port 'i_data[98]' drives wired logic; the port direction may have been specified incorrectly. (LINT-6)
Warning: In design 'inv_mix_columns', input port 'i_data[97]' drives wired logic; the port direction may have been specified incorrectly. (LINT-6)
Warning: In design 'inv_mix_columns', input port 'i_data[96]' drives wired logic; the port direction may have been specified incorrectly. (LINT-6)
Warning: In design 'inv_mix_columns', input port 'i_data[95]' drives wired logic; the port direction may have been specified incorrectly. (LINT-6)
Warning: In design 'inv_mix_columns', input port 'i_data[94]' drives wired logic; the port direction may have been specified incorrectly. (LINT-6)
Warning: In design 'inv_mix_columns', input port 'i_data[93]' drives wired logic; the port direction may have been specified incorrectly. (LINT-6)
Warning: In design 'inv_mix_columns', input port 'i_data[92]' drives wired logic; the port direction may have been specified incorrectly. (LINT-6)
Warning: In design 'inv_mix_columns', input port 'i_data[91]' drives wired logic; the port direction may have been specified incorrectly. (LINT-6)
Warning: In design 'inv_mix_columns', input port 'i_data[90]' drives wired logic; the port direction may have been specified incorrectly. (LINT-6)
Warning: In design 'inv_mix_columns', input port 'i_data[89]' drives wired logic; the port direction may have been specified incorrectly. (LINT-6)
Warning: In design 'inv_mix_columns', input port 'i_data[88]' drives wired logic; the port direction may have been specified incorrectly. (LINT-6)
Warning: In design 'inv_mix_columns', input port 'i_data[87]' drives wired logic; the port direction may have been specified incorrectly. (LINT-6)
Warning: In design 'inv_mix_columns', input port 'i_data[86]' drives wired logic; the port direction may have been specified incorrectly. (LINT-6)
Warning: In design 'inv_mix_columns', input port 'i_data[85]' drives wired logic; the port direction may have been specified incorrectly. (LINT-6)
Warning: In design 'inv_mix_columns', input port 'i_data[84]' drives wired logic; the port direction may have been specified incorrectly. (LINT-6)
Warning: In design 'inv_mix_columns', input port 'i_data[83]' drives wired logic; the port direction may have been specified incorrectly. (LINT-6)
Warning: In design 'inv_mix_columns', input port 'i_data[82]' drives wired logic; the port direction may have been specified incorrectly. (LINT-6)
Warning: In design 'inv_mix_columns', input port 'i_data[81]' drives wired logic; the port direction may have been specified incorrectly. (LINT-6)
Warning: In design 'inv_mix_columns', input port 'i_data[80]' drives wired logic; the port direction may have been specified incorrectly. (LINT-6)
Warning: In design 'inv_mix_columns', input port 'i_data[79]' drives wired logic; the port direction may have been specified incorrectly. (LINT-6)
Warning: In design 'inv_mix_columns', input port 'i_data[78]' drives wired logic; the port direction may have been specified incorrectly. (LINT-6)
Warning: In design 'inv_mix_columns', input port 'i_data[77]' drives wired logic; the port direction may have been specified incorrectly. (LINT-6)
Warning: In design 'inv_mix_columns', input port 'i_data[76]' drives wired logic; the port direction may have been specified incorrectly. (LINT-6)
Warning: In design 'inv_mix_columns', input port 'i_data[75]' drives wired logic; the port direction may have been specified incorrectly. (LINT-6)
Warning: In design 'inv_mix_columns', input port 'i_data[74]' drives wired logic; the port direction may have been specified incorrectly. (LINT-6)
Warning: In design 'inv_mix_columns', input port 'i_data[73]' drives wired logic; the port direction may have been specified incorrectly. (LINT-6)
Warning: In design 'inv_mix_columns', input port 'i_data[72]' drives wired logic; the port direction may have been specified incorrectly. (LINT-6)
Warning: In design 'inv_mix_columns', input port 'i_data[71]' drives wired logic; the port direction may have been specified incorrectly. (LINT-6)
Warning: In design 'inv_mix_columns', input port 'i_data[70]' drives wired logic; the port direction may have been specified incorrectly. (LINT-6)
Warning: In design 'inv_mix_columns', input port 'i_data[69]' drives wired logic; the port direction may have been specified incorrectly. (LINT-6)
Warning: In design 'inv_mix_columns', input port 'i_data[68]' drives wired logic; the port direction may have been specified incorrectly. (LINT-6)
Warning: In design 'inv_mix_columns', input port 'i_data[67]' drives wired logic; the port direction may have been specified incorrectly. (LINT-6)
Warning: In design 'inv_mix_columns', input port 'i_data[66]' drives wired logic; the port direction may have been specified incorrectly. (LINT-6)
Warning: In design 'inv_mix_columns', input port 'i_data[65]' drives wired logic; the port direction may have been specified incorrectly. (LINT-6)
Warning: In design 'inv_mix_columns', input port 'i_data[64]' drives wired logic; the port direction may have been specified incorrectly. (LINT-6)
Warning: In design 'inv_mix_columns', input port 'i_data[63]' drives wired logic; the port direction may have been specified incorrectly. (LINT-6)
Warning: In design 'inv_mix_columns', input port 'i_data[62]' drives wired logic; the port direction may have been specified incorrectly. (LINT-6)
Warning: In design 'inv_mix_columns', input port 'i_data[61]' drives wired logic; the port direction may have been specified incorrectly. (LINT-6)
Warning: In design 'inv_mix_columns', input port 'i_data[60]' drives wired logic; the port direction may have been specified incorrectly. (LINT-6)
Warning: In design 'inv_mix_columns', input port 'i_data[59]' drives wired logic; the port direction may have been specified incorrectly. (LINT-6)
Warning: In design 'inv_mix_columns', input port 'i_data[58]' drives wired logic; the port direction may have been specified incorrectly. (LINT-6)
Warning: In design 'inv_mix_columns', input port 'i_data[57]' drives wired logic; the port direction may have been specified incorrectly. (LINT-6)
Warning: In design 'inv_mix_columns', input port 'i_data[56]' drives wired logic; the port direction may have been specified incorrectly. (LINT-6)
Warning: In design 'inv_mix_columns', input port 'i_data[55]' drives wired logic; the port direction may have been specified incorrectly. (LINT-6)
Warning: In design 'inv_mix_columns', input port 'i_data[54]' drives wired logic; the port direction may have been specified incorrectly. (LINT-6)
Warning: In design 'inv_mix_columns', input port 'i_data[53]' drives wired logic; the port direction may have been specified incorrectly. (LINT-6)
Warning: In design 'inv_mix_columns', input port 'i_data[52]' drives wired logic; the port direction may have been specified incorrectly. (LINT-6)
Warning: In design 'inv_mix_columns', input port 'i_data[51]' drives wired logic; the port direction may have been specified incorrectly. (LINT-6)
Warning: In design 'inv_mix_columns', input port 'i_data[50]' drives wired logic; the port direction may have been specified incorrectly. (LINT-6)
Warning: In design 'inv_mix_columns', input port 'i_data[49]' drives wired logic; the port direction may have been specified incorrectly. (LINT-6)
Warning: In design 'inv_mix_columns', input port 'i_data[48]' drives wired logic; the port direction may have been specified incorrectly. (LINT-6)
Warning: In design 'inv_mix_columns', input port 'i_data[47]' drives wired logic; the port direction may have been specified incorrectly. (LINT-6)
Warning: In design 'inv_mix_columns', input port 'i_data[46]' drives wired logic; the port direction may have been specified incorrectly. (LINT-6)
Warning: In design 'inv_mix_columns', input port 'i_data[45]' drives wired logic; the port direction may have been specified incorrectly. (LINT-6)
Warning: In design 'inv_mix_columns', input port 'i_data[44]' drives wired logic; the port direction may have been specified incorrectly. (LINT-6)
Warning: In design 'inv_mix_columns', input port 'i_data[43]' drives wired logic; the port direction may have been specified incorrectly. (LINT-6)
Warning: In design 'inv_mix_columns', input port 'i_data[42]' drives wired logic; the port direction may have been specified incorrectly. (LINT-6)
Warning: In design 'inv_mix_columns', input port 'i_data[41]' drives wired logic; the port direction may have been specified incorrectly. (LINT-6)
Warning: In design 'inv_mix_columns', input port 'i_data[40]' drives wired logic; the port direction may have been specified incorrectly. (LINT-6)
Warning: In design 'inv_mix_columns', input port 'i_data[39]' drives wired logic; the port direction may have been specified incorrectly. (LINT-6)
Warning: In design 'inv_mix_columns', input port 'i_data[38]' drives wired logic; the port direction may have been specified incorrectly. (LINT-6)
Warning: In design 'inv_mix_columns', input port 'i_data[37]' drives wired logic; the port direction may have been specified incorrectly. (LINT-6)
Warning: In design 'inv_mix_columns', input port 'i_data[36]' drives wired logic; the port direction may have been specified incorrectly. (LINT-6)
Warning: In design 'inv_mix_columns', input port 'i_data[35]' drives wired logic; the port direction may have been specified incorrectly. (LINT-6)
Warning: In design 'inv_mix_columns', input port 'i_data[34]' drives wired logic; the port direction may have been specified incorrectly. (LINT-6)
Warning: In design 'inv_mix_columns', input port 'i_data[33]' drives wired logic; the port direction may have been specified incorrectly. (LINT-6)
Warning: In design 'inv_mix_columns', input port 'i_data[32]' drives wired logic; the port direction may have been specified incorrectly. (LINT-6)
Warning: In design 'inv_mix_columns', input port 'i_data[31]' drives wired logic; the port direction may have been specified incorrectly. (LINT-6)
Warning: In design 'inv_mix_columns', input port 'i_data[30]' drives wired logic; the port direction may have been specified incorrectly. (LINT-6)
Warning: In design 'inv_mix_columns', input port 'i_data[29]' drives wired logic; the port direction may have been specified incorrectly. (LINT-6)
Warning: In design 'inv_mix_columns', input port 'i_data[28]' drives wired logic; the port direction may have been specified incorrectly. (LINT-6)
Warning: In design 'inv_mix_columns', input port 'i_data[27]' drives wired logic; the port direction may have been specified incorrectly. (LINT-6)
Warning: In design 'inv_mix_columns', input port 'i_data[26]' drives wired logic; the port direction may have been specified incorrectly. (LINT-6)
Warning: In design 'inv_mix_columns', input port 'i_data[25]' drives wired logic; the port direction may have been specified incorrectly. (LINT-6)
Warning: In design 'inv_mix_columns', input port 'i_data[24]' drives wired logic; the port direction may have been specified incorrectly. (LINT-6)
Warning: In design 'inv_mix_columns', input port 'i_data[23]' drives wired logic; the port direction may have been specified incorrectly. (LINT-6)
Warning: In design 'inv_mix_columns', input port 'i_data[22]' drives wired logic; the port direction may have been specified incorrectly. (LINT-6)
Warning: In design 'inv_mix_columns', input port 'i_data[21]' drives wired logic; the port direction may have been specified incorrectly. (LINT-6)
Warning: In design 'inv_mix_columns', input port 'i_data[20]' drives wired logic; the port direction may have been specified incorrectly. (LINT-6)
Warning: In design 'inv_mix_columns', input port 'i_data[19]' drives wired logic; the port direction may have been specified incorrectly. (LINT-6)
Warning: In design 'inv_mix_columns', input port 'i_data[18]' drives wired logic; the port direction may have been specified incorrectly. (LINT-6)
Warning: In design 'inv_mix_columns', input port 'i_data[17]' drives wired logic; the port direction may have been specified incorrectly. (LINT-6)
Warning: In design 'inv_mix_columns', input port 'i_data[16]' drives wired logic; the port direction may have been specified incorrectly. (LINT-6)
Warning: In design 'inv_mix_columns', input port 'i_data[15]' drives wired logic; the port direction may have been specified incorrectly. (LINT-6)
Warning: In design 'inv_mix_columns', input port 'i_data[14]' drives wired logic; the port direction may have been specified incorrectly. (LINT-6)
Warning: In design 'inv_mix_columns', input port 'i_data[13]' drives wired logic; the port direction may have been specified incorrectly. (LINT-6)
Warning: In design 'inv_mix_columns', input port 'i_data[12]' drives wired logic; the port direction may have been specified incorrectly. (LINT-6)
Warning: In design 'inv_mix_columns', input port 'i_data[11]' drives wired logic; the port direction may have been specified incorrectly. (LINT-6)
Warning: In design 'inv_mix_columns', input port 'i_data[10]' drives wired logic; the port direction may have been specified incorrectly. (LINT-6)
Warning: In design 'inv_mix_columns', input port 'i_data[9]' drives wired logic; the port direction may have been specified incorrectly. (LINT-6)
Warning: In design 'inv_mix_columns', input port 'i_data[8]' drives wired logic; the port direction may have been specified incorrectly. (LINT-6)
Warning: In design 'inv_mix_columns', input port 'i_data[7]' drives wired logic; the port direction may have been specified incorrectly. (LINT-6)
Warning: In design 'inv_mix_columns', input port 'i_data[6]' drives wired logic; the port direction may have been specified incorrectly. (LINT-6)
Warning: In design 'inv_mix_columns', input port 'i_data[5]' drives wired logic; the port direction may have been specified incorrectly. (LINT-6)
Warning: In design 'inv_mix_columns', input port 'i_data[4]' drives wired logic; the port direction may have been specified incorrectly. (LINT-6)
Warning: In design 'inv_mix_columns', input port 'i_data[3]' drives wired logic; the port direction may have been specified incorrectly. (LINT-6)
Warning: In design 'inv_mix_columns', input port 'i_data[2]' drives wired logic; the port direction may have been specified incorrectly. (LINT-6)
Warning: In design 'inv_mix_columns', input port 'i_data[1]' drives wired logic; the port direction may have been specified incorrectly. (LINT-6)
Warning: In design 'inv_mix_columns', input port 'i_data[0]' drives wired logic; the port direction may have been specified incorrectly. (LINT-6)
Warning: In design 'inv_mix_columns', three-state bus 'net3' has non three-state driver 'C0/**logic_1**'. (LINT-34)
Warning: In design 'inv_mix_columns', three-state bus '*Logic0*' has non three-state driver 'U2/**logic_0**'. (LINT-34)
Warning: In design 'inv_mix_columns', three-state bus '*Logic1*' has non three-state driver 'U1/**logic_1**'. (LINT-34)
Warning: In design 'inv_mix_columns', multiply-driven net 'net3' is driven by constant 1. (LINT-54)
Warning: In design 'inv_mix_columns', multiply-driven net '*Logic0*' is driven by constant 0. (LINT-54)
Warning: In design 'inv_mix_columns', multiply-driven net '*Logic1*' is driven by constant 1. (LINT-54)
quit

Thank you...
Done


