Synthesizing design: MCU.sv
dc_shell-t -x "source -echo do_mapping.tcl"
                                        
                           Design Compiler Graphical 
                                 DC Ultra (TM)
                                  DFTMAX (TM)
                              Power Compiler (TM)
                                 DesignWare (R)
                                 DC Expert (TM)
                               Design Vision (TM)
                               HDL Compiler (TM)
                               VHDL Compiler (TM)
                                  DFT Compiler
                               Design Compiler(R)
                                        
               Version K-2015.06-SP1 for linux64 - Jul 21, 2015 
                                        
                    Copyright (c) 1988 - 2015 Synopsys, Inc.
   This software and the associated documentation are proprietary to Synopsys,
 Inc. This software may only be used in accordance with the terms and conditions
 of a written license agreement with Synopsys, Inc. All other use, reproduction,
            or distribution of this software is strictly prohibited.
Initializing...
Initializing gui preferences from file  /home/ecegrid/a/mg85/.synopsys_dv_prefs.tcl
# Step 1:  Read in the source file
analyze -format sverilog -lib WORK { MCU.sv}
Running PRESTO HDLC
Compiling source file ./source/MCU.sv
Warning:  ./source/MCU.sv:116: the undeclared symbol 'read_fifo_KeyGen' assumed to have the default net type, which is 'wire'. (VER-936)
Presto compilation completed successfully.
Loading db file '/package/eda/cells/OSU/v2.7/synopsys/lib/ami05/osu05_stdcells.db'
Loading db file '/package/eda/synopsys/syn-K-2015.06-SP1/libraries/syn/dw_foundation.sldb'
elaborate MCU -lib WORK
Loading db file '/package/eda/synopsys/syn-K-2015.06-SP1/libraries/syn/gtech.db'
Loading db file '/package/eda/synopsys/syn-K-2015.06-SP1/libraries/syn/standard.sldb'
  Loading link library 'osu05_stdcells'
  Loading link library 'gtech'
Running PRESTO HDLC

Statistics for case statements in always block at line 66 in file
	'./source/MCU.sv'
===============================================
|           Line           |  full/ parallel  |
===============================================
|            69            |     no/auto      |
===============================================

Inferred memory devices in process
	in routine MCU line 49 in file
		'./source/MCU.sv'.
===============================================================================
|    Register Name    |   Type    | Width | Bus | MB | AR | AS | SR | SS | ST |
===============================================================================
|   status_bits_reg   | Flip-flop |   3   |  Y  | N  | Y  | N  | N  | N  | N  |
|   status_bits_reg   | Flip-flop |   1   |  N  | N  | N  | Y  | N  | N  | N  |
|      state_reg      | Flip-flop |   4   |  Y  | N  | Y  | N  | N  | N  | N  |
| flagKeyGenDone_reg  | Flip-flop |   1   |  N  | N  | Y  | N  | N  | N  | N  |
===============================================================================
Presto compilation completed successfully.
Elaborated 1 design.
Current design is now 'MCU'.
uniquify
# Step 2: Set design constraints
# Uncomment below to set timing, area, power, etc. constraints
# set_max_delay <delay> -from "<input>" -to "<output>"
# set_max_area <area>
# set_max_total_power <power> mW
create_clock "HCLK" -name "HCLK" -period 5.0
Warning: Can't find object 'HCLK' in design 'MCU'. (UID-95)
Error: Value for list 'source_objects' must have 1 elements. (CMD-036)
# Step 3: Compile the design
#compile -map_effort high -incremental_mapping
compile -map_effort medium
Information: Evaluating DesignWare library utilization. (UISN-27)

============================================================================
| DesignWare Building Block Library  |         Version         | Available |
============================================================================
| Basic DW Building Blocks           | K-2015.06-DWBB_201506.1 |     *     |
| Licensed DW Building Blocks        | K-2015.06-DWBB_201506.1 |           |
============================================================================


Information: There are 3 potential problems in your design. Please run 'check_design' for more information. (LINT-99)



  Beginning Pass 1 Mapping
  ------------------------
  Processing 'MCU'

  Updating timing information
Information: Updating design information... (UID-85)
Information: Design 'MCU' has no optimization constraints set. (OPT-108)

  Beginning Mapping Optimizations  (Medium effort)
  -------------------------------
  Structuring 'MCU'
  Mapping 'MCU'

                                  TOTAL                                      
   ELAPSED            WORST NEG   SETUP    DESIGN                            
    TIME      AREA      SLACK     COST    RULE COST         ENDPOINT         
  --------- --------- --------- --------- --------- -------------------------
    0:00:00   23796.0      0.00       0.0       0.0                          
    0:00:00   23796.0      0.00       0.0       0.0                          
    0:00:00   23796.0      0.00       0.0       0.0                          
    0:00:00   23796.0      0.00       0.0       0.0                          
    0:00:00   23796.0      0.00       0.0       0.0                          
    0:00:00   23796.0      0.00       0.0       0.0                          
    0:00:00   23796.0      0.00       0.0       0.0                          
    0:00:00   23796.0      0.00       0.0       0.0                          
    0:00:00   23796.0      0.00       0.0       0.0                          
    0:00:00   23796.0      0.00       0.0       0.0                          
    0:00:00   23796.0      0.00       0.0       0.0                          
    0:00:00   23796.0      0.00       0.0       0.0                          



  Beginning Delay Optimization Phase
  ----------------------------------

                                  TOTAL                                      
   ELAPSED            WORST NEG   SETUP    DESIGN                            
    TIME      AREA      SLACK     COST    RULE COST         ENDPOINT         
  --------- --------- --------- --------- --------- -------------------------
    0:00:00   23796.0      0.00       0.0       0.0                          
    0:00:00   23796.0      0.00       0.0       0.0                          
    0:00:00   23796.0      0.00       0.0       0.0                          


  Beginning Area-Recovery Phase  (cleanup)
  -----------------------------

                                  TOTAL                                      
   ELAPSED            WORST NEG   SETUP    DESIGN                            
    TIME      AREA      SLACK     COST    RULE COST         ENDPOINT         
  --------- --------- --------- --------- --------- -------------------------
    0:00:00   23796.0      0.00       0.0       0.0                          
    0:00:00   23796.0      0.00       0.0       0.0                          
    0:00:00   23796.0      0.00       0.0       0.0                          
    0:00:00   23796.0      0.00       0.0       0.0                          
    0:00:00   23796.0      0.00       0.0       0.0                          
    0:00:00   23796.0      0.00       0.0       0.0                          
    0:00:00   23796.0      0.00       0.0       0.0                          
    0:00:00   23796.0      0.00       0.0       0.0                          
    0:00:00   23796.0      0.00       0.0       0.0                          
    0:00:00   23796.0      0.00       0.0       0.0                          
    0:00:00   23796.0      0.00       0.0       0.0                          
Loading db file '/package/eda/cells/OSU/v2.7/synopsys/lib/ami05/osu05_stdcells.db'


Note: Symbol # after min delay cost means estimated hold TNS across all active scenarios 


  Optimization Complete
  ---------------------
# Step 4: Output reports
report_timing -path full -delay max -max_paths 1 -nworst 1 > reports/MCU.rep
report_area >> reports/MCU.rep
report_power -hier >> reports/MCU.rep
# Step 5: Output final VHDL and Verilog files
write_file -format verilog -hierarchy -output "mapped/MCU.v"
Writing verilog file '/home/ecegrid/a/mg85/ece337/337Project/mapped/MCU.v'.
Warning: Verilog 'assign' or 'tran' statements are written out. (VO-4)
echo "\nScript Done\n"

Script Done

echo "\nChecking Design\n"

Checking Design

check_design
 
****************************************
check_design summary:
Version:     K-2015.06-SP1
Date:        Wed Apr 26 01:52:31 2017
****************************************

                   Name                                            Total
--------------------------------------------------------------------------------
Inputs/Outputs                                                      3
    Unconnected ports (LINT-28)                                     1
    Feedthrough (LINT-29)                                           1
    Shorted outputs (LINT-31)                                       1
--------------------------------------------------------------------------------

Warning: In design 'MCU', port 'fullTx' is not connected to any nets. (LINT-28)
Warning: In design 'MCU', input port 'data_done' is connected directly to output port 'trans_enq'. (LINT-29)
Warning: In design 'MCU', output port 'is_encrypt' is connected directly to output port 'status_bits[2]'. (LINT-31)
quit

Thank you...
Done


