Synthesizing design: mux_4bits.sv
dc_shell-t -x "source -echo do_mapping.tcl"
                                        
                           Design Compiler Graphical 
                                 DC Ultra (TM)
                                  DFTMAX (TM)
                              Power Compiler (TM)
                                 DesignWare (R)
                                 DC Expert (TM)
                               Design Vision (TM)
                               HDL Compiler (TM)
                               VHDL Compiler (TM)
                                  DFT Compiler
                               Design Compiler(R)
                                        
               Version K-2015.06-SP1 for linux64 - Jul 21, 2015 
                                        
                    Copyright (c) 1988 - 2015 Synopsys, Inc.
   This software and the associated documentation are proprietary to Synopsys,
 Inc. This software may only be used in accordance with the terms and conditions
 of a written license agreement with Synopsys, Inc. All other use, reproduction,
            or distribution of this software is strictly prohibited.
Initializing...
Initializing gui preferences from file  /home/ecegrid/a/mg85/.synopsys_dv_prefs.tcl
# Step 1:  Read in the source file
analyze -format sverilog -lib WORK { mux_4bits.sv}
Running PRESTO HDLC
Compiling source file ./source/mux_4bits.sv
Presto compilation completed successfully.
Loading db file '/package/eda/cells/OSU/v2.7/synopsys/lib/ami05/osu05_stdcells.db'
Loading db file '/package/eda/synopsys/syn-K-2015.06-SP1/libraries/syn/dw_foundation.sldb'
elaborate mux_4bits -lib WORK
Loading db file '/package/eda/synopsys/syn-K-2015.06-SP1/libraries/syn/gtech.db'
Loading db file '/package/eda/synopsys/syn-K-2015.06-SP1/libraries/syn/standard.sldb'
  Loading link library 'osu05_stdcells'
  Loading link library 'gtech'
Running PRESTO HDLC
Statistics for MUX_OPs
===========================================================
| block name/line  | Inputs | Outputs | # sel inputs | MB |
===========================================================
|   mux_4bits/8    |   4    |    1    |      2       | N  |
===========================================================
Presto compilation completed successfully.
Elaborated 1 design.
Current design is now 'mux_4bits'.
uniquify
# Step 2: Set design constraints
# Uncomment below to set timing, area, power, etc. constraints
# set_max_delay <delay> -from "<input>" -to "<output>"
# set_max_area <area>
# set_max_total_power <power> mW
create_clock "clk" -name "clk" -period 5.0
Warning: Can't find object 'clk' in design 'mux_4bits'. (UID-95)
Error: Value for list 'source_objects' must have 1 elements. (CMD-036)
# Step 3: Compile the design
compile -map_effort medium
Information: Evaluating DesignWare library utilization. (UISN-27)

============================================================================
| DesignWare Building Block Library  |         Version         | Available |
============================================================================
| Basic DW Building Blocks           | K-2015.06-DWBB_201506.1 |     *     |
| Licensed DW Building Blocks        | K-2015.06-DWBB_201506.1 |           |
============================================================================


Information: There are 7 potential problems in your design. Please run 'check_design' for more information. (LINT-99)



  Beginning Pass 1 Mapping
  ------------------------
  Processing 'mux_4bits'

  Updating timing information
Information: Updating design information... (UID-85)
Information: Design 'mux_4bits' has no optimization constraints set. (OPT-108)

  Beginning Implementation Selection
  ----------------------------------

  Beginning Mapping Optimizations  (Medium effort)
  -------------------------------
  Structuring 'mux_4bits'
  Mapping 'mux_4bits'

                                  TOTAL                                      
   ELAPSED            WORST NEG   SETUP    DESIGN                            
    TIME      AREA      SLACK     COST    RULE COST         ENDPOINT         
  --------- --------- --------- --------- --------- -------------------------
    0:00:00    1296.0      0.00       0.0       0.0                          
    0:00:00    1296.0      0.00       0.0       0.0                          
    0:00:00    1296.0      0.00       0.0       0.0                          
    0:00:00    1296.0      0.00       0.0       0.0                          
    0:00:00    1296.0      0.00       0.0       0.0                          
    0:00:00    1296.0      0.00       0.0       0.0                          
    0:00:00    1296.0      0.00       0.0       0.0                          
    0:00:00    1296.0      0.00       0.0       0.0                          
    0:00:00    1296.0      0.00       0.0       0.0                          
    0:00:00    1296.0      0.00       0.0       0.0                          
    0:00:00    1296.0      0.00       0.0       0.0                          
    0:00:00    1296.0      0.00       0.0       0.0                          



  Beginning Delay Optimization Phase
  ----------------------------------

                                  TOTAL                                      
   ELAPSED            WORST NEG   SETUP    DESIGN                            
    TIME      AREA      SLACK     COST    RULE COST         ENDPOINT         
  --------- --------- --------- --------- --------- -------------------------
    0:00:00    1296.0      0.00       0.0       0.0                          
    0:00:00    1296.0      0.00       0.0       0.0                          
    0:00:00    1296.0      0.00       0.0       0.0                          


  Beginning Area-Recovery Phase  (cleanup)
  -----------------------------

                                  TOTAL                                      
   ELAPSED            WORST NEG   SETUP    DESIGN                            
    TIME      AREA      SLACK     COST    RULE COST         ENDPOINT         
  --------- --------- --------- --------- --------- -------------------------
    0:00:00    1296.0      0.00       0.0       0.0                          
    0:00:00    1296.0      0.00       0.0       0.0                          
    0:00:00    1296.0      0.00       0.0       0.0                          
    0:00:00    1296.0      0.00       0.0       0.0                          
    0:00:00    1296.0      0.00       0.0       0.0                          
    0:00:00    1296.0      0.00       0.0       0.0                          
    0:00:00    1296.0      0.00       0.0       0.0                          
    0:00:00    1296.0      0.00       0.0       0.0                          
    0:00:00    1296.0      0.00       0.0       0.0                          
    0:00:00    1296.0      0.00       0.0       0.0                          
    0:00:00    1296.0      0.00       0.0       0.0                          
Loading db file '/package/eda/cells/OSU/v2.7/synopsys/lib/ami05/osu05_stdcells.db'


Note: Symbol # after min delay cost means estimated hold TNS across all active scenarios 


  Optimization Complete
  ---------------------
# Step 4: Output reports
report_timing -path full -delay max -max_paths 1 -nworst 1 > reports/mux_4bits.rep
report_area >> reports/mux_4bits.rep
report_power -hier >> reports/mux_4bits.rep
# Step 5: Output final VHDL and Verilog files
write_file -format verilog -hierarchy -output "mapped/mux_4bits.v"
Writing verilog file '/home/ecegrid/a/mg85/ece337/Project/mapped/mux_4bits.v'.
Warning: Verilog 'assign' or 'tran' statements are written out. (VO-4)
echo "\nScript Done\n"

Script Done

echo "\nChecking Design\n"

Checking Design

check_design
 
****************************************
check_design summary:
Version:     K-2015.06-SP1
Date:        Tue Mar 28 21:19:49 2017
****************************************

                   Name                                            Total
--------------------------------------------------------------------------------
Inputs/Outputs                                                      7
    Unconnected ports (LINT-28)                                     2
    Shorted outputs (LINT-31)                                       2
    Constant outputs (LINT-52)                                      3
--------------------------------------------------------------------------------

Warning: In design 'mux_4bits', port 'data_i[0]' is not connected to any nets. (LINT-28)
Warning: In design 'mux_4bits', port 'data_i[1]' is not connected to any nets. (LINT-28)
Warning: In design 'mux_4bits', output port 'data_o[0]' is connected directly to output port 'data_o[2]'. (LINT-31)
Warning: In design 'mux_4bits', output port 'data_o[0]' is connected directly to output port 'data_o[1]'. (LINT-31)
Warning: In design 'mux_4bits', output port 'data_o[0]' is connected directly to 'logic 0'. (LINT-52)
Warning: In design 'mux_4bits', output port 'data_o[1]' is connected directly to 'logic 0'. (LINT-52)
Warning: In design 'mux_4bits', output port 'data_o[2]' is connected directly to 'logic 0'. (LINT-52)
quit

Thank you...
Done


